[0.008s] Invoking command in '/home/dx/ws_/PikaAnyArm/build/nero_msgs': CMAKE_PREFIX_PATH=${CMAKE_PREFIX_PATH}:/home/dx/ws_/PikaAnyArm/install/piper:/opt/ros/humble /usr/bin/cmake /home/dx/ws_/PikaAnyArm/nero/nero_ros/src/nero_msgs -DCMAKE_INSTALL_PREFIX=/home/dx/ws_/PikaAnyArm/install/nero_msgs
[0.053s] -- The C compiler identification is GNU 11.4.0
[0.103s] -- The CXX compiler identification is GNU 11.4.0
[0.109s] -- Detecting C compiler ABI info
[0.166s] -- Detecting C compiler ABI info - done
[0.171s] -- Check for working C compiler: /usr/bin/cc - skipped
[0.172s] -- Detecting C compile features
[0.172s] -- Detecting C compile features - done
[0.174s] -- Detecting CXX compiler ABI info
[0.261s] -- Detecting CXX compiler ABI info - done
[0.267s] -- Check for working CXX compiler: /usr/bin/c++ - skipped
[0.267s] -- Detecting CXX compile features
[0.267s] -- Detecting CXX compile features - done
[0.269s] -- Found ament_cmake: 1.3.14 (/opt/ros/humble/share/ament_cmake/cmake)
[0.384s] -- Found Python3: /usr/bin/python3 (found version "3.10.12") found components: Interpreter 
[0.454s] -- Found rclpy: 3.3.21 (/opt/ros/humble/share/rclpy/cmake)
[0.455s] -- Found rosidl_default_generators: 1.2.1 (/opt/ros/humble/share/rosidl_default_generators/cmake)
[0.457s] -- Using all available rosidl_typesupport_c: rosidl_typesupport_fastrtps_c;rosidl_typesupport_introspection_c
[0.461s] -- Found rosidl_adapter: 3.1.8 (/opt/ros/humble/share/rosidl_adapter/cmake)
[0.486s] -- Using all available rosidl_typesupport_cpp: rosidl_typesupport_fastrtps_cpp;rosidl_typesupport_introspection_cpp
[0.698s] -- Found ament_cmake_ros: 0.10.0 (/opt/ros/humble/share/ament_cmake_ros/cmake)
[0.847s] -- Using all available rosidl_typesupport_c: rosidl_typesupport_fastrtps_c;rosidl_typesupport_introspection_c
[1.044s] -- Using all available rosidl_typesupport_cpp: rosidl_typesupport_fastrtps_cpp;rosidl_typesupport_introspection_cpp
[1.063s] -- Found PythonInterp: /usr/bin/python3 (found suitable version "3.10.12", minimum required is "3.6") 
[1.064s] -- Found python_cmake_module: 0.10.0 (/opt/ros/humble/share/python_cmake_module/cmake)
[1.086s] -- Found PythonLibs: /usr/lib/x86_64-linux-gnu/libpython3.10.so (found suitable version "3.10.12", minimum required is "3.5") 
[1.086s] -- Using PYTHON_EXECUTABLE: /usr/bin/python3
[1.087s] -- Using PYTHON_INCLUDE_DIRS: /usr/include/python3.10
[1.087s] -- Using PYTHON_LIBRARIES: /usr/lib/x86_64-linux-gnu/libpython3.10.so
[1.103s] -- Found PythonExtra: .so  
[1.179s] -- Found ament_lint_auto: 0.12.15 (/opt/ros/humble/share/ament_lint_auto/cmake)
[1.191s] -- Added test 'lint_cmake' to check CMake code style
[1.191s] -- Added test 'xmllint' to check XML markup files
[1.193s] -- Configuring done
[1.215s] -- Generating done
[1.223s] -- Build files have been written to: /home/dx/ws_/PikaAnyArm/build/nero_msgs
[1.230s] Invoked command in '/home/dx/ws_/PikaAnyArm/build/nero_msgs' returned '0': CMAKE_PREFIX_PATH=${CMAKE_PREFIX_PATH}:/home/dx/ws_/PikaAnyArm/install/piper:/opt/ros/humble /usr/bin/cmake /home/dx/ws_/PikaAnyArm/nero/nero_ros/src/nero_msgs -DCMAKE_INSTALL_PREFIX=/home/dx/ws_/PikaAnyArm/install/nero_msgs
[1.232s] Invoking command in '/home/dx/ws_/PikaAnyArm/build/nero_msgs': CMAKE_PREFIX_PATH=${CMAKE_PREFIX_PATH}:/home/dx/ws_/PikaAnyArm/install/piper:/opt/ros/humble /usr/bin/cmake --build /home/dx/ws_/PikaAnyArm/build/nero_msgs -- -j24 -l24
[1.266s] [  2%] [34m[1mGenerating C code for ROS interfaces[0m
[1.277s] [  4%] [34m[1mGenerating C++ code for ROS interfaces[0m
[1.277s] [  6%] [34m[1mGenerating Rust code for ROS interfaces[0m
[1.281s] [  6%] Built target ament_cmake_python_copy_nero_msgs
[1.450s] running egg_info
[1.450s] creating nero_msgs.egg-info
[1.450s] writing nero_msgs.egg-info/PKG-INFO
[1.451s] writing dependency_links to nero_msgs.egg-info/dependency_links.txt
[1.451s] writing top-level names to nero_msgs.egg-info/top_level.txt
[1.451s] writing manifest file 'nero_msgs.egg-info/SOURCES.txt'
[1.452s] reading manifest file 'nero_msgs.egg-info/SOURCES.txt'
[1.452s] writing manifest file 'nero_msgs.egg-info/SOURCES.txt'
[1.474s] [  6%] Built target ament_cmake_python_build_nero_msgs_egg
[1.504s] [  6%] Built target nero_msgs__rs
[1.558s] [  8%] [32mBuilding C object CMakeFiles/nero_msgs__rosidl_generator_c.dir/rosidl_generator_c/nero_msgs/msg/detail/nero_status_msg__functions.c.o[0m
[1.559s] [ 10%] [32mBuilding C object CMakeFiles/nero_msgs__rosidl_generator_c.dir/rosidl_generator_c/nero_msgs/msg/detail/pos_cmd__functions.c.o[0m
[1.559s] [ 12%] [32mBuilding C object CMakeFiles/nero_msgs__rosidl_generator_c.dir/rosidl_generator_c/nero_msgs/srv/detail/enable__functions.c.o[0m
[1.567s] [ 12%] Built target nero_msgs__cpp
[1.577s] [ 14%] [34m[1mGenerating C++ type support for eProsima Fast-RTPS[0m
[1.578s] [ 16%] [34m[1mGenerating C++ type support dispatch for ROS interfaces[0m
[1.578s] [ 18%] [34m[1mGenerating C++ introspection for ROS interfaces[0m
[1.607s] [ 20%] [32m[1mLinking C shared library libnero_msgs__rosidl_generator_c.so[0m
[1.646s] [ 20%] Built target nero_msgs__rosidl_generator_c
[1.657s] [ 22%] [34m[1mGenerating C introspection for ROS interfaces[0m
[1.657s] [ 25%] [34m[1mGenerating C type support for eProsima Fast-RTPS[0m
[1.657s] [ 27%] [34m[1mGenerating C type support dispatch for ROS interfaces[0m
[1.820s] [ 29%] [32mBuilding CXX object CMakeFiles/nero_msgs__rosidl_typesupport_cpp.dir/rosidl_typesupport_cpp/nero_msgs/srv/enable__type_support.cpp.o[0m
[1.821s] [ 33%] [32mBuilding CXX object CMakeFiles/nero_msgs__rosidl_typesupport_cpp.dir/rosidl_typesupport_cpp/nero_msgs/msg/pos_cmd__type_support.cpp.o[0m
[1.821s] [ 33%] [32mBuilding CXX object CMakeFiles/nero_msgs__rosidl_typesupport_cpp.dir/rosidl_typesupport_cpp/nero_msgs/msg/nero_status_msg__type_support.cpp.o[0m
[1.849s] [ 35%] [32mBuilding CXX object CMakeFiles/nero_msgs__rosidl_typesupport_introspection_cpp.dir/rosidl_typesupport_introspection_cpp/nero_msgs/msg/detail/pos_cmd__type_support.cpp.o[0m
[1.849s] [ 39%] [32mBuilding CXX object CMakeFiles/nero_msgs__rosidl_typesupport_introspection_cpp.dir/rosidl_typesupport_introspection_cpp/nero_msgs/srv/detail/enable__type_support.cpp.o[0m
[1.849s] [ 39%] [32mBuilding CXX object CMakeFiles/nero_msgs__rosidl_typesupport_introspection_cpp.dir/rosidl_typesupport_introspection_cpp/nero_msgs/msg/detail/nero_status_msg__type_support.cpp.o[0m
[1.876s] [ 41%] [32mBuilding CXX object CMakeFiles/nero_msgs__rosidl_typesupport_fastrtps_cpp.dir/rosidl_typesupport_fastrtps_cpp/nero_msgs/msg/detail/dds_fastrtps/pos_cmd__type_support.cpp.o[0m
[1.878s] [ 43%] [32mBuilding CXX object CMakeFiles/nero_msgs__rosidl_typesupport_fastrtps_cpp.dir/rosidl_typesupport_fastrtps_cpp/nero_msgs/msg/detail/dds_fastrtps/nero_status_msg__type_support.cpp.o[0m
[1.879s] [ 45%] [32mBuilding CXX object CMakeFiles/nero_msgs__rosidl_typesupport_fastrtps_cpp.dir/rosidl_typesupport_fastrtps_cpp/nero_msgs/srv/detail/dds_fastrtps/enable__type_support.cpp.o[0m
[1.941s] [ 52%] [32mBuilding CXX object CMakeFiles/nero_msgs__rosidl_typesupport_c.dir/rosidl_typesupport_c/nero_msgs/srv/enable__type_support.cpp.o[0m
[1.941s] [ 52%] [32mBuilding CXX object CMakeFiles/nero_msgs__rosidl_typesupport_c.dir/rosidl_typesupport_c/nero_msgs/msg/nero_status_msg__type_support.cpp.o[0m
[1.941s] [ 52%] [32mBuilding CXX object CMakeFiles/nero_msgs__rosidl_typesupport_c.dir/rosidl_typesupport_c/nero_msgs/msg/pos_cmd__type_support.cpp.o[0m
[1.957s] [ 54%] [32mBuilding C object CMakeFiles/nero_msgs__rosidl_typesupport_introspection_c.dir/rosidl_typesupport_introspection_c/nero_msgs/msg/detail/nero_status_msg__type_support.c.o[0m
[1.960s] [ 58%] [32mBuilding C object CMakeFiles/nero_msgs__rosidl_typesupport_introspection_c.dir/rosidl_typesupport_introspection_c/nero_msgs/srv/detail/enable__type_support.c.o[0m
[1.960s] [ 58%] [32mBuilding C object CMakeFiles/nero_msgs__rosidl_typesupport_introspection_c.dir/rosidl_typesupport_introspection_c/nero_msgs/msg/detail/pos_cmd__type_support.c.o[0m
[1.973s] [ 60%] [32mBuilding CXX object CMakeFiles/nero_msgs__rosidl_typesupport_fastrtps_c.dir/rosidl_typesupport_fastrtps_c/nero_msgs/msg/detail/nero_status_msg__type_support_c.cpp.o[0m
[1.973s] [ 62%] [32mBuilding CXX object CMakeFiles/nero_msgs__rosidl_typesupport_fastrtps_c.dir/rosidl_typesupport_fastrtps_c/nero_msgs/msg/detail/pos_cmd__type_support_c.cpp.o[0m
[1.974s] [ 64%] [32mBuilding CXX object CMakeFiles/nero_msgs__rosidl_typesupport_fastrtps_c.dir/rosidl_typesupport_fastrtps_c/nero_msgs/srv/detail/enable__type_support_c.cpp.o[0m
[1.983s] [ 66%] [32m[1mLinking CXX shared library libnero_msgs__rosidl_typesupport_c.so[0m
[2.002s] [ 68%] [32m[1mLinking C shared library libnero_msgs__rosidl_typesupport_introspection_c.so[0m
[2.021s] [ 68%] Built target nero_msgs__rosidl_typesupport_c
[2.029s] [ 68%] Built target nero_msgs__rosidl_typesupport_introspection_c
[2.160s] [ 70%] [32m[1mLinking CXX shared library libnero_msgs__rosidl_typesupport_cpp.so[0m
[2.206s] [ 70%] Built target nero_msgs__rosidl_typesupport_cpp
[2.268s] [ 75%] [32m[1mLinking CXX shared library libnero_msgs__rosidl_typesupport_fastrtps_c.so[0m
[2.268s] [ 75%] [32m[1mLinking CXX shared library libnero_msgs__rosidl_typesupport_introspection_cpp.so[0m
[2.293s] [ 77%] [32m[1mLinking CXX shared library libnero_msgs__rosidl_typesupport_fastrtps_cpp.so[0m
[2.303s] [ 77%] Built target nero_msgs__rosidl_typesupport_introspection_cpp
[2.330s] [ 77%] Built target nero_msgs__rosidl_typesupport_fastrtps_c
[2.356s] [ 77%] Built target nero_msgs__rosidl_typesupport_fastrtps_cpp
[2.378s] [ 77%] Built target nero_msgs
[2.407s] [ 79%] [34m[1mGenerating Python code for ROS interfaces[0m
[2.802s] [ 79%] Built target nero_msgs__py
[2.821s] [ 81%] [32mBuilding C object CMakeFiles/nero_msgs__rosidl_generator_py.dir/rosidl_generator_py/nero_msgs/msg/_nero_status_msg_s.c.o[0m
[2.821s] [ 83%] [32mBuilding C object CMakeFiles/nero_msgs__rosidl_generator_py.dir/rosidl_generator_py/nero_msgs/msg/_pos_cmd_s.c.o[0m
[2.822s] [ 85%] [32mBuilding C object CMakeFiles/nero_msgs__rosidl_generator_py.dir/rosidl_generator_py/nero_msgs/srv/_enable_s.c.o[0m
[2.907s] [ 87%] [32m[1mLinking C shared library rosidl_generator_py/nero_msgs/libnero_msgs__rosidl_generator_py.so[0m
[2.944s] [ 87%] Built target nero_msgs__rosidl_generator_py
[2.964s] [ 89%] [32mBuilding C object CMakeFiles/nero_msgs__rosidl_typesupport_fastrtps_c__pyext.dir/rosidl_generator_py/nero_msgs/_nero_msgs_s.ep.rosidl_typesupport_fastrtps_c.c.o[0m
[2.966s] [ 93%] [32mBuilding C object CMakeFiles/nero_msgs__rosidl_typesupport_c__pyext.dir/rosidl_generator_py/nero_msgs/_nero_msgs_s.ep.rosidl_typesupport_c.c.o[0m
[2.966s] [ 93%] [32mBuilding C object CMakeFiles/nero_msgs__rosidl_typesupport_introspection_c__pyext.dir/rosidl_generator_py/nero_msgs/_nero_msgs_s.ep.rosidl_typesupport_introspection_c.c.o[0m
[3.044s] [ 95%] [32m[1mLinking C shared library rosidl_generator_py/nero_msgs/nero_msgs_s__rosidl_typesupport_c.cpython-310-x86_64-linux-gnu.so[0m
[3.045s] [ 97%] [32m[1mLinking C shared library rosidl_generator_py/nero_msgs/nero_msgs_s__rosidl_typesupport_introspection_c.cpython-310-x86_64-linux-gnu.so[0m
[3.048s] [100%] [32m[1mLinking C shared library rosidl_generator_py/nero_msgs/nero_msgs_s__rosidl_typesupport_fastrtps_c.cpython-310-x86_64-linux-gnu.so[0m
[3.074s] [100%] Built target nero_msgs__rosidl_typesupport_introspection_c__pyext
[3.076s] [100%] Built target nero_msgs__rosidl_typesupport_c__pyext
[3.083s] [100%] Built target nero_msgs__rosidl_typesupport_fastrtps_c__pyext
[3.092s] Invoked command in '/home/dx/ws_/PikaAnyArm/build/nero_msgs' returned '0': CMAKE_PREFIX_PATH=${CMAKE_PREFIX_PATH}:/home/dx/ws_/PikaAnyArm/install/piper:/opt/ros/humble /usr/bin/cmake --build /home/dx/ws_/PikaAnyArm/build/nero_msgs -- -j24 -l24
[3.095s] Invoking command in '/home/dx/ws_/PikaAnyArm/build/nero_msgs': CMAKE_PREFIX_PATH=${CMAKE_PREFIX_PATH}:/home/dx/ws_/PikaAnyArm/install/piper:/opt/ros/humble /usr/bin/cmake --install /home/dx/ws_/PikaAnyArm/build/nero_msgs
[3.100s] -- Install configuration: ""
[3.100s] -- Installing: /home/dx/ws_/PikaAnyArm/install/nero_msgs/share/ament_index/resource_index/rosidl_interfaces/nero_msgs
[3.101s] -- Installing: /home/dx/ws_/PikaAnyArm/install/nero_msgs/include/nero_msgs/nero_msgs
[3.101s] -- Installing: /home/dx/ws_/PikaAnyArm/install/nero_msgs/include/nero_msgs/nero_msgs/msg
[3.101s] -- Installing: /home/dx/ws_/PikaAnyArm/install/nero_msgs/include/nero_msgs/nero_msgs/msg/pos_cmd.h
[3.101s] -- Installing: /home/dx/ws_/PikaAnyArm/install/nero_msgs/include/nero_msgs/nero_msgs/msg/nero_status_msg.h
[3.101s] -- Installing: /home/dx/ws_/PikaAnyArm/install/nero_msgs/include/nero_msgs/nero_msgs/msg/rosidl_generator_c__visibility_control.h
[3.101s] -- Installing: /home/dx/ws_/PikaAnyArm/install/nero_msgs/include/nero_msgs/nero_msgs/msg/detail
[3.101s] -- Installing: /home/dx/ws_/PikaAnyArm/install/nero_msgs/include/nero_msgs/nero_msgs/msg/detail/pos_cmd__struct.h
[3.102s] -- Installing: /home/dx/ws_/PikaAnyArm/install/nero_msgs/include/nero_msgs/nero_msgs/msg/detail/pos_cmd__functions.c
[3.102s] -- Installing: /home/dx/ws_/PikaAnyArm/install/nero_msgs/include/nero_msgs/nero_msgs/msg/detail/nero_status_msg__functions.c
[3.102s] -- Installing: /home/dx/ws_/PikaAnyArm/install/nero_msgs/include/nero_msgs/nero_msgs/msg/detail/nero_status_msg__struct.h
[3.102s] -- Installing: /home/dx/ws_/PikaAnyArm/install/nero_msgs/include/nero_msgs/nero_msgs/msg/detail/nero_status_msg__functions.h
[3.102s] -- Installing: /home/dx/ws_/PikaAnyArm/install/nero_msgs/include/nero_msgs/nero_msgs/msg/detail/pos_cmd__type_support.h
[3.102s] -- Installing: /home/dx/ws_/PikaAnyArm/install/nero_msgs/include/nero_msgs/nero_msgs/msg/detail/nero_status_msg__type_support.h
[3.102s] -- Installing: /home/dx/ws_/PikaAnyArm/install/nero_msgs/include/nero_msgs/nero_msgs/msg/detail/pos_cmd__functions.h
[3.102s] -- Installing: /home/dx/ws_/PikaAnyArm/install/nero_msgs/include/nero_msgs/nero_msgs/srv
[3.102s] -- Installing: /home/dx/ws_/PikaAnyArm/install/nero_msgs/include/nero_msgs/nero_msgs/srv/enable.h
[3.102s] -- Installing: /home/dx/ws_/PikaAnyArm/install/nero_msgs/include/nero_msgs/nero_msgs/srv/detail
[3.103s] -- Installing: /home/dx/ws_/PikaAnyArm/install/nero_msgs/include/nero_msgs/nero_msgs/srv/detail/enable__functions.c
[3.103s] -- Installing: /home/dx/ws_/PikaAnyArm/install/nero_msgs/include/nero_msgs/nero_msgs/srv/detail/enable__type_support.h
[3.103s] -- Installing: /home/dx/ws_/PikaAnyArm/install/nero_msgs/include/nero_msgs/nero_msgs/srv/detail/enable__functions.h
[3.103s] -- Installing: /home/dx/ws_/PikaAnyArm/install/nero_msgs/include/nero_msgs/nero_msgs/srv/detail/enable__struct.h
[3.103s] -- Installing: /home/dx/ws_/PikaAnyArm/install/nero_msgs/share/nero_msgs/environment/library_path.sh
[3.103s] -- Installing: /home/dx/ws_/PikaAnyArm/install/nero_msgs/share/nero_msgs/environment/library_path.dsv
[3.103s] -- Installing: /home/dx/ws_/PikaAnyArm/install/nero_msgs/lib/libnero_msgs__rosidl_generator_c.so
[3.103s] -- Set runtime path of "/home/dx/ws_/PikaAnyArm/install/nero_msgs/lib/libnero_msgs__rosidl_generator_c.so" to ""
[3.103s] -- Up-to-date: /home/dx/ws_/PikaAnyArm/install/nero_msgs/include/nero_msgs/nero_msgs
[3.103s] -- Up-to-date: /home/dx/ws_/PikaAnyArm/install/nero_msgs/include/nero_msgs/nero_msgs/msg
[3.103s] -- Up-to-date: /home/dx/ws_/PikaAnyArm/install/nero_msgs/include/nero_msgs/nero_msgs/msg/detail
[3.103s] -- Installing: /home/dx/ws_/PikaAnyArm/install/nero_msgs/include/nero_msgs/nero_msgs/msg/detail/pos_cmd__rosidl_typesupport_fastrtps_c.h
[3.103s] -- Installing: /home/dx/ws_/PikaAnyArm/install/nero_msgs/include/nero_msgs/nero_msgs/msg/detail/nero_status_msg__rosidl_typesupport_fastrtps_c.h
[3.104s] -- Installing: /home/dx/ws_/PikaAnyArm/install/nero_msgs/include/nero_msgs/nero_msgs/msg/rosidl_typesupport_fastrtps_c__visibility_control.h
[3.104s] -- Up-to-date: /home/dx/ws_/PikaAnyArm/install/nero_msgs/include/nero_msgs/nero_msgs/srv
[3.104s] -- Up-to-date: /home/dx/ws_/PikaAnyArm/install/nero_msgs/include/nero_msgs/nero_msgs/srv/detail
[3.104s] -- Installing: /home/dx/ws_/PikaAnyArm/install/nero_msgs/include/nero_msgs/nero_msgs/srv/detail/enable__rosidl_typesupport_fastrtps_c.h
[3.104s] -- Installing: /home/dx/ws_/PikaAnyArm/install/nero_msgs/lib/libnero_msgs__rosidl_typesupport_fastrtps_c.so
[3.104s] -- Set runtime path of "/home/dx/ws_/PikaAnyArm/install/nero_msgs/lib/libnero_msgs__rosidl_typesupport_fastrtps_c.so" to ""
[3.104s] -- Up-to-date: /home/dx/ws_/PikaAnyArm/install/nero_msgs/include/nero_msgs/nero_msgs
[3.104s] -- Up-to-date: /home/dx/ws_/PikaAnyArm/install/nero_msgs/include/nero_msgs/nero_msgs/msg
[3.104s] -- Installing: /home/dx/ws_/PikaAnyArm/install/nero_msgs/include/nero_msgs/nero_msgs/msg/rosidl_typesupport_introspection_c__visibility_control.h
[3.104s] -- Up-to-date: /home/dx/ws_/PikaAnyArm/install/nero_msgs/include/nero_msgs/nero_msgs/msg/detail
[3.104s] -- Installing: /home/dx/ws_/PikaAnyArm/install/nero_msgs/include/nero_msgs/nero_msgs/msg/detail/nero_status_msg__type_support.c
[3.104s] -- Installing: /home/dx/ws_/PikaAnyArm/install/nero_msgs/include/nero_msgs/nero_msgs/msg/detail/pos_cmd__type_support.c
[3.105s] -- Installing: /home/dx/ws_/PikaAnyArm/install/nero_msgs/include/nero_msgs/nero_msgs/msg/detail/nero_status_msg__rosidl_typesupport_introspection_c.h
[3.105s] -- Installing: /home/dx/ws_/PikaAnyArm/install/nero_msgs/include/nero_msgs/nero_msgs/msg/detail/pos_cmd__rosidl_typesupport_introspection_c.h
[3.105s] -- Up-to-date: /home/dx/ws_/PikaAnyArm/install/nero_msgs/include/nero_msgs/nero_msgs/srv
[3.105s] -- Up-to-date: /home/dx/ws_/PikaAnyArm/install/nero_msgs/include/nero_msgs/nero_msgs/srv/detail
[3.105s] -- Installing: /home/dx/ws_/PikaAnyArm/install/nero_msgs/include/nero_msgs/nero_msgs/srv/detail/enable__type_support.c
[3.105s] -- Installing: /home/dx/ws_/PikaAnyArm/install/nero_msgs/include/nero_msgs/nero_msgs/srv/detail/enable__rosidl_typesupport_introspection_c.h
[3.105s] -- Installing: /home/dx/ws_/PikaAnyArm/install/nero_msgs/lib/libnero_msgs__rosidl_typesupport_introspection_c.so
[3.105s] -- Set runtime path of "/home/dx/ws_/PikaAnyArm/install/nero_msgs/lib/libnero_msgs__rosidl_typesupport_introspection_c.so" to ""
[3.105s] -- Installing: /home/dx/ws_/PikaAnyArm/install/nero_msgs/lib/libnero_msgs__rosidl_typesupport_c.so
[3.105s] -- Set runtime path of "/home/dx/ws_/PikaAnyArm/install/nero_msgs/lib/libnero_msgs__rosidl_typesupport_c.so" to ""
[3.105s] -- Up-to-date: /home/dx/ws_/PikaAnyArm/install/nero_msgs/include/nero_msgs/nero_msgs
[3.105s] -- Up-to-date: /home/dx/ws_/PikaAnyArm/install/nero_msgs/include/nero_msgs/nero_msgs/msg
[3.105s] -- Installing: /home/dx/ws_/PikaAnyArm/install/nero_msgs/include/nero_msgs/nero_msgs/msg/pos_cmd.hpp
[3.106s] -- Installing: /home/dx/ws_/PikaAnyArm/install/nero_msgs/include/nero_msgs/nero_msgs/msg/rosidl_generator_cpp__visibility_control.hpp
[3.106s] -- Up-to-date: /home/dx/ws_/PikaAnyArm/install/nero_msgs/include/nero_msgs/nero_msgs/msg/detail
[3.106s] -- Installing: /home/dx/ws_/PikaAnyArm/install/nero_msgs/include/nero_msgs/nero_msgs/msg/detail/pos_cmd__struct.hpp
[3.106s] -- Installing: /home/dx/ws_/PikaAnyArm/install/nero_msgs/include/nero_msgs/nero_msgs/msg/detail/nero_status_msg__builder.hpp
[3.106s] -- Installing: /home/dx/ws_/PikaAnyArm/install/nero_msgs/include/nero_msgs/nero_msgs/msg/detail/pos_cmd__type_support.hpp
[3.106s] -- Installing: /home/dx/ws_/PikaAnyArm/install/nero_msgs/include/nero_msgs/nero_msgs/msg/detail/nero_status_msg__type_support.hpp
[3.106s] -- Installing: /home/dx/ws_/PikaAnyArm/install/nero_msgs/include/nero_msgs/nero_msgs/msg/detail/nero_status_msg__struct.hpp
[3.106s] -- Installing: /home/dx/ws_/PikaAnyArm/install/nero_msgs/include/nero_msgs/nero_msgs/msg/detail/pos_cmd__builder.hpp
[3.106s] -- Installing: /home/dx/ws_/PikaAnyArm/install/nero_msgs/include/nero_msgs/nero_msgs/msg/detail/nero_status_msg__traits.hpp
[3.106s] -- Installing: /home/dx/ws_/PikaAnyArm/install/nero_msgs/include/nero_msgs/nero_msgs/msg/detail/pos_cmd__traits.hpp
[3.106s] -- Installing: /home/dx/ws_/PikaAnyArm/install/nero_msgs/include/nero_msgs/nero_msgs/msg/nero_status_msg.hpp
[3.106s] -- Up-to-date: /home/dx/ws_/PikaAnyArm/install/nero_msgs/include/nero_msgs/nero_msgs/srv
[3.106s] -- Installing: /home/dx/ws_/PikaAnyArm/install/nero_msgs/include/nero_msgs/nero_msgs/srv/enable.hpp
[3.107s] -- Up-to-date: /home/dx/ws_/PikaAnyArm/install/nero_msgs/include/nero_msgs/nero_msgs/srv/detail
[3.107s] -- Installing: /home/dx/ws_/PikaAnyArm/install/nero_msgs/include/nero_msgs/nero_msgs/srv/detail/enable__struct.hpp
[3.107s] -- Installing: /home/dx/ws_/PikaAnyArm/install/nero_msgs/include/nero_msgs/nero_msgs/srv/detail/enable__type_support.hpp
[3.107s] -- Installing: /home/dx/ws_/PikaAnyArm/install/nero_msgs/include/nero_msgs/nero_msgs/srv/detail/enable__traits.hpp
[3.107s] -- Installing: /home/dx/ws_/PikaAnyArm/install/nero_msgs/include/nero_msgs/nero_msgs/srv/detail/enable__builder.hpp
[3.107s] -- Up-to-date: /home/dx/ws_/PikaAnyArm/install/nero_msgs/include/nero_msgs/nero_msgs
[3.107s] -- Up-to-date: /home/dx/ws_/PikaAnyArm/install/nero_msgs/include/nero_msgs/nero_msgs/msg
[3.107s] -- Installing: /home/dx/ws_/PikaAnyArm/install/nero_msgs/include/nero_msgs/nero_msgs/msg/rosidl_typesupport_fastrtps_cpp__visibility_control.h
[3.107s] -- Up-to-date: /home/dx/ws_/PikaAnyArm/install/nero_msgs/include/nero_msgs/nero_msgs/msg/detail
[3.107s] -- Installing: /home/dx/ws_/PikaAnyArm/install/nero_msgs/include/nero_msgs/nero_msgs/msg/detail/nero_status_msg__rosidl_typesupport_fastrtps_cpp.hpp
[3.107s] -- Installing: /home/dx/ws_/PikaAnyArm/install/nero_msgs/include/nero_msgs/nero_msgs/msg/detail/dds_fastrtps
[3.107s] -- Installing: /home/dx/ws_/PikaAnyArm/install/nero_msgs/include/nero_msgs/nero_msgs/msg/detail/pos_cmd__rosidl_typesupport_fastrtps_cpp.hpp
[3.107s] -- Up-to-date: /home/dx/ws_/PikaAnyArm/install/nero_msgs/include/nero_msgs/nero_msgs/srv
[3.107s] -- Up-to-date: /home/dx/ws_/PikaAnyArm/install/nero_msgs/include/nero_msgs/nero_msgs/srv/detail
[3.107s] -- Installing: /home/dx/ws_/PikaAnyArm/install/nero_msgs/include/nero_msgs/nero_msgs/srv/detail/dds_fastrtps
[3.108s] -- Installing: /home/dx/ws_/PikaAnyArm/install/nero_msgs/include/nero_msgs/nero_msgs/srv/detail/enable__rosidl_typesupport_fastrtps_cpp.hpp
[3.108s] -- Installing: /home/dx/ws_/PikaAnyArm/install/nero_msgs/lib/libnero_msgs__rosidl_typesupport_fastrtps_cpp.so
[3.108s] -- Set runtime path of "/home/dx/ws_/PikaAnyArm/install/nero_msgs/lib/libnero_msgs__rosidl_typesupport_fastrtps_cpp.so" to ""
[3.108s] -- Up-to-date: /home/dx/ws_/PikaAnyArm/install/nero_msgs/include/nero_msgs/nero_msgs
[3.108s] -- Up-to-date: /home/dx/ws_/PikaAnyArm/install/nero_msgs/include/nero_msgs/nero_msgs/msg
[3.108s] -- Up-to-date: /home/dx/ws_/PikaAnyArm/install/nero_msgs/include/nero_msgs/nero_msgs/msg/detail
[3.108s] -- Installing: /home/dx/ws_/PikaAnyArm/install/nero_msgs/include/nero_msgs/nero_msgs/msg/detail/nero_status_msg__type_support.cpp
[3.108s] -- Installing: /home/dx/ws_/PikaAnyArm/install/nero_msgs/include/nero_msgs/nero_msgs/msg/detail/nero_status_msg__rosidl_typesupport_introspection_cpp.hpp
[3.108s] -- Installing: /home/dx/ws_/PikaAnyArm/install/nero_msgs/include/nero_msgs/nero_msgs/msg/detail/pos_cmd__type_support.cpp
[3.108s] -- Installing: /home/dx/ws_/PikaAnyArm/install/nero_msgs/include/nero_msgs/nero_msgs/msg/detail/pos_cmd__rosidl_typesupport_introspection_cpp.hpp
[3.108s] -- Up-to-date: /home/dx/ws_/PikaAnyArm/install/nero_msgs/include/nero_msgs/nero_msgs/srv
[3.108s] -- Up-to-date: /home/dx/ws_/PikaAnyArm/install/nero_msgs/include/nero_msgs/nero_msgs/srv/detail
[3.108s] -- Installing: /home/dx/ws_/PikaAnyArm/install/nero_msgs/include/nero_msgs/nero_msgs/srv/detail/enable__type_support.cpp
[3.108s] -- Installing: /home/dx/ws_/PikaAnyArm/install/nero_msgs/include/nero_msgs/nero_msgs/srv/detail/enable__rosidl_typesupport_introspection_cpp.hpp
[3.108s] -- Installing: /home/dx/ws_/PikaAnyArm/install/nero_msgs/lib/libnero_msgs__rosidl_typesupport_introspection_cpp.so
[3.108s] -- Set runtime path of "/home/dx/ws_/PikaAnyArm/install/nero_msgs/lib/libnero_msgs__rosidl_typesupport_introspection_cpp.so" to ""
[3.109s] -- Installing: /home/dx/ws_/PikaAnyArm/install/nero_msgs/lib/libnero_msgs__rosidl_typesupport_cpp.so
[3.109s] -- Set runtime path of "/home/dx/ws_/PikaAnyArm/install/nero_msgs/lib/libnero_msgs__rosidl_typesupport_cpp.so" to ""
[3.109s] -- Installing: /home/dx/ws_/PikaAnyArm/install/nero_msgs/share/nero_msgs/environment/pythonpath.sh
[3.109s] -- Installing: /home/dx/ws_/PikaAnyArm/install/nero_msgs/share/nero_msgs/environment/pythonpath.dsv
[3.109s] -- Installing: /home/dx/ws_/PikaAnyArm/install/nero_msgs/local/lib/python3.10/dist-packages/nero_msgs-1.0.0-py3.10.egg-info
[3.109s] -- Installing: /home/dx/ws_/PikaAnyArm/install/nero_msgs/local/lib/python3.10/dist-packages/nero_msgs-1.0.0-py3.10.egg-info/top_level.txt
[3.109s] -- Installing: /home/dx/ws_/PikaAnyArm/install/nero_msgs/local/lib/python3.10/dist-packages/nero_msgs-1.0.0-py3.10.egg-info/PKG-INFO
[3.109s] -- Installing: /home/dx/ws_/PikaAnyArm/install/nero_msgs/local/lib/python3.10/dist-packages/nero_msgs-1.0.0-py3.10.egg-info/SOURCES.txt
[3.109s] -- Installing: /home/dx/ws_/PikaAnyArm/install/nero_msgs/local/lib/python3.10/dist-packages/nero_msgs-1.0.0-py3.10.egg-info/dependency_links.txt
[3.109s] -- Installing: /home/dx/ws_/PikaAnyArm/install/nero_msgs/local/lib/python3.10/dist-packages/nero_msgs
[3.109s] -- Installing: /home/dx/ws_/PikaAnyArm/install/nero_msgs/local/lib/python3.10/dist-packages/nero_msgs/msg
[3.109s] -- Installing: /home/dx/ws_/PikaAnyArm/install/nero_msgs/local/lib/python3.10/dist-packages/nero_msgs/msg/_nero_status_msg_s.c
[3.109s] -- Installing: /home/dx/ws_/PikaAnyArm/install/nero_msgs/local/lib/python3.10/dist-packages/nero_msgs/msg/__init__.py
[3.109s] -- Installing: /home/dx/ws_/PikaAnyArm/install/nero_msgs/local/lib/python3.10/dist-packages/nero_msgs/msg/_nero_status_msg.py
[3.109s] -- Installing: /home/dx/ws_/PikaAnyArm/install/nero_msgs/local/lib/python3.10/dist-packages/nero_msgs/msg/_pos_cmd.py
[3.109s] -- Installing: /home/dx/ws_/PikaAnyArm/install/nero_msgs/local/lib/python3.10/dist-packages/nero_msgs/msg/_pos_cmd_s.c
[3.109s] -- Installing: /home/dx/ws_/PikaAnyArm/install/nero_msgs/local/lib/python3.10/dist-packages/nero_msgs/_nero_msgs_s.ep.rosidl_typesupport_c.c
[3.110s] -- Installing: /home/dx/ws_/PikaAnyArm/install/nero_msgs/local/lib/python3.10/dist-packages/nero_msgs/srv
[3.110s] -- Installing: /home/dx/ws_/PikaAnyArm/install/nero_msgs/local/lib/python3.10/dist-packages/nero_msgs/srv/__init__.py
[3.110s] -- Installing: /home/dx/ws_/PikaAnyArm/install/nero_msgs/local/lib/python3.10/dist-packages/nero_msgs/srv/_enable_s.c
[3.110s] -- Installing: /home/dx/ws_/PikaAnyArm/install/nero_msgs/local/lib/python3.10/dist-packages/nero_msgs/srv/_enable.py
[3.110s] -- Installing: /home/dx/ws_/PikaAnyArm/install/nero_msgs/local/lib/python3.10/dist-packages/nero_msgs/__init__.py
[3.110s] -- Installing: /home/dx/ws_/PikaAnyArm/install/nero_msgs/local/lib/python3.10/dist-packages/nero_msgs/libnero_msgs__rosidl_generator_py.so
[3.110s] -- Installing: /home/dx/ws_/PikaAnyArm/install/nero_msgs/local/lib/python3.10/dist-packages/nero_msgs/nero_msgs_s__rosidl_typesupport_fastrtps_c.cpython-310-x86_64-linux-gnu.so
[3.110s] -- Installing: /home/dx/ws_/PikaAnyArm/install/nero_msgs/local/lib/python3.10/dist-packages/nero_msgs/nero_msgs_s__rosidl_typesupport_introspection_c.cpython-310-x86_64-linux-gnu.so
[3.110s] -- Installing: /home/dx/ws_/PikaAnyArm/install/nero_msgs/local/lib/python3.10/dist-packages/nero_msgs/_nero_msgs_s.ep.rosidl_typesupport_introspection_c.c
[3.110s] -- Installing: /home/dx/ws_/PikaAnyArm/install/nero_msgs/local/lib/python3.10/dist-packages/nero_msgs/nero_msgs_s__rosidl_typesupport_c.cpython-310-x86_64-linux-gnu.so
[3.110s] -- Installing: /home/dx/ws_/PikaAnyArm/install/nero_msgs/local/lib/python3.10/dist-packages/nero_msgs/_nero_msgs_s.ep.rosidl_typesupport_fastrtps_c.c
[3.134s] Listing '/home/dx/ws_/PikaAnyArm/install/nero_msgs/local/lib/python3.10/dist-packages/nero_msgs'...
[3.134s] Compiling '/home/dx/ws_/PikaAnyArm/install/nero_msgs/local/lib/python3.10/dist-packages/nero_msgs/__init__.py'...
[3.134s] Listing '/home/dx/ws_/PikaAnyArm/install/nero_msgs/local/lib/python3.10/dist-packages/nero_msgs/msg'...
[3.134s] Compiling '/home/dx/ws_/PikaAnyArm/install/nero_msgs/local/lib/python3.10/dist-packages/nero_msgs/msg/__init__.py'...
[3.134s] Compiling '/home/dx/ws_/PikaAnyArm/install/nero_msgs/local/lib/python3.10/dist-packages/nero_msgs/msg/_nero_status_msg.py'...
[3.134s] Compiling '/home/dx/ws_/PikaAnyArm/install/nero_msgs/local/lib/python3.10/dist-packages/nero_msgs/msg/_pos_cmd.py'...
[3.134s] Listing '/home/dx/ws_/PikaAnyArm/install/nero_msgs/local/lib/python3.10/dist-packages/nero_msgs/srv'...
[3.134s] Compiling '/home/dx/ws_/PikaAnyArm/install/nero_msgs/local/lib/python3.10/dist-packages/nero_msgs/srv/__init__.py'...
[3.134s] Compiling '/home/dx/ws_/PikaAnyArm/install/nero_msgs/local/lib/python3.10/dist-packages/nero_msgs/srv/_enable.py'...
[3.137s] -- Installing: /home/dx/ws_/PikaAnyArm/install/nero_msgs/local/lib/python3.10/dist-packages/nero_msgs/nero_msgs_s__rosidl_typesupport_fastrtps_c.cpython-310-x86_64-linux-gnu.so
[3.137s] -- Set runtime path of "/home/dx/ws_/PikaAnyArm/install/nero_msgs/local/lib/python3.10/dist-packages/nero_msgs/nero_msgs_s__rosidl_typesupport_fastrtps_c.cpython-310-x86_64-linux-gnu.so" to ""
[3.137s] -- Installing: /home/dx/ws_/PikaAnyArm/install/nero_msgs/local/lib/python3.10/dist-packages/nero_msgs/nero_msgs_s__rosidl_typesupport_introspection_c.cpython-310-x86_64-linux-gnu.so
[3.137s] -- Set runtime path of "/home/dx/ws_/PikaAnyArm/install/nero_msgs/local/lib/python3.10/dist-packages/nero_msgs/nero_msgs_s__rosidl_typesupport_introspection_c.cpython-310-x86_64-linux-gnu.so" to ""
[3.137s] -- Installing: /home/dx/ws_/PikaAnyArm/install/nero_msgs/local/lib/python3.10/dist-packages/nero_msgs/nero_msgs_s__rosidl_typesupport_c.cpython-310-x86_64-linux-gnu.so
[3.137s] -- Set runtime path of "/home/dx/ws_/PikaAnyArm/install/nero_msgs/local/lib/python3.10/dist-packages/nero_msgs/nero_msgs_s__rosidl_typesupport_c.cpython-310-x86_64-linux-gnu.so" to ""
[3.138s] -- Installing: /home/dx/ws_/PikaAnyArm/install/nero_msgs/lib/libnero_msgs__rosidl_generator_py.so
[3.138s] -- Set runtime path of "/home/dx/ws_/PikaAnyArm/install/nero_msgs/lib/libnero_msgs__rosidl_generator_py.so" to ""
[3.138s] -- Installing: /home/dx/ws_/PikaAnyArm/install/nero_msgs/share/ament_index/resource_index/rust_packages/nero_msgs
[3.138s] -- Installing: /home/dx/ws_/PikaAnyArm/install/nero_msgs/share/nero_msgs/rust
[3.138s] -- Installing: /home/dx/ws_/PikaAnyArm/install/nero_msgs/share/nero_msgs/rust/build.rs
[3.138s] -- Installing: /home/dx/ws_/PikaAnyArm/install/nero_msgs/share/nero_msgs/rust/src
[3.138s] -- Installing: /home/dx/ws_/PikaAnyArm/install/nero_msgs/share/nero_msgs/rust/src/msg
[3.138s] -- Installing: /home/dx/ws_/PikaAnyArm/install/nero_msgs/share/nero_msgs/rust/src/msg/rmw.rs
[3.138s] -- Installing: /home/dx/ws_/PikaAnyArm/install/nero_msgs/share/nero_msgs/rust/src/srv
[3.138s] -- Installing: /home/dx/ws_/PikaAnyArm/install/nero_msgs/share/nero_msgs/rust/src/srv/rmw.rs
[3.138s] -- Installing: /home/dx/ws_/PikaAnyArm/install/nero_msgs/share/nero_msgs/rust/src/lib.rs
[3.138s] -- Installing: /home/dx/ws_/PikaAnyArm/install/nero_msgs/share/nero_msgs/rust/src/msg.rs
[3.138s] -- Installing: /home/dx/ws_/PikaAnyArm/install/nero_msgs/share/nero_msgs/rust/src/srv.rs
[3.138s] -- Installing: /home/dx/ws_/PikaAnyArm/install/nero_msgs/share/nero_msgs/rust/Cargo.toml
[3.138s] -- Installing: /home/dx/ws_/PikaAnyArm/install/nero_msgs/share/nero_msgs/msg/NeroStatusMsg.idl
[3.138s] -- Installing: /home/dx/ws_/PikaAnyArm/install/nero_msgs/share/nero_msgs/msg/PosCmd.idl
[3.138s] -- Installing: /home/dx/ws_/PikaAnyArm/install/nero_msgs/share/nero_msgs/srv/Enable.idl
[3.138s] -- Installing: /home/dx/ws_/PikaAnyArm/install/nero_msgs/share/nero_msgs/msg/NeroStatusMsg.msg
[3.138s] -- Installing: /home/dx/ws_/PikaAnyArm/install/nero_msgs/share/nero_msgs/msg/PosCmd.msg
[3.139s] -- Installing: /home/dx/ws_/PikaAnyArm/install/nero_msgs/share/nero_msgs/srv/Enable.srv
[3.139s] -- Installing: /home/dx/ws_/PikaAnyArm/install/nero_msgs/share/nero_msgs/srv/Enable_Request.msg
[3.139s] -- Installing: /home/dx/ws_/PikaAnyArm/install/nero_msgs/share/nero_msgs/srv/Enable_Response.msg
[3.139s] -- Installing: /home/dx/ws_/PikaAnyArm/install/nero_msgs/share/ament_index/resource_index/package_run_dependencies/nero_msgs
[3.139s] -- Installing: /home/dx/ws_/PikaAnyArm/install/nero_msgs/share/ament_index/resource_index/parent_prefix_path/nero_msgs
[3.139s] -- Installing: /home/dx/ws_/PikaAnyArm/install/nero_msgs/share/nero_msgs/environment/ament_prefix_path.sh
[3.139s] -- Installing: /home/dx/ws_/PikaAnyArm/install/nero_msgs/share/nero_msgs/environment/ament_prefix_path.dsv
[3.139s] -- Installing: /home/dx/ws_/PikaAnyArm/install/nero_msgs/share/nero_msgs/environment/path.sh
[3.139s] -- Installing: /home/dx/ws_/PikaAnyArm/install/nero_msgs/share/nero_msgs/environment/path.dsv
[3.139s] -- Installing: /home/dx/ws_/PikaAnyArm/install/nero_msgs/share/nero_msgs/local_setup.bash
[3.139s] -- Installing: /home/dx/ws_/PikaAnyArm/install/nero_msgs/share/nero_msgs/local_setup.sh
[3.139s] -- Installing: /home/dx/ws_/PikaAnyArm/install/nero_msgs/share/nero_msgs/local_setup.zsh
[3.139s] -- Installing: /home/dx/ws_/PikaAnyArm/install/nero_msgs/share/nero_msgs/local_setup.dsv
[3.139s] -- Installing: /home/dx/ws_/PikaAnyArm/install/nero_msgs/share/nero_msgs/package.dsv
[3.139s] -- Installing: /home/dx/ws_/PikaAnyArm/install/nero_msgs/share/ament_index/resource_index/packages/nero_msgs
[3.139s] -- Installing: /home/dx/ws_/PikaAnyArm/install/nero_msgs/share/nero_msgs/cmake/export_nero_msgs__rosidl_generator_cExport.cmake
[3.139s] -- Installing: /home/dx/ws_/PikaAnyArm/install/nero_msgs/share/nero_msgs/cmake/export_nero_msgs__rosidl_generator_cExport-noconfig.cmake
[3.139s] -- Installing: /home/dx/ws_/PikaAnyArm/install/nero_msgs/share/nero_msgs/cmake/export_nero_msgs__rosidl_typesupport_fastrtps_cExport.cmake
[3.139s] -- Installing: /home/dx/ws_/PikaAnyArm/install/nero_msgs/share/nero_msgs/cmake/export_nero_msgs__rosidl_typesupport_fastrtps_cExport-noconfig.cmake
[3.140s] -- Installing: /home/dx/ws_/PikaAnyArm/install/nero_msgs/share/nero_msgs/cmake/nero_msgs__rosidl_typesupport_introspection_cExport.cmake
[3.140s] -- Installing: /home/dx/ws_/PikaAnyArm/install/nero_msgs/share/nero_msgs/cmake/nero_msgs__rosidl_typesupport_introspection_cExport-noconfig.cmake
[3.140s] -- Installing: /home/dx/ws_/PikaAnyArm/install/nero_msgs/share/nero_msgs/cmake/nero_msgs__rosidl_typesupport_cExport.cmake
[3.140s] -- Installing: /home/dx/ws_/PikaAnyArm/install/nero_msgs/share/nero_msgs/cmake/nero_msgs__rosidl_typesupport_cExport-noconfig.cmake
[3.140s] -- Installing: /home/dx/ws_/PikaAnyArm/install/nero_msgs/share/nero_msgs/cmake/export_nero_msgs__rosidl_generator_cppExport.cmake
[3.140s] -- Installing: /home/dx/ws_/PikaAnyArm/install/nero_msgs/share/nero_msgs/cmake/export_nero_msgs__rosidl_typesupport_fastrtps_cppExport.cmake
[3.140s] -- Installing: /home/dx/ws_/PikaAnyArm/install/nero_msgs/share/nero_msgs/cmake/export_nero_msgs__rosidl_typesupport_fastrtps_cppExport-noconfig.cmake
[3.140s] -- Installing: /home/dx/ws_/PikaAnyArm/install/nero_msgs/share/nero_msgs/cmake/nero_msgs__rosidl_typesupport_introspection_cppExport.cmake
[3.140s] -- Installing: /home/dx/ws_/PikaAnyArm/install/nero_msgs/share/nero_msgs/cmake/nero_msgs__rosidl_typesupport_introspection_cppExport-noconfig.cmake
[3.140s] -- Installing: /home/dx/ws_/PikaAnyArm/install/nero_msgs/share/nero_msgs/cmake/nero_msgs__rosidl_typesupport_cppExport.cmake
[3.140s] -- Installing: /home/dx/ws_/PikaAnyArm/install/nero_msgs/share/nero_msgs/cmake/nero_msgs__rosidl_typesupport_cppExport-noconfig.cmake
[3.140s] -- Installing: /home/dx/ws_/PikaAnyArm/install/nero_msgs/share/nero_msgs/cmake/export_nero_msgs__rosidl_generator_pyExport.cmake
[3.140s] -- Installing: /home/dx/ws_/PikaAnyArm/install/nero_msgs/share/nero_msgs/cmake/export_nero_msgs__rosidl_generator_pyExport-noconfig.cmake
[3.140s] -- Installing: /home/dx/ws_/PikaAnyArm/install/nero_msgs/share/nero_msgs/cmake/rosidl_cmake-extras.cmake
[3.140s] -- Installing: /home/dx/ws_/PikaAnyArm/install/nero_msgs/share/nero_msgs/cmake/ament_cmake_export_include_directories-extras.cmake
[3.140s] -- Installing: /home/dx/ws_/PikaAnyArm/install/nero_msgs/share/nero_msgs/cmake/ament_cmake_export_libraries-extras.cmake
[3.140s] -- Installing: /home/dx/ws_/PikaAnyArm/install/nero_msgs/share/nero_msgs/cmake/ament_cmake_export_targets-extras.cmake
[3.141s] -- Installing: /home/dx/ws_/PikaAnyArm/install/nero_msgs/share/nero_msgs/cmake/rosidl_cmake_export_typesupport_targets-extras.cmake
[3.141s] -- Installing: /home/dx/ws_/PikaAnyArm/install/nero_msgs/share/nero_msgs/cmake/ament_cmake_export_dependencies-extras.cmake
[3.141s] -- Installing: /home/dx/ws_/PikaAnyArm/install/nero_msgs/share/nero_msgs/cmake/rosidl_cmake_export_typesupport_libraries-extras.cmake
[3.141s] -- Installing: /home/dx/ws_/PikaAnyArm/install/nero_msgs/share/nero_msgs/cmake/nero_msgsConfig.cmake
[3.141s] -- Installing: /home/dx/ws_/PikaAnyArm/install/nero_msgs/share/nero_msgs/cmake/nero_msgsConfig-version.cmake
[3.141s] -- Installing: /home/dx/ws_/PikaAnyArm/install/nero_msgs/share/nero_msgs/package.xml
[3.143s] Invoked command in '/home/dx/ws_/PikaAnyArm/build/nero_msgs' returned '0': CMAKE_PREFIX_PATH=${CMAKE_PREFIX_PATH}:/home/dx/ws_/PikaAnyArm/install/piper:/opt/ros/humble /usr/bin/cmake --install /home/dx/ws_/PikaAnyArm/build/nero_msgs
