-- Install configuration: "Release"
-- Up-to-date: /home/dx/ws_/PikaAnyArm/install/pika_remote_nero/share/pika_remote_nero//launch
-- Installing: /home/dx/ws_/PikaAnyArm/install/pika_remote_nero/share/pika_remote_nero//launch/teleop_dual_nero.launch.py
-- Installing: /home/dx/ws_/PikaAnyArm/install/pika_remote_nero/share/pika_remote_nero//launch/teleop_single_nero.launch.py
-- Up-to-date: /home/dx/ws_/PikaAnyArm/install/pika_remote_nero/share/pika_remote_nero//scripts
-- Up-to-date: /home/dx/ws_/PikaAnyArm/install/pika_remote_nero/share/pika_remote_nero//scripts/arm_FIK.py
-- Installing: /home/dx/ws_/PikaAnyArm/install/pika_remote_nero/share/pika_remote_nero//scripts/teleop_nero_publish.py
-- Up-to-date: /home/dx/ws_/PikaAnyArm/install/pika_remote_nero/share/pika_remote_nero//scripts/__init__.py
-- Up-to-date: /home/dx/ws_/PikaAnyArm/install/pika_remote_nero/share/pika_remote_nero//scripts/transformations.py
-- Up-to-date: /home/dx/ws_/PikaAnyArm/install/pika_remote_nero/share/pika_remote_nero//scripts/nero_FK.py
-- Up-to-date: /home/dx/ws_/PikaAnyArm/install/pika_remote_nero/share/pika_remote_nero//scripts/nero_IK.py
-- Up-to-date: /home/dx/ws_/PikaAnyArm/install/pika_remote_nero/lib/pika_remote_nero/nero_FK.py
-- Up-to-date: /home/dx/ws_/PikaAnyArm/install/pika_remote_nero/lib/pika_remote_nero/nero_IK.py
-- Installing: /home/dx/ws_/PikaAnyArm/install/pika_remote_nero/lib/pika_remote_nero/teleop_nero_publish.py
-- Up-to-date: /home/dx/ws_/PikaAnyArm/install/pika_remote_nero/lib/pika_remote_nero/transformations.py
-- Up-to-date: /home/dx/ws_/PikaAnyArm/install/pika_remote_nero/lib/pika_remote_nero/arm_FIK.py
-- Up-to-date: /home/dx/ws_/PikaAnyArm/install/pika_remote_nero/share/ament_index/resource_index/package_run_dependencies/pika_remote_nero
-- Up-to-date: /home/dx/ws_/PikaAnyArm/install/pika_remote_nero/share/ament_index/resource_index/parent_prefix_path/pika_remote_nero
-- Up-to-date: /home/dx/ws_/PikaAnyArm/install/pika_remote_nero/share/pika_remote_nero/environment/ament_prefix_path.sh
-- Up-to-date: /home/dx/ws_/PikaAnyArm/install/pika_remote_nero/share/pika_remote_nero/environment/ament_prefix_path.dsv
-- Up-to-date: /home/dx/ws_/PikaAnyArm/install/pika_remote_nero/share/pika_remote_nero/environment/path.sh
-- Up-to-date: /home/dx/ws_/PikaAnyArm/install/pika_remote_nero/share/pika_remote_nero/environment/path.dsv
-- Up-to-date: /home/dx/ws_/PikaAnyArm/install/pika_remote_nero/share/pika_remote_nero/local_setup.bash
-- Up-to-date: /home/dx/ws_/PikaAnyArm/install/pika_remote_nero/share/pika_remote_nero/local_setup.sh
-- Up-to-date: /home/dx/ws_/PikaAnyArm/install/pika_remote_nero/share/pika_remote_nero/local_setup.zsh
-- Up-to-date: /home/dx/ws_/PikaAnyArm/install/pika_remote_nero/share/pika_remote_nero/local_setup.dsv
-- Up-to-date: /home/dx/ws_/PikaAnyArm/install/pika_remote_nero/share/pika_remote_nero/package.dsv
-- Up-to-date: /home/dx/ws_/PikaAnyArm/install/pika_remote_nero/share/ament_index/resource_index/packages/pika_remote_nero
-- Up-to-date: /home/dx/ws_/PikaAnyArm/install/pika_remote_nero/share/pika_remote_nero/cmake/pika_remote_neroConfig.cmake
-- Up-to-date: /home/dx/ws_/PikaAnyArm/install/pika_remote_nero/share/pika_remote_nero/cmake/pika_remote_neroConfig-version.cmake
-- Up-to-date: /home/dx/ws_/PikaAnyArm/install/pika_remote_nero/share/pika_remote_nero/package.xml
