running egg_info
creating ../../../../build/nero/nero.egg-info
writing ../../../../build/nero/nero.egg-info/PKG-INFO
writing dependency_links to ../../../../build/nero/nero.egg-info/dependency_links.txt
writing entry points to ../../../../build/nero/nero.egg-info/entry_points.txt
writing requirements to ../../../../build/nero/nero.egg-info/requires.txt
writing top-level names to ../../../../build/nero/nero.egg-info/top_level.txt
writing manifest file '../../../../build/nero/nero.egg-info/SOURCES.txt'
reading manifest file '../../../../build/nero/nero.egg-info/SOURCES.txt'
adding license file 'LICENSE'
writing manifest file '../../../../build/nero/nero.egg-info/SOURCES.txt'
running build
running build_py
creating /home/dx/ws_/PikaAnyArm/build/nero/build
creating /home/dx/ws_/PikaAnyArm/build/nero/build/lib
creating /home/dx/ws_/PikaAnyArm/build/nero/build/lib/nero
copying nero/__init__.py -> /home/dx/ws_/PikaAnyArm/build/nero/build/lib/nero
copying nero/nero_ctrl_single_node.py -> /home/dx/ws_/PikaAnyArm/build/nero/build/lib/nero
running install
running install_lib
creating /home/dx/ws_/PikaAnyArm/install/nero/lib/python3.10/site-packages/nero
copying /home/dx/ws_/PikaAnyArm/build/nero/build/lib/nero/__init__.py -> /home/dx/ws_/PikaAnyArm/install/nero/lib/python3.10/site-packages/nero
copying /home/dx/ws_/PikaAnyArm/build/nero/build/lib/nero/nero_ctrl_single_node.py -> /home/dx/ws_/PikaAnyArm/install/nero/lib/python3.10/site-packages/nero
byte-compiling /home/dx/ws_/PikaAnyArm/install/nero/lib/python3.10/site-packages/nero/__init__.py to __init__.cpython-310.pyc
byte-compiling /home/dx/ws_/PikaAnyArm/install/nero/lib/python3.10/site-packages/nero/nero_ctrl_single_node.py to nero_ctrl_single_node.cpython-310.pyc
running install_data
creating /home/dx/ws_/PikaAnyArm/install/nero/share/ament_index
creating /home/dx/ws_/PikaAnyArm/install/nero/share/ament_index/resource_index
creating /home/dx/ws_/PikaAnyArm/install/nero/share/ament_index/resource_index/packages
copying resource/nero -> /home/dx/ws_/PikaAnyArm/install/nero/share/ament_index/resource_index/packages
copying package.xml -> /home/dx/ws_/PikaAnyArm/install/nero/share/nero
creating /home/dx/ws_/PikaAnyArm/install/nero/share/nero/launch
copying launch/start_single_piper_rviz.launch.py -> /home/dx/ws_/PikaAnyArm/install/nero/share/nero/launch
copying launch/start_single_piper.launch.py -> /home/dx/ws_/PikaAnyArm/install/nero/share/nero/launch
copying launch/start_double_piper.launch.py -> /home/dx/ws_/PikaAnyArm/install/nero/share/nero/launch
copying launch/start_single_nero.launch.py -> /home/dx/ws_/PikaAnyArm/install/nero/share/nero/launch
running install_egg_info
Copying ../../../../build/nero/nero.egg-info to /home/dx/ws_/PikaAnyArm/install/nero/lib/python3.10/site-packages/nero-0.0.0-py3.10.egg-info
running install_scripts
Installing nero_ms_ctrl script to /home/dx/ws_/PikaAnyArm/install/nero/lib/nero
Installing nero_read_master script to /home/dx/ws_/PikaAnyArm/install/nero/lib/nero
Installing nero_single_ctrl script to /home/dx/ws_/PikaAnyArm/install/nero/lib/nero
writing list of installed files to '/home/dx/ws_/PikaAnyArm/build/nero/install.log'
