/home/dx/ws_/PikaAnyArm/install/nero/lib/python3.10/site-packages/nero/__init__.py
/home/dx/ws_/PikaAnyArm/install/nero/lib/python3.10/site-packages/nero/nero_ctrl_single_node.py
/home/dx/ws_/PikaAnyArm/install/nero/lib/python3.10/site-packages/nero/__pycache__/__init__.cpython-310.pyc
/home/dx/ws_/PikaAnyArm/install/nero/lib/python3.10/site-packages/nero/__pycache__/nero_ctrl_single_node.cpython-310.pyc
/home/dx/ws_/PikaAnyArm/install/nero/share/ament_index/resource_index/packages/nero
/home/dx/ws_/PikaAnyArm/install/nero/share/nero/package.xml
/home/dx/ws_/PikaAnyArm/install/nero/share/nero/launch/start_single_piper_rviz.launch.py
/home/dx/ws_/PikaAnyArm/install/nero/share/nero/launch/start_single_piper.launch.py
/home/dx/ws_/PikaAnyArm/install/nero/share/nero/launch/start_double_piper.launch.py
/home/dx/ws_/PikaAnyArm/install/nero/share/nero/launch/start_single_nero.launch.py
/home/dx/ws_/PikaAnyArm/install/nero/lib/python3.10/site-packages/nero-0.0.0-py3.10.egg-info/top_level.txt
/home/dx/ws_/PikaAnyArm/install/nero/lib/python3.10/site-packages/nero-0.0.0-py3.10.egg-info/zip-safe
/home/dx/ws_/PikaAnyArm/install/nero/lib/python3.10/site-packages/nero-0.0.0-py3.10.egg-info/requires.txt
/home/dx/ws_/PikaAnyArm/install/nero/lib/python3.10/site-packages/nero-0.0.0-py3.10.egg-info/entry_points.txt
/home/dx/ws_/PikaAnyArm/install/nero/lib/python3.10/site-packages/nero-0.0.0-py3.10.egg-info/PKG-INFO
/home/dx/ws_/PikaAnyArm/install/nero/lib/python3.10/site-packages/nero-0.0.0-py3.10.egg-info/SOURCES.txt
/home/dx/ws_/PikaAnyArm/install/nero/lib/python3.10/site-packages/nero-0.0.0-py3.10.egg-info/dependency_links.txt
/home/dx/ws_/PikaAnyArm/install/nero/lib/nero/nero_ms_ctrl
/home/dx/ws_/PikaAnyArm/install/nero/lib/nero/nero_read_master
/home/dx/ws_/PikaAnyArm/install/nero/lib/nero/nero_single_ctrl
