[0.067s] DEBUG:colcon:Command line arguments: ['/usr/bin/colcon', 'build', '--packages-select', 'nero_msgs', 'nero_description', 'pika_remote_nero']
[0.067s] DEBUG:colcon:Parsed command line arguments: Namespace(log_base=None, log_level=None, verb_name='build', build_base='build', install_base='install', merge_install=False, symlink_install=False, test_result_base=None, continue_on_error=False, executor='parallel', parallel_workers=24, event_handlers=None, ignore_user_meta=False, metas=['./colcon.meta'], base_paths=['.'], packages_ignore=None, packages_ignore_regex=None, paths=None, packages_up_to=None, packages_up_to_regex=None, packages_above=None, packages_above_and_dependencies=None, packages_above_depth=None, packages_select_by_dep=None, packages_skip_by_dep=None, packages_skip_up_to=None, packages_select_build_failed=False, packages_skip_build_finished=False, packages_select_test_failures=False, packages_skip_test_passed=False, packages_select=['nero_msgs', 'nero_description', 'pika_remote_nero'], packages_skip=None, packages_select_regex=None, packages_skip_regex=None, packages_start=None, packages_end=None, allow_overriding=[], cmake_args=None, cmake_target=None, cmake_target_skip_unavailable=False, cmake_clean_cache=False, cmake_clean_first=False, cmake_force_configure=False, ament_cmake_args=None, catkin_cmake_args=None, catkin_skip_building_tests=False, verb_parser=<colcon_defaults.argument_parser.defaults.DefaultArgumentsDecorator object at 0x72bd611d0310>, verb_extension=<colcon_core.verb.build.BuildVerb object at 0x72bd6119bd60>, main=<bound method BuildVerb.main of <colcon_core.verb.build.BuildVerb object at 0x72bd6119bd60>>)
[0.164s] Level 1:colcon.colcon_core.package_discovery:discover_packages(colcon_meta) check parameters
[0.164s] Level 1:colcon.colcon_core.package_discovery:discover_packages(recursive) check parameters
[0.164s] Level 1:colcon.colcon_core.package_discovery:discover_packages(ignore) check parameters
[0.164s] Level 1:colcon.colcon_core.package_discovery:discover_packages(path) check parameters
[0.164s] Level 1:colcon.colcon_core.package_discovery:discover_packages(colcon_meta) discover
[0.164s] Level 1:colcon.colcon_core.package_discovery:discover_packages(recursive) discover
[0.164s] INFO:colcon.colcon_core.package_discovery:Crawling recursively for packages in '/home/dx/ws_/PikaAnyArm'
[0.164s] Level 1:colcon.colcon_core.package_identification:_identify(.) by extensions ['ignore', 'ignore_ament_install']
[0.164s] Level 1:colcon.colcon_core.package_identification:_identify(.) by extension 'ignore'
[0.165s] Level 1:colcon.colcon_core.package_identification:_identify(.) by extension 'ignore_ament_install'
[0.165s] Level 1:colcon.colcon_core.package_identification:_identify(.) by extensions ['colcon_pkg']
[0.165s] Level 1:colcon.colcon_core.package_identification:_identify(.) by extension 'colcon_pkg'
[0.165s] Level 1:colcon.colcon_core.package_identification:_identify(.) by extensions ['colcon_meta']
[0.165s] Level 1:colcon.colcon_core.package_identification:_identify(.) by extension 'colcon_meta'
[0.165s] Level 1:colcon.colcon_core.package_identification:_identify(.) by extensions ['ros']
[0.165s] Level 1:colcon.colcon_core.package_identification:_identify(.) by extension 'ros'
[0.173s] Level 1:colcon.colcon_core.package_identification:_identify(.) by extensions ['cmake', 'python']
[0.173s] Level 1:colcon.colcon_core.package_identification:_identify(.) by extension 'cmake'
[0.173s] Level 1:colcon.colcon_core.package_identification:_identify(.) by extension 'python'
[0.173s] Level 1:colcon.colcon_core.package_identification:_identify(.) by extensions ['python_setup_py']
[0.173s] Level 1:colcon.colcon_core.package_identification:_identify(.) by extension 'python_setup_py'
[0.173s] Level 1:colcon.colcon_core.package_identification:_identify(build) by extensions ['ignore', 'ignore_ament_install']
[0.173s] Level 1:colcon.colcon_core.package_identification:_identify(build) by extension 'ignore'
[0.173s] Level 1:colcon.colcon_core.package_identification:_identify(build) ignored
[0.173s] Level 1:colcon.colcon_core.package_identification:_identify(docs_img) by extensions ['ignore', 'ignore_ament_install']
[0.173s] Level 1:colcon.colcon_core.package_identification:_identify(docs_img) by extension 'ignore'
[0.173s] Level 1:colcon.colcon_core.package_identification:_identify(docs_img) by extension 'ignore_ament_install'
[0.173s] Level 1:colcon.colcon_core.package_identification:_identify(docs_img) by extensions ['colcon_pkg']
[0.173s] Level 1:colcon.colcon_core.package_identification:_identify(docs_img) by extension 'colcon_pkg'
[0.173s] Level 1:colcon.colcon_core.package_identification:_identify(docs_img) by extensions ['colcon_meta']
[0.173s] Level 1:colcon.colcon_core.package_identification:_identify(docs_img) by extension 'colcon_meta'
[0.173s] Level 1:colcon.colcon_core.package_identification:_identify(docs_img) by extensions ['ros']
[0.174s] Level 1:colcon.colcon_core.package_identification:_identify(docs_img) by extension 'ros'
[0.174s] Level 1:colcon.colcon_core.package_identification:_identify(docs_img) by extensions ['cmake', 'python']
[0.174s] Level 1:colcon.colcon_core.package_identification:_identify(docs_img) by extension 'cmake'
[0.174s] Level 1:colcon.colcon_core.package_identification:_identify(docs_img) by extension 'python'
[0.174s] Level 1:colcon.colcon_core.package_identification:_identify(docs_img) by extensions ['python_setup_py']
[0.174s] Level 1:colcon.colcon_core.package_identification:_identify(docs_img) by extension 'python_setup_py'
[0.174s] Level 1:colcon.colcon_core.package_identification:_identify(install) by extensions ['ignore', 'ignore_ament_install']
[0.174s] Level 1:colcon.colcon_core.package_identification:_identify(install) by extension 'ignore'
[0.174s] Level 1:colcon.colcon_core.package_identification:_identify(install) ignored
[0.174s] Level 1:colcon.colcon_core.package_identification:_identify(log) by extensions ['ignore', 'ignore_ament_install']
[0.174s] Level 1:colcon.colcon_core.package_identification:_identify(log) by extension 'ignore'
[0.174s] Level 1:colcon.colcon_core.package_identification:_identify(log) ignored
[0.174s] Level 1:colcon.colcon_core.package_identification:_identify(nero) by extensions ['ignore', 'ignore_ament_install']
[0.174s] Level 1:colcon.colcon_core.package_identification:_identify(nero) by extension 'ignore'
[0.174s] Level 1:colcon.colcon_core.package_identification:_identify(nero) by extension 'ignore_ament_install'
[0.174s] Level 1:colcon.colcon_core.package_identification:_identify(nero) by extensions ['colcon_pkg']
[0.174s] Level 1:colcon.colcon_core.package_identification:_identify(nero) by extension 'colcon_pkg'
[0.174s] Level 1:colcon.colcon_core.package_identification:_identify(nero) by extensions ['colcon_meta']
[0.174s] Level 1:colcon.colcon_core.package_identification:_identify(nero) by extension 'colcon_meta'
[0.174s] Level 1:colcon.colcon_core.package_identification:_identify(nero) by extensions ['ros']
[0.174s] Level 1:colcon.colcon_core.package_identification:_identify(nero) by extension 'ros'
[0.174s] Level 1:colcon.colcon_core.package_identification:_identify(nero) by extensions ['cmake', 'python']
[0.174s] Level 1:colcon.colcon_core.package_identification:_identify(nero) by extension 'cmake'
[0.174s] Level 1:colcon.colcon_core.package_identification:_identify(nero) by extension 'python'
[0.174s] Level 1:colcon.colcon_core.package_identification:_identify(nero) by extensions ['python_setup_py']
[0.174s] Level 1:colcon.colcon_core.package_identification:_identify(nero) by extension 'python_setup_py'
[0.174s] Level 1:colcon.colcon_core.package_identification:_identify(nero/nero_ros) by extensions ['ignore', 'ignore_ament_install']
[0.174s] Level 1:colcon.colcon_core.package_identification:_identify(nero/nero_ros) by extension 'ignore'
[0.174s] Level 1:colcon.colcon_core.package_identification:_identify(nero/nero_ros) by extension 'ignore_ament_install'
[0.174s] Level 1:colcon.colcon_core.package_identification:_identify(nero/nero_ros) by extensions ['colcon_pkg']
[0.174s] Level 1:colcon.colcon_core.package_identification:_identify(nero/nero_ros) by extension 'colcon_pkg'
[0.174s] Level 1:colcon.colcon_core.package_identification:_identify(nero/nero_ros) by extensions ['colcon_meta']
[0.174s] Level 1:colcon.colcon_core.package_identification:_identify(nero/nero_ros) by extension 'colcon_meta'
[0.174s] Level 1:colcon.colcon_core.package_identification:_identify(nero/nero_ros) by extensions ['ros']
[0.174s] Level 1:colcon.colcon_core.package_identification:_identify(nero/nero_ros) by extension 'ros'
[0.174s] Level 1:colcon.colcon_core.package_identification:_identify(nero/nero_ros) by extensions ['cmake', 'python']
[0.174s] Level 1:colcon.colcon_core.package_identification:_identify(nero/nero_ros) by extension 'cmake'
[0.175s] Level 1:colcon.colcon_core.package_identification:_identify(nero/nero_ros) by extension 'python'
[0.175s] Level 1:colcon.colcon_core.package_identification:_identify(nero/nero_ros) by extensions ['python_setup_py']
[0.175s] Level 1:colcon.colcon_core.package_identification:_identify(nero/nero_ros) by extension 'python_setup_py'
[0.175s] Level 1:colcon.colcon_core.package_identification:_identify(nero/nero_ros/src) by extensions ['ignore', 'ignore_ament_install']
[0.175s] Level 1:colcon.colcon_core.package_identification:_identify(nero/nero_ros/src) by extension 'ignore'
[0.175s] Level 1:colcon.colcon_core.package_identification:_identify(nero/nero_ros/src) by extension 'ignore_ament_install'
[0.175s] Level 1:colcon.colcon_core.package_identification:_identify(nero/nero_ros/src) by extensions ['colcon_pkg']
[0.175s] Level 1:colcon.colcon_core.package_identification:_identify(nero/nero_ros/src) by extension 'colcon_pkg'
[0.175s] Level 1:colcon.colcon_core.package_identification:_identify(nero/nero_ros/src) by extensions ['colcon_meta']
[0.175s] Level 1:colcon.colcon_core.package_identification:_identify(nero/nero_ros/src) by extension 'colcon_meta'
[0.175s] Level 1:colcon.colcon_core.package_identification:_identify(nero/nero_ros/src) by extensions ['ros']
[0.175s] Level 1:colcon.colcon_core.package_identification:_identify(nero/nero_ros/src) by extension 'ros'
[0.175s] Level 1:colcon.colcon_core.package_identification:_identify(nero/nero_ros/src) by extensions ['cmake', 'python']
[0.175s] Level 1:colcon.colcon_core.package_identification:_identify(nero/nero_ros/src) by extension 'cmake'
[0.175s] Level 1:colcon.colcon_core.package_identification:_identify(nero/nero_ros/src) by extension 'python'
[0.175s] Level 1:colcon.colcon_core.package_identification:_identify(nero/nero_ros/src) by extensions ['python_setup_py']
[0.175s] Level 1:colcon.colcon_core.package_identification:_identify(nero/nero_ros/src) by extension 'python_setup_py'
[0.175s] Level 1:colcon.colcon_core.package_identification:_identify(nero/nero_ros/src/nero) by extensions ['ignore', 'ignore_ament_install']
[0.175s] Level 1:colcon.colcon_core.package_identification:_identify(nero/nero_ros/src/nero) by extension 'ignore'
[0.175s] Level 1:colcon.colcon_core.package_identification:_identify(nero/nero_ros/src/nero) by extension 'ignore_ament_install'
[0.175s] Level 1:colcon.colcon_core.package_identification:_identify(nero/nero_ros/src/nero) by extensions ['colcon_pkg']
[0.175s] Level 1:colcon.colcon_core.package_identification:_identify(nero/nero_ros/src/nero) by extension 'colcon_pkg'
[0.175s] Level 1:colcon.colcon_core.package_identification:_identify(nero/nero_ros/src/nero) by extensions ['colcon_meta']
[0.175s] Level 1:colcon.colcon_core.package_identification:_identify(nero/nero_ros/src/nero) by extension 'colcon_meta'
[0.175s] Level 1:colcon.colcon_core.package_identification:_identify(nero/nero_ros/src/nero) by extensions ['ros']
[0.175s] Level 1:colcon.colcon_core.package_identification:_identify(nero/nero_ros/src/nero) by extension 'ros'
[0.175s] Level 1:colcon.colcon_core.package_identification:_identify(nero/nero_ros/src/nero) by extensions ['cmake', 'python']
[0.175s] Level 1:colcon.colcon_core.package_identification:_identify(nero/nero_ros/src/nero) by extension 'cmake'
[0.175s] Level 1:colcon.colcon_core.package_identification:_identify(nero/nero_ros/src/nero) by extension 'python'
[0.175s] Level 1:colcon.colcon_core.package_identification:_identify(nero/nero_ros/src/nero) by extensions ['python_setup_py']
[0.175s] Level 1:colcon.colcon_core.package_identification:_identify(nero/nero_ros/src/nero) by extension 'python_setup_py'
[0.175s] Level 1:colcon.colcon_core.package_identification:_identify(nero/nero_ros/src/nero_description) by extensions ['ignore', 'ignore_ament_install']
[0.175s] Level 1:colcon.colcon_core.package_identification:_identify(nero/nero_ros/src/nero_description) by extension 'ignore'
[0.175s] Level 1:colcon.colcon_core.package_identification:_identify(nero/nero_ros/src/nero_description) by extension 'ignore_ament_install'
[0.175s] Level 1:colcon.colcon_core.package_identification:_identify(nero/nero_ros/src/nero_description) by extensions ['colcon_pkg']
[0.175s] Level 1:colcon.colcon_core.package_identification:_identify(nero/nero_ros/src/nero_description) by extension 'colcon_pkg'
[0.175s] Level 1:colcon.colcon_core.package_identification:_identify(nero/nero_ros/src/nero_description) by extensions ['colcon_meta']
[0.175s] Level 1:colcon.colcon_core.package_identification:_identify(nero/nero_ros/src/nero_description) by extension 'colcon_meta'
[0.175s] Level 1:colcon.colcon_core.package_identification:_identify(nero/nero_ros/src/nero_description) by extensions ['ros']
[0.175s] Level 1:colcon.colcon_core.package_identification:_identify(nero/nero_ros/src/nero_description) by extension 'ros'
[0.177s] DEBUG:colcon.colcon_core.package_identification:Package 'nero/nero_ros/src/nero_description' with type 'ros.ament_cmake' and name 'nero_description'
[0.177s] Level 1:colcon.colcon_core.package_identification:_identify(nero/nero_ros/src/nero_msgs) by extensions ['ignore', 'ignore_ament_install']
[0.178s] Level 1:colcon.colcon_core.package_identification:_identify(nero/nero_ros/src/nero_msgs) by extension 'ignore'
[0.178s] Level 1:colcon.colcon_core.package_identification:_identify(nero/nero_ros/src/nero_msgs) by extension 'ignore_ament_install'
[0.178s] Level 1:colcon.colcon_core.package_identification:_identify(nero/nero_ros/src/nero_msgs) by extensions ['colcon_pkg']
[0.178s] Level 1:colcon.colcon_core.package_identification:_identify(nero/nero_ros/src/nero_msgs) by extension 'colcon_pkg'
[0.178s] Level 1:colcon.colcon_core.package_identification:_identify(nero/nero_ros/src/nero_msgs) by extensions ['colcon_meta']
[0.178s] Level 1:colcon.colcon_core.package_identification:_identify(nero/nero_ros/src/nero_msgs) by extension 'colcon_meta'
[0.178s] Level 1:colcon.colcon_core.package_identification:_identify(nero/nero_ros/src/nero_msgs) by extensions ['ros']
[0.178s] Level 1:colcon.colcon_core.package_identification:_identify(nero/nero_ros/src/nero_msgs) by extension 'ros'
[0.178s] DEBUG:colcon.colcon_core.package_identification:Package 'nero/nero_ros/src/nero_msgs' with type 'ros.ament_cmake' and name 'nero_msgs'
[0.178s] Level 1:colcon.colcon_core.package_identification:_identify(nero/pika_remote_nero) by extensions ['ignore', 'ignore_ament_install']
[0.178s] Level 1:colcon.colcon_core.package_identification:_identify(nero/pika_remote_nero) by extension 'ignore'
[0.178s] Level 1:colcon.colcon_core.package_identification:_identify(nero/pika_remote_nero) by extension 'ignore_ament_install'
[0.178s] Level 1:colcon.colcon_core.package_identification:_identify(nero/pika_remote_nero) by extensions ['colcon_pkg']
[0.178s] Level 1:colcon.colcon_core.package_identification:_identify(nero/pika_remote_nero) by extension 'colcon_pkg'
[0.178s] Level 1:colcon.colcon_core.package_identification:_identify(nero/pika_remote_nero) by extensions ['colcon_meta']
[0.178s] Level 1:colcon.colcon_core.package_identification:_identify(nero/pika_remote_nero) by extension 'colcon_meta'
[0.178s] Level 1:colcon.colcon_core.package_identification:_identify(nero/pika_remote_nero) by extensions ['ros']
[0.178s] Level 1:colcon.colcon_core.package_identification:_identify(nero/pika_remote_nero) by extension 'ros'
[0.179s] DEBUG:colcon.colcon_core.package_identification:Package 'nero/pika_remote_nero' with type 'ros.ament_cmake' and name 'pika_remote_nero'
[0.179s] Level 1:colcon.colcon_core.package_identification:_identify(piper) by extensions ['ignore', 'ignore_ament_install']
[0.179s] Level 1:colcon.colcon_core.package_identification:_identify(piper) by extension 'ignore'
[0.179s] Level 1:colcon.colcon_core.package_identification:_identify(piper) by extension 'ignore_ament_install'
[0.179s] Level 1:colcon.colcon_core.package_identification:_identify(piper) by extensions ['colcon_pkg']
[0.179s] Level 1:colcon.colcon_core.package_identification:_identify(piper) by extension 'colcon_pkg'
[0.179s] Level 1:colcon.colcon_core.package_identification:_identify(piper) by extensions ['colcon_meta']
[0.179s] Level 1:colcon.colcon_core.package_identification:_identify(piper) by extension 'colcon_meta'
[0.179s] Level 1:colcon.colcon_core.package_identification:_identify(piper) by extensions ['ros']
[0.179s] Level 1:colcon.colcon_core.package_identification:_identify(piper) by extension 'ros'
[0.179s] Level 1:colcon.colcon_core.package_identification:_identify(piper) by extensions ['cmake', 'python']
[0.179s] Level 1:colcon.colcon_core.package_identification:_identify(piper) by extension 'cmake'
[0.179s] Level 1:colcon.colcon_core.package_identification:_identify(piper) by extension 'python'
[0.180s] Level 1:colcon.colcon_core.package_identification:_identify(piper) by extensions ['python_setup_py']
[0.180s] Level 1:colcon.colcon_core.package_identification:_identify(piper) by extension 'python_setup_py'
[0.180s] Level 1:colcon.colcon_core.package_identification:_identify(piper/pika_remote_piper) by extensions ['ignore', 'ignore_ament_install']
[0.180s] Level 1:colcon.colcon_core.package_identification:_identify(piper/pika_remote_piper) by extension 'ignore'
[0.180s] Level 1:colcon.colcon_core.package_identification:_identify(piper/pika_remote_piper) by extension 'ignore_ament_install'
[0.180s] Level 1:colcon.colcon_core.package_identification:_identify(piper/pika_remote_piper) by extensions ['colcon_pkg']
[0.180s] Level 1:colcon.colcon_core.package_identification:_identify(piper/pika_remote_piper) by extension 'colcon_pkg'
[0.180s] Level 1:colcon.colcon_core.package_identification:_identify(piper/pika_remote_piper) by extensions ['colcon_meta']
[0.180s] Level 1:colcon.colcon_core.package_identification:_identify(piper/pika_remote_piper) by extension 'colcon_meta'
[0.180s] Level 1:colcon.colcon_core.package_identification:_identify(piper/pika_remote_piper) by extensions ['ros']
[0.180s] Level 1:colcon.colcon_core.package_identification:_identify(piper/pika_remote_piper) by extension 'ros'
[0.180s] DEBUG:colcon.colcon_core.package_identification:Package 'piper/pika_remote_piper' with type 'ros.ament_cmake' and name 'pika_remote_piper'
[0.180s] Level 1:colcon.colcon_core.package_identification:_identify(piper/piper_ros) by extensions ['ignore', 'ignore_ament_install']
[0.180s] Level 1:colcon.colcon_core.package_identification:_identify(piper/piper_ros) by extension 'ignore'
[0.180s] Level 1:colcon.colcon_core.package_identification:_identify(piper/piper_ros) by extension 'ignore_ament_install'
[0.181s] Level 1:colcon.colcon_core.package_identification:_identify(piper/piper_ros) by extensions ['colcon_pkg']
[0.181s] Level 1:colcon.colcon_core.package_identification:_identify(piper/piper_ros) by extension 'colcon_pkg'
[0.181s] Level 1:colcon.colcon_core.package_identification:_identify(piper/piper_ros) by extensions ['colcon_meta']
[0.181s] Level 1:colcon.colcon_core.package_identification:_identify(piper/piper_ros) by extension 'colcon_meta'
[0.181s] Level 1:colcon.colcon_core.package_identification:_identify(piper/piper_ros) by extensions ['ros']
[0.181s] Level 1:colcon.colcon_core.package_identification:_identify(piper/piper_ros) by extension 'ros'
[0.181s] Level 1:colcon.colcon_core.package_identification:_identify(piper/piper_ros) by extensions ['cmake', 'python']
[0.181s] Level 1:colcon.colcon_core.package_identification:_identify(piper/piper_ros) by extension 'cmake'
[0.181s] Level 1:colcon.colcon_core.package_identification:_identify(piper/piper_ros) by extension 'python'
[0.181s] Level 1:colcon.colcon_core.package_identification:_identify(piper/piper_ros) by extensions ['python_setup_py']
[0.181s] Level 1:colcon.colcon_core.package_identification:_identify(piper/piper_ros) by extension 'python_setup_py'
[0.181s] Level 1:colcon.colcon_core.package_identification:_identify(piper/piper_ros/asserts) by extensions ['ignore', 'ignore_ament_install']
[0.181s] Level 1:colcon.colcon_core.package_identification:_identify(piper/piper_ros/asserts) by extension 'ignore'
[0.181s] Level 1:colcon.colcon_core.package_identification:_identify(piper/piper_ros/asserts) by extension 'ignore_ament_install'
[0.181s] Level 1:colcon.colcon_core.package_identification:_identify(piper/piper_ros/asserts) by extensions ['colcon_pkg']
[0.181s] Level 1:colcon.colcon_core.package_identification:_identify(piper/piper_ros/asserts) by extension 'colcon_pkg'
[0.181s] Level 1:colcon.colcon_core.package_identification:_identify(piper/piper_ros/asserts) by extensions ['colcon_meta']
[0.181s] Level 1:colcon.colcon_core.package_identification:_identify(piper/piper_ros/asserts) by extension 'colcon_meta'
[0.181s] Level 1:colcon.colcon_core.package_identification:_identify(piper/piper_ros/asserts) by extensions ['ros']
[0.181s] Level 1:colcon.colcon_core.package_identification:_identify(piper/piper_ros/asserts) by extension 'ros'
[0.181s] Level 1:colcon.colcon_core.package_identification:_identify(piper/piper_ros/asserts) by extensions ['cmake', 'python']
[0.181s] Level 1:colcon.colcon_core.package_identification:_identify(piper/piper_ros/asserts) by extension 'cmake'
[0.181s] Level 1:colcon.colcon_core.package_identification:_identify(piper/piper_ros/asserts) by extension 'python'
[0.181s] Level 1:colcon.colcon_core.package_identification:_identify(piper/piper_ros/asserts) by extensions ['python_setup_py']
[0.181s] Level 1:colcon.colcon_core.package_identification:_identify(piper/piper_ros/asserts) by extension 'python_setup_py'
[0.181s] Level 1:colcon.colcon_core.package_identification:_identify(piper/piper_ros/asserts/pictures) by extensions ['ignore', 'ignore_ament_install']
[0.181s] Level 1:colcon.colcon_core.package_identification:_identify(piper/piper_ros/asserts/pictures) by extension 'ignore'
[0.181s] Level 1:colcon.colcon_core.package_identification:_identify(piper/piper_ros/asserts/pictures) by extension 'ignore_ament_install'
[0.181s] Level 1:colcon.colcon_core.package_identification:_identify(piper/piper_ros/asserts/pictures) by extensions ['colcon_pkg']
[0.181s] Level 1:colcon.colcon_core.package_identification:_identify(piper/piper_ros/asserts/pictures) by extension 'colcon_pkg'
[0.181s] Level 1:colcon.colcon_core.package_identification:_identify(piper/piper_ros/asserts/pictures) by extensions ['colcon_meta']
[0.181s] Level 1:colcon.colcon_core.package_identification:_identify(piper/piper_ros/asserts/pictures) by extension 'colcon_meta'
[0.181s] Level 1:colcon.colcon_core.package_identification:_identify(piper/piper_ros/asserts/pictures) by extensions ['ros']
[0.181s] Level 1:colcon.colcon_core.package_identification:_identify(piper/piper_ros/asserts/pictures) by extension 'ros'
[0.181s] Level 1:colcon.colcon_core.package_identification:_identify(piper/piper_ros/asserts/pictures) by extensions ['cmake', 'python']
[0.181s] Level 1:colcon.colcon_core.package_identification:_identify(piper/piper_ros/asserts/pictures) by extension 'cmake'
[0.181s] Level 1:colcon.colcon_core.package_identification:_identify(piper/piper_ros/asserts/pictures) by extension 'python'
[0.181s] Level 1:colcon.colcon_core.package_identification:_identify(piper/piper_ros/asserts/pictures) by extensions ['python_setup_py']
[0.181s] Level 1:colcon.colcon_core.package_identification:_identify(piper/piper_ros/asserts/pictures) by extension 'python_setup_py'
[0.181s] Level 1:colcon.colcon_core.package_identification:_identify(piper/piper_ros/src) by extensions ['ignore', 'ignore_ament_install']
[0.182s] Level 1:colcon.colcon_core.package_identification:_identify(piper/piper_ros/src) by extension 'ignore'
[0.182s] Level 1:colcon.colcon_core.package_identification:_identify(piper/piper_ros/src) by extension 'ignore_ament_install'
[0.182s] Level 1:colcon.colcon_core.package_identification:_identify(piper/piper_ros/src) by extensions ['colcon_pkg']
[0.182s] Level 1:colcon.colcon_core.package_identification:_identify(piper/piper_ros/src) by extension 'colcon_pkg'
[0.182s] Level 1:colcon.colcon_core.package_identification:_identify(piper/piper_ros/src) by extensions ['colcon_meta']
[0.182s] Level 1:colcon.colcon_core.package_identification:_identify(piper/piper_ros/src) by extension 'colcon_meta'
[0.182s] Level 1:colcon.colcon_core.package_identification:_identify(piper/piper_ros/src) by extensions ['ros']
[0.182s] Level 1:colcon.colcon_core.package_identification:_identify(piper/piper_ros/src) by extension 'ros'
[0.182s] Level 1:colcon.colcon_core.package_identification:_identify(piper/piper_ros/src) by extensions ['cmake', 'python']
[0.182s] Level 1:colcon.colcon_core.package_identification:_identify(piper/piper_ros/src) by extension 'cmake'
[0.182s] Level 1:colcon.colcon_core.package_identification:_identify(piper/piper_ros/src) by extension 'python'
[0.182s] Level 1:colcon.colcon_core.package_identification:_identify(piper/piper_ros/src) by extensions ['python_setup_py']
[0.182s] Level 1:colcon.colcon_core.package_identification:_identify(piper/piper_ros/src) by extension 'python_setup_py'
[0.182s] Level 1:colcon.colcon_core.package_identification:_identify(piper/piper_ros/src/piper) by extensions ['ignore', 'ignore_ament_install']
[0.182s] Level 1:colcon.colcon_core.package_identification:_identify(piper/piper_ros/src/piper) by extension 'ignore'
[0.182s] Level 1:colcon.colcon_core.package_identification:_identify(piper/piper_ros/src/piper) by extension 'ignore_ament_install'
[0.182s] Level 1:colcon.colcon_core.package_identification:_identify(piper/piper_ros/src/piper) by extensions ['colcon_pkg']
[0.182s] Level 1:colcon.colcon_core.package_identification:_identify(piper/piper_ros/src/piper) by extension 'colcon_pkg'
[0.182s] Level 1:colcon.colcon_core.package_identification:_identify(piper/piper_ros/src/piper) by extensions ['colcon_meta']
[0.182s] Level 1:colcon.colcon_core.package_identification:_identify(piper/piper_ros/src/piper) by extension 'colcon_meta'
[0.182s] Level 1:colcon.colcon_core.package_identification:_identify(piper/piper_ros/src/piper) by extensions ['ros']
[0.182s] Level 1:colcon.colcon_core.package_identification:_identify(piper/piper_ros/src/piper) by extension 'ros'
[0.182s] DEBUG:colcon.colcon_core.package_identification:Package 'piper/piper_ros/src/piper' with type 'ros.ament_python' and name 'piper'
[0.182s] Level 1:colcon.colcon_core.package_identification:_identify(piper/piper_ros/src/piper_description) by extensions ['ignore', 'ignore_ament_install']
[0.182s] Level 1:colcon.colcon_core.package_identification:_identify(piper/piper_ros/src/piper_description) by extension 'ignore'
[0.183s] Level 1:colcon.colcon_core.package_identification:_identify(piper/piper_ros/src/piper_description) by extension 'ignore_ament_install'
[0.183s] Level 1:colcon.colcon_core.package_identification:_identify(piper/piper_ros/src/piper_description) by extensions ['colcon_pkg']
[0.183s] Level 1:colcon.colcon_core.package_identification:_identify(piper/piper_ros/src/piper_description) by extension 'colcon_pkg'
[0.183s] Level 1:colcon.colcon_core.package_identification:_identify(piper/piper_ros/src/piper_description) by extensions ['colcon_meta']
[0.183s] Level 1:colcon.colcon_core.package_identification:_identify(piper/piper_ros/src/piper_description) by extension 'colcon_meta'
[0.183s] Level 1:colcon.colcon_core.package_identification:_identify(piper/piper_ros/src/piper_description) by extensions ['ros']
[0.183s] Level 1:colcon.colcon_core.package_identification:_identify(piper/piper_ros/src/piper_description) by extension 'ros'
[0.183s] DEBUG:colcon.colcon_core.package_identification:Package 'piper/piper_ros/src/piper_description' with type 'ros.ament_cmake' and name 'piper_description'
[0.183s] Level 1:colcon.colcon_core.package_identification:_identify(piper/piper_ros/src/piper_msgs) by extensions ['ignore', 'ignore_ament_install']
[0.183s] Level 1:colcon.colcon_core.package_identification:_identify(piper/piper_ros/src/piper_msgs) by extension 'ignore'
[0.183s] Level 1:colcon.colcon_core.package_identification:_identify(piper/piper_ros/src/piper_msgs) by extension 'ignore_ament_install'
[0.183s] Level 1:colcon.colcon_core.package_identification:_identify(piper/piper_ros/src/piper_msgs) by extensions ['colcon_pkg']
[0.183s] Level 1:colcon.colcon_core.package_identification:_identify(piper/piper_ros/src/piper_msgs) by extension 'colcon_pkg'
[0.183s] Level 1:colcon.colcon_core.package_identification:_identify(piper/piper_ros/src/piper_msgs) by extensions ['colcon_meta']
[0.183s] Level 1:colcon.colcon_core.package_identification:_identify(piper/piper_ros/src/piper_msgs) by extension 'colcon_meta'
[0.183s] Level 1:colcon.colcon_core.package_identification:_identify(piper/piper_ros/src/piper_msgs) by extensions ['ros']
[0.183s] Level 1:colcon.colcon_core.package_identification:_identify(piper/piper_ros/src/piper_msgs) by extension 'ros'
[0.184s] DEBUG:colcon.colcon_core.package_identification:Package 'piper/piper_ros/src/piper_msgs' with type 'ros.ament_cmake' and name 'piper_msgs'
[0.184s] Level 1:colcon.colcon_core.package_discovery:discover_packages(recursive) using defaults
[0.184s] Level 1:colcon.colcon_core.package_discovery:discover_packages(ignore) discover
[0.184s] Level 1:colcon.colcon_core.package_discovery:discover_packages(ignore) using defaults
[0.184s] Level 1:colcon.colcon_core.package_discovery:discover_packages(path) discover
[0.184s] Level 1:colcon.colcon_core.package_discovery:discover_packages(path) using defaults
[0.205s] INFO:colcon.colcon_core.package_selection:Skipping not selected package 'pika_remote_piper' in 'piper/pika_remote_piper'
[0.205s] INFO:colcon.colcon_core.package_selection:Skipping not selected package 'piper' in 'piper/piper_ros/src/piper'
[0.205s] INFO:colcon.colcon_core.package_selection:Skipping not selected package 'piper_description' in 'piper/piper_ros/src/piper_description'
[0.205s] INFO:colcon.colcon_core.package_selection:Skipping not selected package 'piper_msgs' in 'piper/piper_ros/src/piper_msgs'
[0.206s] Level 1:colcon.colcon_core.package_discovery:discover_packages(prefix_path) check parameters
[0.206s] Level 1:colcon.colcon_core.package_discovery:discover_packages(prefix_path) discover
[0.206s] WARNING:colcon.colcon_ros.prefix_path.ament:The path '/home/dx/ws_/PikaAnyArm/install/piper_description' in the environment variable AMENT_PREFIX_PATH doesn't exist
[0.206s] WARNING:colcon.colcon_ros.prefix_path.ament:The path '/home/dx/ws_/PikaAnyArm/install/piper' in the environment variable AMENT_PREFIX_PATH doesn't exist
[0.206s] WARNING:colcon.colcon_ros.prefix_path.ament:The path '/home/dx/ws_/PikaAnyArm/install/pika_remote_nero' in the environment variable AMENT_PREFIX_PATH doesn't exist
[0.206s] WARNING:colcon.colcon_ros.prefix_path.ament:The path '/home/dx/ws_/PikaAnyArm/install/nero_description' in the environment variable AMENT_PREFIX_PATH doesn't exist
[0.206s] WARNING:colcon.colcon_ros.prefix_path.ament:The path '/home/dx/ws_/PikaAnyArm/install/nero_msgs' in the environment variable AMENT_PREFIX_PATH doesn't exist
[0.206s] WARNING:colcon.colcon_ros.prefix_path.catkin:The path '/home/dx/ws_/PikaAnyArm/install/piper_description' in the environment variable CMAKE_PREFIX_PATH doesn't exist
[0.206s] WARNING:colcon.colcon_ros.prefix_path.catkin:The path '/home/dx/ws_/PikaAnyArm/install/pika_remote_nero' in the environment variable CMAKE_PREFIX_PATH doesn't exist
[0.207s] WARNING:colcon.colcon_ros.prefix_path.catkin:The path '/home/dx/ws_/PikaAnyArm/install/nero_description' in the environment variable CMAKE_PREFIX_PATH doesn't exist
[0.207s] WARNING:colcon.colcon_ros.prefix_path.catkin:The path '/home/dx/ws_/PikaAnyArm/install/nero_msgs' in the environment variable CMAKE_PREFIX_PATH doesn't exist
[0.207s] DEBUG:colcon.colcon_installed_package_information.package_discovery:Found 0 installed packages in /home/dx/ws_/PikaAnyArm/install
[0.208s] DEBUG:colcon.colcon_installed_package_information.package_discovery:Found 276 installed packages in /opt/ros/humble
[0.209s] Level 1:colcon.colcon_core.package_discovery:discover_packages(prefix_path) using defaults
[0.231s] Level 5:colcon.colcon_core.verb:set package 'nero_description' build argument 'cmake_args' from command line to 'None'
[0.231s] Level 5:colcon.colcon_core.verb:set package 'nero_description' build argument 'cmake_target' from command line to 'None'
[0.231s] Level 5:colcon.colcon_core.verb:set package 'nero_description' build argument 'cmake_target_skip_unavailable' from command line to 'False'
[0.231s] Level 5:colcon.colcon_core.verb:set package 'nero_description' build argument 'cmake_clean_cache' from command line to 'False'
[0.231s] Level 5:colcon.colcon_core.verb:set package 'nero_description' build argument 'cmake_clean_first' from command line to 'False'
[0.231s] Level 5:colcon.colcon_core.verb:set package 'nero_description' build argument 'cmake_force_configure' from command line to 'False'
[0.231s] Level 5:colcon.colcon_core.verb:set package 'nero_description' build argument 'ament_cmake_args' from command line to 'None'
[0.231s] Level 5:colcon.colcon_core.verb:set package 'nero_description' build argument 'catkin_cmake_args' from command line to 'None'
[0.231s] Level 5:colcon.colcon_core.verb:set package 'nero_description' build argument 'catkin_skip_building_tests' from command line to 'False'
[0.231s] DEBUG:colcon.colcon_core.verb:Building package 'nero_description' with the following arguments: {'ament_cmake_args': None, 'build_base': '/home/dx/ws_/PikaAnyArm/build/nero_description', 'catkin_cmake_args': None, 'catkin_skip_building_tests': False, 'cmake_args': None, 'cmake_clean_cache': False, 'cmake_clean_first': False, 'cmake_force_configure': False, 'cmake_target': None, 'cmake_target_skip_unavailable': False, 'install_base': '/home/dx/ws_/PikaAnyArm/install/nero_description', 'merge_install': False, 'path': '/home/dx/ws_/PikaAnyArm/nero/nero_ros/src/nero_description', 'symlink_install': False, 'test_result_base': None}
[0.231s] Level 5:colcon.colcon_core.verb:set package 'nero_msgs' build argument 'cmake_args' from command line to 'None'
[0.231s] Level 5:colcon.colcon_core.verb:set package 'nero_msgs' build argument 'cmake_target' from command line to 'None'
[0.231s] Level 5:colcon.colcon_core.verb:set package 'nero_msgs' build argument 'cmake_target_skip_unavailable' from command line to 'False'
[0.231s] Level 5:colcon.colcon_core.verb:set package 'nero_msgs' build argument 'cmake_clean_cache' from command line to 'False'
[0.231s] Level 5:colcon.colcon_core.verb:set package 'nero_msgs' build argument 'cmake_clean_first' from command line to 'False'
[0.231s] Level 5:colcon.colcon_core.verb:set package 'nero_msgs' build argument 'cmake_force_configure' from command line to 'False'
[0.231s] Level 5:colcon.colcon_core.verb:set package 'nero_msgs' build argument 'ament_cmake_args' from command line to 'None'
[0.231s] Level 5:colcon.colcon_core.verb:set package 'nero_msgs' build argument 'catkin_cmake_args' from command line to 'None'
[0.231s] Level 5:colcon.colcon_core.verb:set package 'nero_msgs' build argument 'catkin_skip_building_tests' from command line to 'False'
[0.231s] DEBUG:colcon.colcon_core.verb:Building package 'nero_msgs' with the following arguments: {'ament_cmake_args': None, 'build_base': '/home/dx/ws_/PikaAnyArm/build/nero_msgs', 'catkin_cmake_args': None, 'catkin_skip_building_tests': False, 'cmake_args': None, 'cmake_clean_cache': False, 'cmake_clean_first': False, 'cmake_force_configure': False, 'cmake_target': None, 'cmake_target_skip_unavailable': False, 'install_base': '/home/dx/ws_/PikaAnyArm/install/nero_msgs', 'merge_install': False, 'path': '/home/dx/ws_/PikaAnyArm/nero/nero_ros/src/nero_msgs', 'symlink_install': False, 'test_result_base': None}
[0.232s] Level 5:colcon.colcon_core.verb:set package 'pika_remote_nero' build argument 'cmake_args' from command line to 'None'
[0.232s] Level 5:colcon.colcon_core.verb:set package 'pika_remote_nero' build argument 'cmake_target' from command line to 'None'
[0.232s] Level 5:colcon.colcon_core.verb:set package 'pika_remote_nero' build argument 'cmake_target_skip_unavailable' from command line to 'False'
[0.232s] Level 5:colcon.colcon_core.verb:set package 'pika_remote_nero' build argument 'cmake_clean_cache' from command line to 'False'
[0.232s] Level 5:colcon.colcon_core.verb:set package 'pika_remote_nero' build argument 'cmake_clean_first' from command line to 'False'
[0.232s] Level 5:colcon.colcon_core.verb:set package 'pika_remote_nero' build argument 'cmake_force_configure' from command line to 'False'
[0.232s] Level 5:colcon.colcon_core.verb:set package 'pika_remote_nero' build argument 'ament_cmake_args' from command line to 'None'
[0.232s] Level 5:colcon.colcon_core.verb:set package 'pika_remote_nero' build argument 'catkin_cmake_args' from command line to 'None'
[0.232s] Level 5:colcon.colcon_core.verb:set package 'pika_remote_nero' build argument 'catkin_skip_building_tests' from command line to 'False'
[0.232s] DEBUG:colcon.colcon_core.verb:Building package 'pika_remote_nero' with the following arguments: {'ament_cmake_args': None, 'build_base': '/home/dx/ws_/PikaAnyArm/build/pika_remote_nero', 'catkin_cmake_args': None, 'catkin_skip_building_tests': False, 'cmake_args': None, 'cmake_clean_cache': False, 'cmake_clean_first': False, 'cmake_force_configure': False, 'cmake_target': None, 'cmake_target_skip_unavailable': False, 'install_base': '/home/dx/ws_/PikaAnyArm/install/pika_remote_nero', 'merge_install': False, 'path': '/home/dx/ws_/PikaAnyArm/nero/pika_remote_nero', 'symlink_install': False, 'test_result_base': None}
[0.232s] INFO:colcon.colcon_core.executor:Executing jobs using 'parallel' executor
[0.233s] DEBUG:colcon.colcon_parallel_executor.executor.parallel:run_until_complete
[0.233s] INFO:colcon.colcon_ros.task.ament_cmake.build:Building ROS package in '/home/dx/ws_/PikaAnyArm/nero/nero_ros/src/nero_description' with build type 'ament_cmake'
[0.233s] INFO:colcon.colcon_cmake.task.cmake.build:Building CMake package in '/home/dx/ws_/PikaAnyArm/nero/nero_ros/src/nero_description'
[0.234s] INFO:colcon.colcon_core.plugin_system:Skipping extension 'colcon_core.shell.bat': Not used on non-Windows systems
[0.235s] INFO:colcon.colcon_core.shell:Skip shell extension 'powershell' for command environment: Not usable outside of PowerShell
[0.235s] DEBUG:colcon.colcon_core.shell:Skip shell extension 'dsv' for command environment
[0.237s] INFO:colcon.colcon_ros.task.ament_cmake.build:Building ROS package in '/home/dx/ws_/PikaAnyArm/nero/nero_ros/src/nero_msgs' with build type 'ament_cmake'
[0.237s] INFO:colcon.colcon_cmake.task.cmake.build:Building CMake package in '/home/dx/ws_/PikaAnyArm/nero/nero_ros/src/nero_msgs'
[0.237s] INFO:colcon.colcon_core.shell:Skip shell extension 'powershell' for command environment: Not usable outside of PowerShell
[0.237s] DEBUG:colcon.colcon_core.shell:Skip shell extension 'dsv' for command environment
[0.242s] DEBUG:colcon.colcon_core.event_handler.log_command:Invoking command in '/home/dx/ws_/PikaAnyArm/build/nero_description': CMAKE_PREFIX_PATH=${CMAKE_PREFIX_PATH}:/home/dx/ws_/PikaAnyArm/install/piper:/opt/ros/humble /usr/bin/cmake /home/dx/ws_/PikaAnyArm/nero/nero_ros/src/nero_description -DCMAKE_INSTALL_PREFIX=/home/dx/ws_/PikaAnyArm/install/nero_description
[0.245s] DEBUG:colcon.colcon_core.event_handler.log_command:Invoking command in '/home/dx/ws_/PikaAnyArm/build/nero_msgs': CMAKE_PREFIX_PATH=${CMAKE_PREFIX_PATH}:/home/dx/ws_/PikaAnyArm/install/piper:/opt/ros/humble /usr/bin/cmake /home/dx/ws_/PikaAnyArm/nero/nero_ros/src/nero_msgs -DCMAKE_INSTALL_PREFIX=/home/dx/ws_/PikaAnyArm/install/nero_msgs
[0.752s] DEBUG:colcon.colcon_core.event_handler.log_command:Invoked command in '/home/dx/ws_/PikaAnyArm/build/nero_description' returned '0': CMAKE_PREFIX_PATH=${CMAKE_PREFIX_PATH}:/home/dx/ws_/PikaAnyArm/install/piper:/opt/ros/humble /usr/bin/cmake /home/dx/ws_/PikaAnyArm/nero/nero_ros/src/nero_description -DCMAKE_INSTALL_PREFIX=/home/dx/ws_/PikaAnyArm/install/nero_description
[0.753s] DEBUG:colcon.colcon_core.event_handler.log_command:Invoking command in '/home/dx/ws_/PikaAnyArm/build/nero_description': CMAKE_PREFIX_PATH=${CMAKE_PREFIX_PATH}:/home/dx/ws_/PikaAnyArm/install/piper:/opt/ros/humble /usr/bin/cmake --build /home/dx/ws_/PikaAnyArm/build/nero_description -- -j24 -l24
[0.787s] DEBUG:colcon.colcon_core.event_handler.log_command:Invoked command in '/home/dx/ws_/PikaAnyArm/build/nero_description' returned '0': CMAKE_PREFIX_PATH=${CMAKE_PREFIX_PATH}:/home/dx/ws_/PikaAnyArm/install/piper:/opt/ros/humble /usr/bin/cmake --build /home/dx/ws_/PikaAnyArm/build/nero_description -- -j24 -l24
[0.797s] DEBUG:colcon.colcon_core.event_handler.log_command:Invoking command in '/home/dx/ws_/PikaAnyArm/build/nero_description': CMAKE_PREFIX_PATH=${CMAKE_PREFIX_PATH}:/home/dx/ws_/PikaAnyArm/install/piper:/opt/ros/humble /usr/bin/cmake --install /home/dx/ws_/PikaAnyArm/build/nero_description
[0.844s] Level 1:colcon.colcon_core.environment:create_environment_scripts_only(nero_description)
[0.845s] DEBUG:colcon.colcon_core.event_handler.log_command:Invoked command in '/home/dx/ws_/PikaAnyArm/build/nero_description' returned '0': CMAKE_PREFIX_PATH=${CMAKE_PREFIX_PATH}:/home/dx/ws_/PikaAnyArm/install/piper:/opt/ros/humble /usr/bin/cmake --install /home/dx/ws_/PikaAnyArm/build/nero_description
[0.846s] Level 1:colcon.colcon_core.environment:checking '/home/dx/ws_/PikaAnyArm/install/nero_description' for CMake module files
[0.846s] Level 1:colcon.colcon_core.environment:checking '/home/dx/ws_/PikaAnyArm/install/nero_description' for CMake config files
[0.847s] Level 1:colcon.colcon_core.shell:create_environment_hook('nero_description', 'cmake_prefix_path')
[0.847s] INFO:colcon.colcon_core.shell:Creating environment hook '/home/dx/ws_/PikaAnyArm/install/nero_description/share/nero_description/hook/cmake_prefix_path.ps1'
[0.847s] INFO:colcon.colcon_core.shell:Creating environment descriptor '/home/dx/ws_/PikaAnyArm/install/nero_description/share/nero_description/hook/cmake_prefix_path.dsv'
[0.847s] INFO:colcon.colcon_core.shell:Creating environment hook '/home/dx/ws_/PikaAnyArm/install/nero_description/share/nero_description/hook/cmake_prefix_path.sh'
[0.848s] Level 1:colcon.colcon_core.environment:checking '/home/dx/ws_/PikaAnyArm/install/nero_description/bin'
[0.848s] Level 1:colcon.colcon_core.environment:checking '/home/dx/ws_/PikaAnyArm/install/nero_description/lib/pkgconfig/nero_description.pc'
[0.848s] Level 1:colcon.colcon_core.environment:checking '/home/dx/ws_/PikaAnyArm/install/nero_description/lib/python3.10/site-packages'
[0.848s] Level 1:colcon.colcon_core.environment:checking '/home/dx/ws_/PikaAnyArm/install/nero_description/bin'
[0.848s] INFO:colcon.colcon_core.shell:Creating package script '/home/dx/ws_/PikaAnyArm/install/nero_description/share/nero_description/package.ps1'
[0.849s] INFO:colcon.colcon_core.shell:Creating package descriptor '/home/dx/ws_/PikaAnyArm/install/nero_description/share/nero_description/package.dsv'
[0.850s] INFO:colcon.colcon_core.shell:Creating package script '/home/dx/ws_/PikaAnyArm/install/nero_description/share/nero_description/package.sh'
[0.850s] INFO:colcon.colcon_core.shell:Creating package script '/home/dx/ws_/PikaAnyArm/install/nero_description/share/nero_description/package.bash'
[0.850s] INFO:colcon.colcon_core.shell:Creating package script '/home/dx/ws_/PikaAnyArm/install/nero_description/share/nero_description/package.zsh'
[0.851s] Level 1:colcon.colcon_core.environment:create_file_with_runtime_dependencies(/home/dx/ws_/PikaAnyArm/install/nero_description/share/colcon-core/packages/nero_description)
[0.851s] Level 1:colcon.colcon_core.environment:create_environment_scripts_only(nero_description)
[0.851s] Level 1:colcon.colcon_core.environment:checking '/home/dx/ws_/PikaAnyArm/install/nero_description' for CMake module files
[0.852s] Level 1:colcon.colcon_core.environment:checking '/home/dx/ws_/PikaAnyArm/install/nero_description' for CMake config files
[0.852s] Level 1:colcon.colcon_core.shell:create_environment_hook('nero_description', 'cmake_prefix_path')
[0.852s] INFO:colcon.colcon_core.shell:Creating environment hook '/home/dx/ws_/PikaAnyArm/install/nero_description/share/nero_description/hook/cmake_prefix_path.ps1'
[0.852s] INFO:colcon.colcon_core.shell:Creating environment descriptor '/home/dx/ws_/PikaAnyArm/install/nero_description/share/nero_description/hook/cmake_prefix_path.dsv'
[0.852s] INFO:colcon.colcon_core.shell:Creating environment hook '/home/dx/ws_/PikaAnyArm/install/nero_description/share/nero_description/hook/cmake_prefix_path.sh'
[0.853s] Level 1:colcon.colcon_core.environment:checking '/home/dx/ws_/PikaAnyArm/install/nero_description/bin'
[0.853s] Level 1:colcon.colcon_core.environment:checking '/home/dx/ws_/PikaAnyArm/install/nero_description/lib/pkgconfig/nero_description.pc'
[0.853s] Level 1:colcon.colcon_core.environment:checking '/home/dx/ws_/PikaAnyArm/install/nero_description/lib/python3.10/site-packages'
[0.853s] Level 1:colcon.colcon_core.environment:checking '/home/dx/ws_/PikaAnyArm/install/nero_description/bin'
[0.853s] INFO:colcon.colcon_core.shell:Creating package script '/home/dx/ws_/PikaAnyArm/install/nero_description/share/nero_description/package.ps1'
[0.854s] INFO:colcon.colcon_core.shell:Creating package descriptor '/home/dx/ws_/PikaAnyArm/install/nero_description/share/nero_description/package.dsv'
[0.854s] INFO:colcon.colcon_core.shell:Creating package script '/home/dx/ws_/PikaAnyArm/install/nero_description/share/nero_description/package.sh'
[0.854s] INFO:colcon.colcon_core.shell:Creating package script '/home/dx/ws_/PikaAnyArm/install/nero_description/share/nero_description/package.bash'
[0.854s] INFO:colcon.colcon_core.shell:Creating package script '/home/dx/ws_/PikaAnyArm/install/nero_description/share/nero_description/package.zsh'
[0.855s] Level 1:colcon.colcon_core.environment:create_file_with_runtime_dependencies(/home/dx/ws_/PikaAnyArm/install/nero_description/share/colcon-core/packages/nero_description)
[0.855s] INFO:colcon.colcon_ros.task.ament_cmake.build:Building ROS package in '/home/dx/ws_/PikaAnyArm/nero/pika_remote_nero' with build type 'ament_cmake'
[0.855s] INFO:colcon.colcon_cmake.task.cmake.build:Building CMake package in '/home/dx/ws_/PikaAnyArm/nero/pika_remote_nero'
[0.855s] INFO:colcon.colcon_core.shell:Skip shell extension 'powershell' for command environment: Not usable outside of PowerShell
[0.855s] DEBUG:colcon.colcon_core.shell:Skip shell extension 'dsv' for command environment
[0.863s] DEBUG:colcon.colcon_core.event_handler.log_command:Invoking command in '/home/dx/ws_/PikaAnyArm/build/pika_remote_nero': CMAKE_PREFIX_PATH=/home/dx/ws_/PikaAnyArm/install/nero_description:/home/dx/ws_/PikaAnyArm/install/piper_description:/home/dx/ws_/PikaAnyArm/install/pika_remote_nero:/home/dx/ws_/PikaAnyArm/install/nero_msgs:/home/dx/ws_/PikaAnyArm/install/piper:/opt/ros/humble /usr/bin/cmake /home/dx/ws_/PikaAnyArm/nero/pika_remote_nero -DCMAKE_INSTALL_PREFIX=/home/dx/ws_/PikaAnyArm/install/pika_remote_nero
[1.455s] DEBUG:colcon.colcon_core.event_handler.log_command:Invoked command in '/home/dx/ws_/PikaAnyArm/build/pika_remote_nero' returned '0': CMAKE_PREFIX_PATH=/home/dx/ws_/PikaAnyArm/install/nero_description:/home/dx/ws_/PikaAnyArm/install/piper_description:/home/dx/ws_/PikaAnyArm/install/pika_remote_nero:/home/dx/ws_/PikaAnyArm/install/nero_msgs:/home/dx/ws_/PikaAnyArm/install/piper:/opt/ros/humble /usr/bin/cmake /home/dx/ws_/PikaAnyArm/nero/pika_remote_nero -DCMAKE_INSTALL_PREFIX=/home/dx/ws_/PikaAnyArm/install/pika_remote_nero
[1.455s] DEBUG:colcon.colcon_core.event_handler.log_command:Invoking command in '/home/dx/ws_/PikaAnyArm/build/pika_remote_nero': CMAKE_PREFIX_PATH=/home/dx/ws_/PikaAnyArm/install/nero_description:/home/dx/ws_/PikaAnyArm/install/piper_description:/home/dx/ws_/PikaAnyArm/install/pika_remote_nero:/home/dx/ws_/PikaAnyArm/install/nero_msgs:/home/dx/ws_/PikaAnyArm/install/piper:/opt/ros/humble /usr/bin/cmake --build /home/dx/ws_/PikaAnyArm/build/pika_remote_nero -- -j24 -l24
[1.467s] DEBUG:colcon.colcon_core.event_handler.log_command:Invoked command in '/home/dx/ws_/PikaAnyArm/build/nero_msgs' returned '0': CMAKE_PREFIX_PATH=${CMAKE_PREFIX_PATH}:/home/dx/ws_/PikaAnyArm/install/piper:/opt/ros/humble /usr/bin/cmake /home/dx/ws_/PikaAnyArm/nero/nero_ros/src/nero_msgs -DCMAKE_INSTALL_PREFIX=/home/dx/ws_/PikaAnyArm/install/nero_msgs
[1.469s] DEBUG:colcon.colcon_core.event_handler.log_command:Invoking command in '/home/dx/ws_/PikaAnyArm/build/nero_msgs': CMAKE_PREFIX_PATH=${CMAKE_PREFIX_PATH}:/home/dx/ws_/PikaAnyArm/install/piper:/opt/ros/humble /usr/bin/cmake --build /home/dx/ws_/PikaAnyArm/build/nero_msgs -- -j24 -l24
[1.487s] DEBUG:colcon.colcon_core.event_handler.log_command:Invoked command in '/home/dx/ws_/PikaAnyArm/build/pika_remote_nero' returned '0': CMAKE_PREFIX_PATH=/home/dx/ws_/PikaAnyArm/install/nero_description:/home/dx/ws_/PikaAnyArm/install/piper_description:/home/dx/ws_/PikaAnyArm/install/pika_remote_nero:/home/dx/ws_/PikaAnyArm/install/nero_msgs:/home/dx/ws_/PikaAnyArm/install/piper:/opt/ros/humble /usr/bin/cmake --build /home/dx/ws_/PikaAnyArm/build/pika_remote_nero -- -j24 -l24
[1.490s] DEBUG:colcon.colcon_core.event_handler.log_command:Invoking command in '/home/dx/ws_/PikaAnyArm/build/pika_remote_nero': CMAKE_PREFIX_PATH=/home/dx/ws_/PikaAnyArm/install/nero_description:/home/dx/ws_/PikaAnyArm/install/piper_description:/home/dx/ws_/PikaAnyArm/install/pika_remote_nero:/home/dx/ws_/PikaAnyArm/install/nero_msgs:/home/dx/ws_/PikaAnyArm/install/piper:/opt/ros/humble /usr/bin/cmake --install /home/dx/ws_/PikaAnyArm/build/pika_remote_nero
[1.501s] Level 1:colcon.colcon_core.environment:create_environment_scripts_only(pika_remote_nero)
[1.502s] Level 1:colcon.colcon_core.environment:checking '/home/dx/ws_/PikaAnyArm/install/pika_remote_nero' for CMake module files
[1.503s] DEBUG:colcon.colcon_core.event_handler.log_command:Invoked command in '/home/dx/ws_/PikaAnyArm/build/pika_remote_nero' returned '0': CMAKE_PREFIX_PATH=/home/dx/ws_/PikaAnyArm/install/nero_description:/home/dx/ws_/PikaAnyArm/install/piper_description:/home/dx/ws_/PikaAnyArm/install/pika_remote_nero:/home/dx/ws_/PikaAnyArm/install/nero_msgs:/home/dx/ws_/PikaAnyArm/install/piper:/opt/ros/humble /usr/bin/cmake --install /home/dx/ws_/PikaAnyArm/build/pika_remote_nero
[1.503s] Level 1:colcon.colcon_core.environment:checking '/home/dx/ws_/PikaAnyArm/install/pika_remote_nero' for CMake config files
[1.503s] Level 1:colcon.colcon_core.shell:create_environment_hook('pika_remote_nero', 'cmake_prefix_path')
[1.503s] INFO:colcon.colcon_core.shell:Creating environment hook '/home/dx/ws_/PikaAnyArm/install/pika_remote_nero/share/pika_remote_nero/hook/cmake_prefix_path.ps1'
[1.504s] INFO:colcon.colcon_core.shell:Creating environment descriptor '/home/dx/ws_/PikaAnyArm/install/pika_remote_nero/share/pika_remote_nero/hook/cmake_prefix_path.dsv'
[1.504s] INFO:colcon.colcon_core.shell:Creating environment hook '/home/dx/ws_/PikaAnyArm/install/pika_remote_nero/share/pika_remote_nero/hook/cmake_prefix_path.sh'
[1.505s] Level 1:colcon.colcon_core.environment:checking '/home/dx/ws_/PikaAnyArm/install/pika_remote_nero/lib'
[1.505s] Level 1:colcon.colcon_core.environment:checking '/home/dx/ws_/PikaAnyArm/install/pika_remote_nero/bin'
[1.505s] Level 1:colcon.colcon_core.environment:checking '/home/dx/ws_/PikaAnyArm/install/pika_remote_nero/lib/pkgconfig/pika_remote_nero.pc'
[1.505s] Level 1:colcon.colcon_core.environment:checking '/home/dx/ws_/PikaAnyArm/install/pika_remote_nero/lib/python3.10/site-packages'
[1.506s] Level 1:colcon.colcon_core.environment:checking '/home/dx/ws_/PikaAnyArm/install/pika_remote_nero/bin'
[1.506s] INFO:colcon.colcon_core.shell:Creating package script '/home/dx/ws_/PikaAnyArm/install/pika_remote_nero/share/pika_remote_nero/package.ps1'
[1.506s] INFO:colcon.colcon_core.shell:Creating package descriptor '/home/dx/ws_/PikaAnyArm/install/pika_remote_nero/share/pika_remote_nero/package.dsv'
[1.507s] INFO:colcon.colcon_core.shell:Creating package script '/home/dx/ws_/PikaAnyArm/install/pika_remote_nero/share/pika_remote_nero/package.sh'
[1.507s] INFO:colcon.colcon_core.shell:Creating package script '/home/dx/ws_/PikaAnyArm/install/pika_remote_nero/share/pika_remote_nero/package.bash'
[1.507s] INFO:colcon.colcon_core.shell:Creating package script '/home/dx/ws_/PikaAnyArm/install/pika_remote_nero/share/pika_remote_nero/package.zsh'
[1.507s] Level 1:colcon.colcon_core.environment:create_file_with_runtime_dependencies(/home/dx/ws_/PikaAnyArm/install/pika_remote_nero/share/colcon-core/packages/pika_remote_nero)
[1.508s] Level 1:colcon.colcon_core.environment:create_environment_scripts_only(pika_remote_nero)
[1.508s] Level 1:colcon.colcon_core.environment:checking '/home/dx/ws_/PikaAnyArm/install/pika_remote_nero' for CMake module files
[1.508s] Level 1:colcon.colcon_core.environment:checking '/home/dx/ws_/PikaAnyArm/install/pika_remote_nero' for CMake config files
[1.508s] Level 1:colcon.colcon_core.shell:create_environment_hook('pika_remote_nero', 'cmake_prefix_path')
[1.508s] INFO:colcon.colcon_core.shell:Creating environment hook '/home/dx/ws_/PikaAnyArm/install/pika_remote_nero/share/pika_remote_nero/hook/cmake_prefix_path.ps1'
[1.509s] INFO:colcon.colcon_core.shell:Creating environment descriptor '/home/dx/ws_/PikaAnyArm/install/pika_remote_nero/share/pika_remote_nero/hook/cmake_prefix_path.dsv'
[1.509s] INFO:colcon.colcon_core.shell:Creating environment hook '/home/dx/ws_/PikaAnyArm/install/pika_remote_nero/share/pika_remote_nero/hook/cmake_prefix_path.sh'
[1.510s] Level 1:colcon.colcon_core.environment:checking '/home/dx/ws_/PikaAnyArm/install/pika_remote_nero/lib'
[1.510s] Level 1:colcon.colcon_core.environment:checking '/home/dx/ws_/PikaAnyArm/install/pika_remote_nero/bin'
[1.510s] Level 1:colcon.colcon_core.environment:checking '/home/dx/ws_/PikaAnyArm/install/pika_remote_nero/lib/pkgconfig/pika_remote_nero.pc'
[1.510s] Level 1:colcon.colcon_core.environment:checking '/home/dx/ws_/PikaAnyArm/install/pika_remote_nero/lib/python3.10/site-packages'
[1.510s] Level 1:colcon.colcon_core.environment:checking '/home/dx/ws_/PikaAnyArm/install/pika_remote_nero/bin'
[1.511s] INFO:colcon.colcon_core.shell:Creating package script '/home/dx/ws_/PikaAnyArm/install/pika_remote_nero/share/pika_remote_nero/package.ps1'
[1.511s] INFO:colcon.colcon_core.shell:Creating package descriptor '/home/dx/ws_/PikaAnyArm/install/pika_remote_nero/share/pika_remote_nero/package.dsv'
[1.512s] INFO:colcon.colcon_core.shell:Creating package script '/home/dx/ws_/PikaAnyArm/install/pika_remote_nero/share/pika_remote_nero/package.sh'
[1.512s] INFO:colcon.colcon_core.shell:Creating package script '/home/dx/ws_/PikaAnyArm/install/pika_remote_nero/share/pika_remote_nero/package.bash'
[1.512s] INFO:colcon.colcon_core.shell:Creating package script '/home/dx/ws_/PikaAnyArm/install/pika_remote_nero/share/pika_remote_nero/package.zsh'
[1.512s] Level 1:colcon.colcon_core.environment:create_file_with_runtime_dependencies(/home/dx/ws_/PikaAnyArm/install/pika_remote_nero/share/colcon-core/packages/pika_remote_nero)
[3.330s] DEBUG:colcon.colcon_core.event_handler.log_command:Invoked command in '/home/dx/ws_/PikaAnyArm/build/nero_msgs' returned '0': CMAKE_PREFIX_PATH=${CMAKE_PREFIX_PATH}:/home/dx/ws_/PikaAnyArm/install/piper:/opt/ros/humble /usr/bin/cmake --build /home/dx/ws_/PikaAnyArm/build/nero_msgs -- -j24 -l24
[3.332s] DEBUG:colcon.colcon_core.event_handler.log_command:Invoking command in '/home/dx/ws_/PikaAnyArm/build/nero_msgs': CMAKE_PREFIX_PATH=${CMAKE_PREFIX_PATH}:/home/dx/ws_/PikaAnyArm/install/piper:/opt/ros/humble /usr/bin/cmake --install /home/dx/ws_/PikaAnyArm/build/nero_msgs
[3.380s] Level 1:colcon.colcon_core.environment:create_environment_scripts_only(nero_msgs)
[3.380s] DEBUG:colcon.colcon_core.event_handler.log_command:Invoked command in '/home/dx/ws_/PikaAnyArm/build/nero_msgs' returned '0': CMAKE_PREFIX_PATH=${CMAKE_PREFIX_PATH}:/home/dx/ws_/PikaAnyArm/install/piper:/opt/ros/humble /usr/bin/cmake --install /home/dx/ws_/PikaAnyArm/build/nero_msgs
[3.380s] Level 1:colcon.colcon_core.environment:checking '/home/dx/ws_/PikaAnyArm/install/nero_msgs' for CMake module files
[3.381s] Level 1:colcon.colcon_core.environment:checking '/home/dx/ws_/PikaAnyArm/install/nero_msgs' for CMake config files
[3.381s] Level 1:colcon.colcon_core.shell:create_environment_hook('nero_msgs', 'cmake_prefix_path')
[3.382s] INFO:colcon.colcon_core.shell:Creating environment hook '/home/dx/ws_/PikaAnyArm/install/nero_msgs/share/nero_msgs/hook/cmake_prefix_path.ps1'
[3.382s] INFO:colcon.colcon_core.shell:Creating environment descriptor '/home/dx/ws_/PikaAnyArm/install/nero_msgs/share/nero_msgs/hook/cmake_prefix_path.dsv'
[3.382s] INFO:colcon.colcon_core.shell:Creating environment hook '/home/dx/ws_/PikaAnyArm/install/nero_msgs/share/nero_msgs/hook/cmake_prefix_path.sh'
[3.383s] Level 1:colcon.colcon_core.environment:checking '/home/dx/ws_/PikaAnyArm/install/nero_msgs/lib'
[3.383s] Level 1:colcon.colcon_core.shell:create_environment_hook('nero_msgs', 'ld_library_path_lib')
[3.383s] INFO:colcon.colcon_core.shell:Creating environment hook '/home/dx/ws_/PikaAnyArm/install/nero_msgs/share/nero_msgs/hook/ld_library_path_lib.ps1'
[3.384s] INFO:colcon.colcon_core.shell:Creating environment descriptor '/home/dx/ws_/PikaAnyArm/install/nero_msgs/share/nero_msgs/hook/ld_library_path_lib.dsv'
[3.384s] INFO:colcon.colcon_core.shell:Creating environment hook '/home/dx/ws_/PikaAnyArm/install/nero_msgs/share/nero_msgs/hook/ld_library_path_lib.sh'
[3.384s] Level 1:colcon.colcon_core.environment:checking '/home/dx/ws_/PikaAnyArm/install/nero_msgs/bin'
[3.384s] Level 1:colcon.colcon_core.environment:checking '/home/dx/ws_/PikaAnyArm/install/nero_msgs/lib/pkgconfig/nero_msgs.pc'
[3.384s] Level 1:colcon.colcon_core.environment:checking '/home/dx/ws_/PikaAnyArm/install/nero_msgs/lib/python3.10/site-packages'
[3.385s] Level 1:colcon.colcon_core.environment:checking '/home/dx/ws_/PikaAnyArm/install/nero_msgs/bin'
[3.385s] INFO:colcon.colcon_core.shell:Creating package script '/home/dx/ws_/PikaAnyArm/install/nero_msgs/share/nero_msgs/package.ps1'
[3.386s] INFO:colcon.colcon_core.shell:Creating package descriptor '/home/dx/ws_/PikaAnyArm/install/nero_msgs/share/nero_msgs/package.dsv'
[3.386s] INFO:colcon.colcon_core.shell:Creating package script '/home/dx/ws_/PikaAnyArm/install/nero_msgs/share/nero_msgs/package.sh'
[3.387s] INFO:colcon.colcon_core.shell:Creating package script '/home/dx/ws_/PikaAnyArm/install/nero_msgs/share/nero_msgs/package.bash'
[3.387s] INFO:colcon.colcon_core.shell:Creating package script '/home/dx/ws_/PikaAnyArm/install/nero_msgs/share/nero_msgs/package.zsh'
[3.388s] Level 1:colcon.colcon_core.environment:create_file_with_runtime_dependencies(/home/dx/ws_/PikaAnyArm/install/nero_msgs/share/colcon-core/packages/nero_msgs)
[3.389s] Level 1:colcon.colcon_core.environment:create_environment_scripts_only(nero_msgs)
[3.389s] Level 1:colcon.colcon_core.environment:checking '/home/dx/ws_/PikaAnyArm/install/nero_msgs' for CMake module files
[3.390s] Level 1:colcon.colcon_core.environment:checking '/home/dx/ws_/PikaAnyArm/install/nero_msgs' for CMake config files
[3.390s] Level 1:colcon.colcon_core.shell:create_environment_hook('nero_msgs', 'cmake_prefix_path')
[3.390s] INFO:colcon.colcon_core.shell:Creating environment hook '/home/dx/ws_/PikaAnyArm/install/nero_msgs/share/nero_msgs/hook/cmake_prefix_path.ps1'
[3.390s] INFO:colcon.colcon_core.shell:Creating environment descriptor '/home/dx/ws_/PikaAnyArm/install/nero_msgs/share/nero_msgs/hook/cmake_prefix_path.dsv'
[3.391s] INFO:colcon.colcon_core.shell:Creating environment hook '/home/dx/ws_/PikaAnyArm/install/nero_msgs/share/nero_msgs/hook/cmake_prefix_path.sh'
[3.391s] Level 1:colcon.colcon_core.environment:checking '/home/dx/ws_/PikaAnyArm/install/nero_msgs/lib'
[3.391s] Level 1:colcon.colcon_core.shell:create_environment_hook('nero_msgs', 'ld_library_path_lib')
[3.392s] INFO:colcon.colcon_core.shell:Creating environment hook '/home/dx/ws_/PikaAnyArm/install/nero_msgs/share/nero_msgs/hook/ld_library_path_lib.ps1'
[3.392s] INFO:colcon.colcon_core.shell:Creating environment descriptor '/home/dx/ws_/PikaAnyArm/install/nero_msgs/share/nero_msgs/hook/ld_library_path_lib.dsv'
[3.392s] INFO:colcon.colcon_core.shell:Creating environment hook '/home/dx/ws_/PikaAnyArm/install/nero_msgs/share/nero_msgs/hook/ld_library_path_lib.sh'
[3.393s] Level 1:colcon.colcon_core.environment:checking '/home/dx/ws_/PikaAnyArm/install/nero_msgs/bin'
[3.393s] Level 1:colcon.colcon_core.environment:checking '/home/dx/ws_/PikaAnyArm/install/nero_msgs/lib/pkgconfig/nero_msgs.pc'
[3.393s] Level 1:colcon.colcon_core.environment:checking '/home/dx/ws_/PikaAnyArm/install/nero_msgs/lib/python3.10/site-packages'
[3.393s] Level 1:colcon.colcon_core.environment:checking '/home/dx/ws_/PikaAnyArm/install/nero_msgs/bin'
[3.393s] INFO:colcon.colcon_core.shell:Creating package script '/home/dx/ws_/PikaAnyArm/install/nero_msgs/share/nero_msgs/package.ps1'
[3.394s] INFO:colcon.colcon_core.shell:Creating package descriptor '/home/dx/ws_/PikaAnyArm/install/nero_msgs/share/nero_msgs/package.dsv'
[3.395s] INFO:colcon.colcon_core.shell:Creating package script '/home/dx/ws_/PikaAnyArm/install/nero_msgs/share/nero_msgs/package.sh'
[3.395s] INFO:colcon.colcon_core.shell:Creating package script '/home/dx/ws_/PikaAnyArm/install/nero_msgs/share/nero_msgs/package.bash'
[3.395s] INFO:colcon.colcon_core.shell:Creating package script '/home/dx/ws_/PikaAnyArm/install/nero_msgs/share/nero_msgs/package.zsh'
[3.396s] Level 1:colcon.colcon_core.environment:create_file_with_runtime_dependencies(/home/dx/ws_/PikaAnyArm/install/nero_msgs/share/colcon-core/packages/nero_msgs)
[3.396s] DEBUG:colcon.colcon_parallel_executor.executor.parallel:closing loop
[3.397s] DEBUG:colcon.colcon_parallel_executor.executor.parallel:loop closed
[3.397s] DEBUG:colcon.colcon_parallel_executor.executor.parallel:run_until_complete finished with '0'
[3.397s] DEBUG:colcon.colcon_core.event_reactor:joining thread
[3.400s] INFO:colcon.colcon_core.plugin_system:Skipping extension 'colcon_notification.desktop_notification.terminal_notifier': Not used on non-Darwin systems
[3.400s] INFO:colcon.colcon_core.plugin_system:Skipping extension 'colcon_notification.desktop_notification.win32': Not used on non-Windows systems
[3.400s] INFO:colcon.colcon_notification.desktop_notification:Sending desktop notification using 'notify2'
[3.411s] DEBUG:colcon.colcon_core.event_reactor:joined thread
[3.411s] INFO:colcon.colcon_core.shell:Creating prefix script '/home/dx/ws_/PikaAnyArm/install/local_setup.ps1'
[3.413s] INFO:colcon.colcon_core.shell:Creating prefix util module '/home/dx/ws_/PikaAnyArm/install/_local_setup_util_ps1.py'
[3.414s] INFO:colcon.colcon_core.shell:Creating prefix chain script '/home/dx/ws_/PikaAnyArm/install/setup.ps1'
[3.414s] INFO:colcon.colcon_core.shell:Creating prefix script '/home/dx/ws_/PikaAnyArm/install/local_setup.sh'
[3.415s] INFO:colcon.colcon_core.shell:Creating prefix util module '/home/dx/ws_/PikaAnyArm/install/_local_setup_util_sh.py'
[3.415s] INFO:colcon.colcon_core.shell:Creating prefix chain script '/home/dx/ws_/PikaAnyArm/install/setup.sh'
[3.416s] INFO:colcon.colcon_core.shell:Creating prefix script '/home/dx/ws_/PikaAnyArm/install/local_setup.bash'
[3.416s] INFO:colcon.colcon_core.shell:Creating prefix chain script '/home/dx/ws_/PikaAnyArm/install/setup.bash'
[3.417s] INFO:colcon.colcon_core.shell:Creating prefix script '/home/dx/ws_/PikaAnyArm/install/local_setup.zsh'
[3.417s] INFO:colcon.colcon_core.shell:Creating prefix chain script '/home/dx/ws_/PikaAnyArm/install/setup.zsh'
