[0.151s] Invoking command in '/home/dx/ws_/PikaAnyArm/build/nero_msgs': CMAKE_PREFIX_PATH=/opt/ros/humble /usr/bin/cmake --build /home/dx/ws_/PikaAnyArm/build/nero_msgs -- -j24 -l24
[0.184s] Consolidate compiler generated dependencies of target nero_msgs__rosidl_generator_c
[0.192s] [  2%] Built target nero_msgs__cpp
[0.193s] [  4%] Built target nero_msgs__rs
[0.194s] [ 14%] Built target nero_msgs__rosidl_generator_c
[0.197s] [ 14%] Built target ament_cmake_python_copy_nero_msgs
[0.202s] Consolidate compiler generated dependencies of target nero_msgs__rosidl_typesupport_fastrtps_cpp
[0.203s] Consolidate compiler generated dependencies of target nero_msgs__rosidl_typesupport_introspection_cpp
[0.204s] Consolidate compiler generated dependencies of target nero_msgs__rosidl_typesupport_introspection_c
[0.205s] Consolidate compiler generated dependencies of target nero_msgs__rosidl_typesupport_cpp
[0.206s] Consolidate compiler generated dependencies of target nero_msgs__rosidl_typesupport_c
[0.207s] Consolidate compiler generated dependencies of target nero_msgs__rosidl_typesupport_fastrtps_c
[0.212s] [ 25%] Built target nero_msgs__rosidl_typesupport_introspection_c
[0.213s] [ 35%] Built target nero_msgs__rosidl_typesupport_cpp
[0.214s] [ 45%] Built target nero_msgs__rosidl_typesupport_fastrtps_cpp
[0.214s] [ 56%] Built target nero_msgs__rosidl_typesupport_introspection_cpp
[0.215s] [ 66%] Built target nero_msgs__rosidl_typesupport_fastrtps_c
[0.217s] [ 77%] Built target nero_msgs__rosidl_typesupport_c
[0.234s] [ 77%] Built target nero_msgs
[0.252s] [ 79%] Built target nero_msgs__py
[0.262s] Consolidate compiler generated dependencies of target nero_msgs__rosidl_generator_py
[0.271s] [ 87%] Built target nero_msgs__rosidl_generator_py
[0.283s] Consolidate compiler generated dependencies of target nero_msgs__rosidl_typesupport_fastrtps_c__pyext
[0.283s] Consolidate compiler generated dependencies of target nero_msgs__rosidl_typesupport_c__pyext
[0.283s] Consolidate compiler generated dependencies of target nero_msgs__rosidl_typesupport_introspection_c__pyext
[0.294s] [100%] Built target nero_msgs__rosidl_typesupport_fastrtps_c__pyext
[0.294s] [100%] Built target nero_msgs__rosidl_typesupport_introspection_c__pyext
[0.294s] [100%] Built target nero_msgs__rosidl_typesupport_c__pyext
[0.350s] running egg_info
[0.350s] writing nero_msgs.egg-info/PKG-INFO
[0.351s] writing dependency_links to nero_msgs.egg-info/dependency_links.txt
[0.351s] writing top-level names to nero_msgs.egg-info/top_level.txt
[0.352s] reading manifest file 'nero_msgs.egg-info/SOURCES.txt'
[0.352s] writing manifest file 'nero_msgs.egg-info/SOURCES.txt'
[0.372s] [100%] Built target ament_cmake_python_build_nero_msgs_egg
[0.382s] Invoked command in '/home/dx/ws_/PikaAnyArm/build/nero_msgs' returned '0': CMAKE_PREFIX_PATH=/opt/ros/humble /usr/bin/cmake --build /home/dx/ws_/PikaAnyArm/build/nero_msgs -- -j24 -l24
[0.390s] Invoking command in '/home/dx/ws_/PikaAnyArm/build/nero_msgs': CMAKE_PREFIX_PATH=/opt/ros/humble /usr/bin/cmake --install /home/dx/ws_/PikaAnyArm/build/nero_msgs
[0.396s] -- Install configuration: ""
[0.397s] -- Up-to-date: /home/dx/ws_/PikaAnyArm/install/nero_msgs/share/ament_index/resource_index/rosidl_interfaces/nero_msgs
[0.397s] -- Up-to-date: /home/dx/ws_/PikaAnyArm/install/nero_msgs/include/nero_msgs/nero_msgs
[0.397s] -- Up-to-date: /home/dx/ws_/PikaAnyArm/install/nero_msgs/include/nero_msgs/nero_msgs/msg
[0.397s] -- Up-to-date: /home/dx/ws_/PikaAnyArm/install/nero_msgs/include/nero_msgs/nero_msgs/msg/pos_cmd.h
[0.397s] -- Up-to-date: /home/dx/ws_/PikaAnyArm/install/nero_msgs/include/nero_msgs/nero_msgs/msg/nero_status_msg.h
[0.397s] -- Up-to-date: /home/dx/ws_/PikaAnyArm/install/nero_msgs/include/nero_msgs/nero_msgs/msg/rosidl_generator_c__visibility_control.h
[0.397s] -- Up-to-date: /home/dx/ws_/PikaAnyArm/install/nero_msgs/include/nero_msgs/nero_msgs/msg/detail
[0.397s] -- Up-to-date: /home/dx/ws_/PikaAnyArm/install/nero_msgs/include/nero_msgs/nero_msgs/msg/detail/pos_cmd__struct.h
[0.397s] -- Up-to-date: /home/dx/ws_/PikaAnyArm/install/nero_msgs/include/nero_msgs/nero_msgs/msg/detail/pos_cmd__functions.c
[0.397s] -- Up-to-date: /home/dx/ws_/PikaAnyArm/install/nero_msgs/include/nero_msgs/nero_msgs/msg/detail/nero_status_msg__functions.c
[0.397s] -- Up-to-date: /home/dx/ws_/PikaAnyArm/install/nero_msgs/include/nero_msgs/nero_msgs/msg/detail/nero_status_msg__struct.h
[0.397s] -- Up-to-date: /home/dx/ws_/PikaAnyArm/install/nero_msgs/include/nero_msgs/nero_msgs/msg/detail/nero_status_msg__functions.h
[0.397s] -- Up-to-date: /home/dx/ws_/PikaAnyArm/install/nero_msgs/include/nero_msgs/nero_msgs/msg/detail/pos_cmd__type_support.h
[0.397s] -- Up-to-date: /home/dx/ws_/PikaAnyArm/install/nero_msgs/include/nero_msgs/nero_msgs/msg/detail/nero_status_msg__type_support.h
[0.397s] -- Up-to-date: /home/dx/ws_/PikaAnyArm/install/nero_msgs/include/nero_msgs/nero_msgs/msg/detail/pos_cmd__functions.h
[0.397s] -- Up-to-date: /home/dx/ws_/PikaAnyArm/install/nero_msgs/include/nero_msgs/nero_msgs/srv
[0.397s] -- Up-to-date: /home/dx/ws_/PikaAnyArm/install/nero_msgs/include/nero_msgs/nero_msgs/srv/enable.h
[0.397s] -- Up-to-date: /home/dx/ws_/PikaAnyArm/install/nero_msgs/include/nero_msgs/nero_msgs/srv/detail
[0.397s] -- Up-to-date: /home/dx/ws_/PikaAnyArm/install/nero_msgs/include/nero_msgs/nero_msgs/srv/detail/enable__functions.c
[0.397s] -- Up-to-date: /home/dx/ws_/PikaAnyArm/install/nero_msgs/include/nero_msgs/nero_msgs/srv/detail/enable__type_support.h
[0.397s] -- Up-to-date: /home/dx/ws_/PikaAnyArm/install/nero_msgs/include/nero_msgs/nero_msgs/srv/detail/enable__functions.h
[0.397s] -- Up-to-date: /home/dx/ws_/PikaAnyArm/install/nero_msgs/include/nero_msgs/nero_msgs/srv/detail/enable__struct.h
[0.397s] -- Up-to-date: /home/dx/ws_/PikaAnyArm/install/nero_msgs/share/nero_msgs/environment/library_path.sh
[0.397s] -- Up-to-date: /home/dx/ws_/PikaAnyArm/install/nero_msgs/share/nero_msgs/environment/library_path.dsv
[0.397s] -- Up-to-date: /home/dx/ws_/PikaAnyArm/install/nero_msgs/lib/libnero_msgs__rosidl_generator_c.so
[0.397s] -- Up-to-date: /home/dx/ws_/PikaAnyArm/install/nero_msgs/include/nero_msgs/nero_msgs
[0.398s] -- Up-to-date: /home/dx/ws_/PikaAnyArm/install/nero_msgs/include/nero_msgs/nero_msgs/msg
[0.398s] -- Up-to-date: /home/dx/ws_/PikaAnyArm/install/nero_msgs/include/nero_msgs/nero_msgs/msg/detail
[0.398s] -- Up-to-date: /home/dx/ws_/PikaAnyArm/install/nero_msgs/include/nero_msgs/nero_msgs/msg/detail/pos_cmd__rosidl_typesupport_fastrtps_c.h
[0.398s] -- Up-to-date: /home/dx/ws_/PikaAnyArm/install/nero_msgs/include/nero_msgs/nero_msgs/msg/detail/nero_status_msg__rosidl_typesupport_fastrtps_c.h
[0.398s] -- Up-to-date: /home/dx/ws_/PikaAnyArm/install/nero_msgs/include/nero_msgs/nero_msgs/msg/rosidl_typesupport_fastrtps_c__visibility_control.h
[0.398s] -- Up-to-date: /home/dx/ws_/PikaAnyArm/install/nero_msgs/include/nero_msgs/nero_msgs/srv
[0.398s] -- Up-to-date: /home/dx/ws_/PikaAnyArm/install/nero_msgs/include/nero_msgs/nero_msgs/srv/detail
[0.398s] -- Up-to-date: /home/dx/ws_/PikaAnyArm/install/nero_msgs/include/nero_msgs/nero_msgs/srv/detail/enable__rosidl_typesupport_fastrtps_c.h
[0.398s] -- Up-to-date: /home/dx/ws_/PikaAnyArm/install/nero_msgs/lib/libnero_msgs__rosidl_typesupport_fastrtps_c.so
[0.398s] -- Up-to-date: /home/dx/ws_/PikaAnyArm/install/nero_msgs/include/nero_msgs/nero_msgs
[0.398s] -- Up-to-date: /home/dx/ws_/PikaAnyArm/install/nero_msgs/include/nero_msgs/nero_msgs/msg
[0.398s] -- Up-to-date: /home/dx/ws_/PikaAnyArm/install/nero_msgs/include/nero_msgs/nero_msgs/msg/rosidl_typesupport_introspection_c__visibility_control.h
[0.398s] -- Up-to-date: /home/dx/ws_/PikaAnyArm/install/nero_msgs/include/nero_msgs/nero_msgs/msg/detail
[0.398s] -- Up-to-date: /home/dx/ws_/PikaAnyArm/install/nero_msgs/include/nero_msgs/nero_msgs/msg/detail/nero_status_msg__type_support.c
[0.398s] -- Up-to-date: /home/dx/ws_/PikaAnyArm/install/nero_msgs/include/nero_msgs/nero_msgs/msg/detail/pos_cmd__type_support.c
[0.398s] -- Up-to-date: /home/dx/ws_/PikaAnyArm/install/nero_msgs/include/nero_msgs/nero_msgs/msg/detail/nero_status_msg__rosidl_typesupport_introspection_c.h
[0.398s] -- Up-to-date: /home/dx/ws_/PikaAnyArm/install/nero_msgs/include/nero_msgs/nero_msgs/msg/detail/pos_cmd__rosidl_typesupport_introspection_c.h
[0.398s] -- Up-to-date: /home/dx/ws_/PikaAnyArm/install/nero_msgs/include/nero_msgs/nero_msgs/srv
[0.398s] -- Up-to-date: /home/dx/ws_/PikaAnyArm/install/nero_msgs/include/nero_msgs/nero_msgs/srv/detail
[0.398s] -- Up-to-date: /home/dx/ws_/PikaAnyArm/install/nero_msgs/include/nero_msgs/nero_msgs/srv/detail/enable__type_support.c
[0.398s] -- Up-to-date: /home/dx/ws_/PikaAnyArm/install/nero_msgs/include/nero_msgs/nero_msgs/srv/detail/enable__rosidl_typesupport_introspection_c.h
[0.398s] -- Up-to-date: /home/dx/ws_/PikaAnyArm/install/nero_msgs/lib/libnero_msgs__rosidl_typesupport_introspection_c.so
[0.398s] -- Up-to-date: /home/dx/ws_/PikaAnyArm/install/nero_msgs/lib/libnero_msgs__rosidl_typesupport_c.so
[0.398s] -- Up-to-date: /home/dx/ws_/PikaAnyArm/install/nero_msgs/include/nero_msgs/nero_msgs
[0.398s] -- Up-to-date: /home/dx/ws_/PikaAnyArm/install/nero_msgs/include/nero_msgs/nero_msgs/msg
[0.399s] -- Up-to-date: /home/dx/ws_/PikaAnyArm/install/nero_msgs/include/nero_msgs/nero_msgs/msg/pos_cmd.hpp
[0.399s] -- Up-to-date: /home/dx/ws_/PikaAnyArm/install/nero_msgs/include/nero_msgs/nero_msgs/msg/rosidl_generator_cpp__visibility_control.hpp
[0.399s] -- Up-to-date: /home/dx/ws_/PikaAnyArm/install/nero_msgs/include/nero_msgs/nero_msgs/msg/detail
[0.399s] -- Up-to-date: /home/dx/ws_/PikaAnyArm/install/nero_msgs/include/nero_msgs/nero_msgs/msg/detail/pos_cmd__struct.hpp
[0.399s] -- Up-to-date: /home/dx/ws_/PikaAnyArm/install/nero_msgs/include/nero_msgs/nero_msgs/msg/detail/nero_status_msg__builder.hpp
[0.399s] -- Up-to-date: /home/dx/ws_/PikaAnyArm/install/nero_msgs/include/nero_msgs/nero_msgs/msg/detail/pos_cmd__type_support.hpp
[0.399s] -- Up-to-date: /home/dx/ws_/PikaAnyArm/install/nero_msgs/include/nero_msgs/nero_msgs/msg/detail/nero_status_msg__type_support.hpp
[0.399s] -- Up-to-date: /home/dx/ws_/PikaAnyArm/install/nero_msgs/include/nero_msgs/nero_msgs/msg/detail/nero_status_msg__struct.hpp
[0.399s] -- Up-to-date: /home/dx/ws_/PikaAnyArm/install/nero_msgs/include/nero_msgs/nero_msgs/msg/detail/pos_cmd__builder.hpp
[0.399s] -- Up-to-date: /home/dx/ws_/PikaAnyArm/install/nero_msgs/include/nero_msgs/nero_msgs/msg/detail/nero_status_msg__traits.hpp
[0.399s] -- Up-to-date: /home/dx/ws_/PikaAnyArm/install/nero_msgs/include/nero_msgs/nero_msgs/msg/detail/pos_cmd__traits.hpp
[0.399s] -- Up-to-date: /home/dx/ws_/PikaAnyArm/install/nero_msgs/include/nero_msgs/nero_msgs/msg/nero_status_msg.hpp
[0.399s] -- Up-to-date: /home/dx/ws_/PikaAnyArm/install/nero_msgs/include/nero_msgs/nero_msgs/srv
[0.399s] -- Up-to-date: /home/dx/ws_/PikaAnyArm/install/nero_msgs/include/nero_msgs/nero_msgs/srv/enable.hpp
[0.399s] -- Up-to-date: /home/dx/ws_/PikaAnyArm/install/nero_msgs/include/nero_msgs/nero_msgs/srv/detail
[0.399s] -- Up-to-date: /home/dx/ws_/PikaAnyArm/install/nero_msgs/include/nero_msgs/nero_msgs/srv/detail/enable__struct.hpp
[0.399s] -- Up-to-date: /home/dx/ws_/PikaAnyArm/install/nero_msgs/include/nero_msgs/nero_msgs/srv/detail/enable__type_support.hpp
[0.399s] -- Up-to-date: /home/dx/ws_/PikaAnyArm/install/nero_msgs/include/nero_msgs/nero_msgs/srv/detail/enable__traits.hpp
[0.399s] -- Up-to-date: /home/dx/ws_/PikaAnyArm/install/nero_msgs/include/nero_msgs/nero_msgs/srv/detail/enable__builder.hpp
[0.399s] -- Up-to-date: /home/dx/ws_/PikaAnyArm/install/nero_msgs/include/nero_msgs/nero_msgs
[0.399s] -- Up-to-date: /home/dx/ws_/PikaAnyArm/install/nero_msgs/include/nero_msgs/nero_msgs/msg
[0.399s] -- Up-to-date: /home/dx/ws_/PikaAnyArm/install/nero_msgs/include/nero_msgs/nero_msgs/msg/rosidl_typesupport_fastrtps_cpp__visibility_control.h
[0.399s] -- Up-to-date: /home/dx/ws_/PikaAnyArm/install/nero_msgs/include/nero_msgs/nero_msgs/msg/detail
[0.399s] -- Up-to-date: /home/dx/ws_/PikaAnyArm/install/nero_msgs/include/nero_msgs/nero_msgs/msg/detail/nero_status_msg__rosidl_typesupport_fastrtps_cpp.hpp
[0.399s] -- Up-to-date: /home/dx/ws_/PikaAnyArm/install/nero_msgs/include/nero_msgs/nero_msgs/msg/detail/dds_fastrtps
[0.399s] -- Up-to-date: /home/dx/ws_/PikaAnyArm/install/nero_msgs/include/nero_msgs/nero_msgs/msg/detail/pos_cmd__rosidl_typesupport_fastrtps_cpp.hpp
[0.399s] -- Up-to-date: /home/dx/ws_/PikaAnyArm/install/nero_msgs/include/nero_msgs/nero_msgs/srv
[0.400s] -- Up-to-date: /home/dx/ws_/PikaAnyArm/install/nero_msgs/include/nero_msgs/nero_msgs/srv/detail
[0.400s] -- Up-to-date: /home/dx/ws_/PikaAnyArm/install/nero_msgs/include/nero_msgs/nero_msgs/srv/detail/dds_fastrtps
[0.400s] -- Up-to-date: /home/dx/ws_/PikaAnyArm/install/nero_msgs/include/nero_msgs/nero_msgs/srv/detail/enable__rosidl_typesupport_fastrtps_cpp.hpp
[0.400s] -- Up-to-date: /home/dx/ws_/PikaAnyArm/install/nero_msgs/lib/libnero_msgs__rosidl_typesupport_fastrtps_cpp.so
[0.400s] -- Up-to-date: /home/dx/ws_/PikaAnyArm/install/nero_msgs/include/nero_msgs/nero_msgs
[0.400s] -- Up-to-date: /home/dx/ws_/PikaAnyArm/install/nero_msgs/include/nero_msgs/nero_msgs/msg
[0.400s] -- Up-to-date: /home/dx/ws_/PikaAnyArm/install/nero_msgs/include/nero_msgs/nero_msgs/msg/detail
[0.400s] -- Up-to-date: /home/dx/ws_/PikaAnyArm/install/nero_msgs/include/nero_msgs/nero_msgs/msg/detail/nero_status_msg__type_support.cpp
[0.400s] -- Up-to-date: /home/dx/ws_/PikaAnyArm/install/nero_msgs/include/nero_msgs/nero_msgs/msg/detail/nero_status_msg__rosidl_typesupport_introspection_cpp.hpp
[0.400s] -- Up-to-date: /home/dx/ws_/PikaAnyArm/install/nero_msgs/include/nero_msgs/nero_msgs/msg/detail/pos_cmd__type_support.cpp
[0.400s] -- Up-to-date: /home/dx/ws_/PikaAnyArm/install/nero_msgs/include/nero_msgs/nero_msgs/msg/detail/pos_cmd__rosidl_typesupport_introspection_cpp.hpp
[0.400s] -- Up-to-date: /home/dx/ws_/PikaAnyArm/install/nero_msgs/include/nero_msgs/nero_msgs/srv
[0.400s] -- Up-to-date: /home/dx/ws_/PikaAnyArm/install/nero_msgs/include/nero_msgs/nero_msgs/srv/detail
[0.400s] -- Up-to-date: /home/dx/ws_/PikaAnyArm/install/nero_msgs/include/nero_msgs/nero_msgs/srv/detail/enable__type_support.cpp
[0.400s] -- Up-to-date: /home/dx/ws_/PikaAnyArm/install/nero_msgs/include/nero_msgs/nero_msgs/srv/detail/enable__rosidl_typesupport_introspection_cpp.hpp
[0.400s] -- Up-to-date: /home/dx/ws_/PikaAnyArm/install/nero_msgs/lib/libnero_msgs__rosidl_typesupport_introspection_cpp.so
[0.400s] -- Up-to-date: /home/dx/ws_/PikaAnyArm/install/nero_msgs/lib/libnero_msgs__rosidl_typesupport_cpp.so
[0.400s] -- Up-to-date: /home/dx/ws_/PikaAnyArm/install/nero_msgs/share/nero_msgs/environment/pythonpath.sh
[0.400s] -- Up-to-date: /home/dx/ws_/PikaAnyArm/install/nero_msgs/share/nero_msgs/environment/pythonpath.dsv
[0.400s] -- Up-to-date: /home/dx/ws_/PikaAnyArm/install/nero_msgs/local/lib/python3.10/dist-packages/nero_msgs-1.0.0-py3.10.egg-info
[0.400s] -- Installing: /home/dx/ws_/PikaAnyArm/install/nero_msgs/local/lib/python3.10/dist-packages/nero_msgs-1.0.0-py3.10.egg-info/top_level.txt
[0.400s] -- Installing: /home/dx/ws_/PikaAnyArm/install/nero_msgs/local/lib/python3.10/dist-packages/nero_msgs-1.0.0-py3.10.egg-info/PKG-INFO
[0.400s] -- Installing: /home/dx/ws_/PikaAnyArm/install/nero_msgs/local/lib/python3.10/dist-packages/nero_msgs-1.0.0-py3.10.egg-info/SOURCES.txt
[0.400s] -- Installing: /home/dx/ws_/PikaAnyArm/install/nero_msgs/local/lib/python3.10/dist-packages/nero_msgs-1.0.0-py3.10.egg-info/dependency_links.txt
[0.400s] -- Up-to-date: /home/dx/ws_/PikaAnyArm/install/nero_msgs/local/lib/python3.10/dist-packages/nero_msgs
[0.400s] -- Up-to-date: /home/dx/ws_/PikaAnyArm/install/nero_msgs/local/lib/python3.10/dist-packages/nero_msgs/msg
[0.400s] -- Up-to-date: /home/dx/ws_/PikaAnyArm/install/nero_msgs/local/lib/python3.10/dist-packages/nero_msgs/msg/_nero_status_msg_s.c
[0.400s] -- Up-to-date: /home/dx/ws_/PikaAnyArm/install/nero_msgs/local/lib/python3.10/dist-packages/nero_msgs/msg/__init__.py
[0.400s] -- Up-to-date: /home/dx/ws_/PikaAnyArm/install/nero_msgs/local/lib/python3.10/dist-packages/nero_msgs/msg/_nero_status_msg.py
[0.400s] -- Up-to-date: /home/dx/ws_/PikaAnyArm/install/nero_msgs/local/lib/python3.10/dist-packages/nero_msgs/msg/_pos_cmd.py
[0.400s] -- Up-to-date: /home/dx/ws_/PikaAnyArm/install/nero_msgs/local/lib/python3.10/dist-packages/nero_msgs/msg/_pos_cmd_s.c
[0.400s] -- Up-to-date: /home/dx/ws_/PikaAnyArm/install/nero_msgs/local/lib/python3.10/dist-packages/nero_msgs/_nero_msgs_s.ep.rosidl_typesupport_c.c
[0.400s] -- Up-to-date: /home/dx/ws_/PikaAnyArm/install/nero_msgs/local/lib/python3.10/dist-packages/nero_msgs/srv
[0.400s] -- Up-to-date: /home/dx/ws_/PikaAnyArm/install/nero_msgs/local/lib/python3.10/dist-packages/nero_msgs/srv/__init__.py
[0.401s] -- Up-to-date: /home/dx/ws_/PikaAnyArm/install/nero_msgs/local/lib/python3.10/dist-packages/nero_msgs/srv/_enable_s.c
[0.401s] -- Up-to-date: /home/dx/ws_/PikaAnyArm/install/nero_msgs/local/lib/python3.10/dist-packages/nero_msgs/srv/_enable.py
[0.401s] -- Up-to-date: /home/dx/ws_/PikaAnyArm/install/nero_msgs/local/lib/python3.10/dist-packages/nero_msgs/__init__.py
[0.401s] -- Up-to-date: /home/dx/ws_/PikaAnyArm/install/nero_msgs/local/lib/python3.10/dist-packages/nero_msgs/libnero_msgs__rosidl_generator_py.so
[0.401s] -- Up-to-date: /home/dx/ws_/PikaAnyArm/install/nero_msgs/local/lib/python3.10/dist-packages/nero_msgs/nero_msgs_s__rosidl_typesupport_fastrtps_c.cpython-310-x86_64-linux-gnu.so
[0.401s] -- Up-to-date: /home/dx/ws_/PikaAnyArm/install/nero_msgs/local/lib/python3.10/dist-packages/nero_msgs/nero_msgs_s__rosidl_typesupport_introspection_c.cpython-310-x86_64-linux-gnu.so
[0.401s] -- Up-to-date: /home/dx/ws_/PikaAnyArm/install/nero_msgs/local/lib/python3.10/dist-packages/nero_msgs/_nero_msgs_s.ep.rosidl_typesupport_introspection_c.c
[0.401s] -- Up-to-date: /home/dx/ws_/PikaAnyArm/install/nero_msgs/local/lib/python3.10/dist-packages/nero_msgs/nero_msgs_s__rosidl_typesupport_c.cpython-310-x86_64-linux-gnu.so
[0.401s] -- Up-to-date: /home/dx/ws_/PikaAnyArm/install/nero_msgs/local/lib/python3.10/dist-packages/nero_msgs/_nero_msgs_s.ep.rosidl_typesupport_fastrtps_c.c
[0.422s] Listing '/home/dx/ws_/PikaAnyArm/install/nero_msgs/local/lib/python3.10/dist-packages/nero_msgs'...
[0.422s] Listing '/home/dx/ws_/PikaAnyArm/install/nero_msgs/local/lib/python3.10/dist-packages/nero_msgs/msg'...
[0.422s] Listing '/home/dx/ws_/PikaAnyArm/install/nero_msgs/local/lib/python3.10/dist-packages/nero_msgs/srv'...
[0.425s] -- Up-to-date: /home/dx/ws_/PikaAnyArm/install/nero_msgs/local/lib/python3.10/dist-packages/nero_msgs/nero_msgs_s__rosidl_typesupport_fastrtps_c.cpython-310-x86_64-linux-gnu.so
[0.425s] -- Up-to-date: /home/dx/ws_/PikaAnyArm/install/nero_msgs/local/lib/python3.10/dist-packages/nero_msgs/nero_msgs_s__rosidl_typesupport_introspection_c.cpython-310-x86_64-linux-gnu.so
[0.425s] -- Up-to-date: /home/dx/ws_/PikaAnyArm/install/nero_msgs/local/lib/python3.10/dist-packages/nero_msgs/nero_msgs_s__rosidl_typesupport_c.cpython-310-x86_64-linux-gnu.so
[0.425s] -- Up-to-date: /home/dx/ws_/PikaAnyArm/install/nero_msgs/lib/libnero_msgs__rosidl_generator_py.so
[0.426s] -- Up-to-date: /home/dx/ws_/PikaAnyArm/install/nero_msgs/share/ament_index/resource_index/rust_packages/nero_msgs
[0.426s] -- Up-to-date: /home/dx/ws_/PikaAnyArm/install/nero_msgs/share/nero_msgs/rust
[0.426s] -- Up-to-date: /home/dx/ws_/PikaAnyArm/install/nero_msgs/share/nero_msgs/rust/build.rs
[0.426s] -- Up-to-date: /home/dx/ws_/PikaAnyArm/install/nero_msgs/share/nero_msgs/rust/src
[0.426s] -- Up-to-date: /home/dx/ws_/PikaAnyArm/install/nero_msgs/share/nero_msgs/rust/src/msg
[0.426s] -- Up-to-date: /home/dx/ws_/PikaAnyArm/install/nero_msgs/share/nero_msgs/rust/src/msg/rmw.rs
[0.426s] -- Up-to-date: /home/dx/ws_/PikaAnyArm/install/nero_msgs/share/nero_msgs/rust/src/srv
[0.426s] -- Up-to-date: /home/dx/ws_/PikaAnyArm/install/nero_msgs/share/nero_msgs/rust/src/srv/rmw.rs
[0.427s] -- Up-to-date: /home/dx/ws_/PikaAnyArm/install/nero_msgs/share/nero_msgs/rust/src/lib.rs
[0.427s] -- Up-to-date: /home/dx/ws_/PikaAnyArm/install/nero_msgs/share/nero_msgs/rust/src/msg.rs
[0.427s] -- Up-to-date: /home/dx/ws_/PikaAnyArm/install/nero_msgs/share/nero_msgs/rust/src/srv.rs
[0.427s] -- Up-to-date: /home/dx/ws_/PikaAnyArm/install/nero_msgs/share/nero_msgs/rust/Cargo.toml
[0.427s] -- Up-to-date: /home/dx/ws_/PikaAnyArm/install/nero_msgs/share/nero_msgs/msg/NeroStatusMsg.idl
[0.427s] -- Up-to-date: /home/dx/ws_/PikaAnyArm/install/nero_msgs/share/nero_msgs/msg/PosCmd.idl
[0.427s] -- Up-to-date: /home/dx/ws_/PikaAnyArm/install/nero_msgs/share/nero_msgs/srv/Enable.idl
[0.427s] -- Up-to-date: /home/dx/ws_/PikaAnyArm/install/nero_msgs/share/nero_msgs/msg/NeroStatusMsg.msg
[0.427s] -- Up-to-date: /home/dx/ws_/PikaAnyArm/install/nero_msgs/share/nero_msgs/msg/PosCmd.msg
[0.427s] -- Up-to-date: /home/dx/ws_/PikaAnyArm/install/nero_msgs/share/nero_msgs/srv/Enable.srv
[0.427s] -- Up-to-date: /home/dx/ws_/PikaAnyArm/install/nero_msgs/share/nero_msgs/srv/Enable_Request.msg
[0.427s] -- Up-to-date: /home/dx/ws_/PikaAnyArm/install/nero_msgs/share/nero_msgs/srv/Enable_Response.msg
[0.428s] -- Up-to-date: /home/dx/ws_/PikaAnyArm/install/nero_msgs/share/ament_index/resource_index/package_run_dependencies/nero_msgs
[0.428s] -- Up-to-date: /home/dx/ws_/PikaAnyArm/install/nero_msgs/share/ament_index/resource_index/parent_prefix_path/nero_msgs
[0.428s] -- Up-to-date: /home/dx/ws_/PikaAnyArm/install/nero_msgs/share/nero_msgs/environment/ament_prefix_path.sh
[0.428s] -- Up-to-date: /home/dx/ws_/PikaAnyArm/install/nero_msgs/share/nero_msgs/environment/ament_prefix_path.dsv
[0.428s] -- Up-to-date: /home/dx/ws_/PikaAnyArm/install/nero_msgs/share/nero_msgs/environment/path.sh
[0.428s] -- Up-to-date: /home/dx/ws_/PikaAnyArm/install/nero_msgs/share/nero_msgs/environment/path.dsv
[0.428s] -- Up-to-date: /home/dx/ws_/PikaAnyArm/install/nero_msgs/share/nero_msgs/local_setup.bash
[0.428s] -- Up-to-date: /home/dx/ws_/PikaAnyArm/install/nero_msgs/share/nero_msgs/local_setup.sh
[0.429s] -- Up-to-date: /home/dx/ws_/PikaAnyArm/install/nero_msgs/share/nero_msgs/local_setup.zsh
[0.429s] -- Up-to-date: /home/dx/ws_/PikaAnyArm/install/nero_msgs/share/nero_msgs/local_setup.dsv
[0.429s] -- Installing: /home/dx/ws_/PikaAnyArm/install/nero_msgs/share/nero_msgs/package.dsv
[0.429s] -- Up-to-date: /home/dx/ws_/PikaAnyArm/install/nero_msgs/share/ament_index/resource_index/packages/nero_msgs
[0.429s] -- Up-to-date: /home/dx/ws_/PikaAnyArm/install/nero_msgs/share/nero_msgs/cmake/export_nero_msgs__rosidl_generator_cExport.cmake
[0.429s] -- Up-to-date: /home/dx/ws_/PikaAnyArm/install/nero_msgs/share/nero_msgs/cmake/export_nero_msgs__rosidl_generator_cExport-noconfig.cmake
[0.429s] -- Up-to-date: /home/dx/ws_/PikaAnyArm/install/nero_msgs/share/nero_msgs/cmake/export_nero_msgs__rosidl_typesupport_fastrtps_cExport.cmake
[0.429s] -- Up-to-date: /home/dx/ws_/PikaAnyArm/install/nero_msgs/share/nero_msgs/cmake/export_nero_msgs__rosidl_typesupport_fastrtps_cExport-noconfig.cmake
[0.429s] -- Up-to-date: /home/dx/ws_/PikaAnyArm/install/nero_msgs/share/nero_msgs/cmake/nero_msgs__rosidl_typesupport_introspection_cExport.cmake
[0.429s] -- Up-to-date: /home/dx/ws_/PikaAnyArm/install/nero_msgs/share/nero_msgs/cmake/nero_msgs__rosidl_typesupport_introspection_cExport-noconfig.cmake
[0.429s] -- Up-to-date: /home/dx/ws_/PikaAnyArm/install/nero_msgs/share/nero_msgs/cmake/nero_msgs__rosidl_typesupport_cExport.cmake
[0.429s] -- Up-to-date: /home/dx/ws_/PikaAnyArm/install/nero_msgs/share/nero_msgs/cmake/nero_msgs__rosidl_typesupport_cExport-noconfig.cmake
[0.429s] -- Up-to-date: /home/dx/ws_/PikaAnyArm/install/nero_msgs/share/nero_msgs/cmake/export_nero_msgs__rosidl_generator_cppExport.cmake
[0.429s] -- Up-to-date: /home/dx/ws_/PikaAnyArm/install/nero_msgs/share/nero_msgs/cmake/export_nero_msgs__rosidl_typesupport_fastrtps_cppExport.cmake
[0.429s] -- Up-to-date: /home/dx/ws_/PikaAnyArm/install/nero_msgs/share/nero_msgs/cmake/export_nero_msgs__rosidl_typesupport_fastrtps_cppExport-noconfig.cmake
[0.429s] -- Up-to-date: /home/dx/ws_/PikaAnyArm/install/nero_msgs/share/nero_msgs/cmake/nero_msgs__rosidl_typesupport_introspection_cppExport.cmake
[0.429s] -- Up-to-date: /home/dx/ws_/PikaAnyArm/install/nero_msgs/share/nero_msgs/cmake/nero_msgs__rosidl_typesupport_introspection_cppExport-noconfig.cmake
[0.429s] -- Up-to-date: /home/dx/ws_/PikaAnyArm/install/nero_msgs/share/nero_msgs/cmake/nero_msgs__rosidl_typesupport_cppExport.cmake
[0.429s] -- Up-to-date: /home/dx/ws_/PikaAnyArm/install/nero_msgs/share/nero_msgs/cmake/nero_msgs__rosidl_typesupport_cppExport-noconfig.cmake
[0.429s] -- Up-to-date: /home/dx/ws_/PikaAnyArm/install/nero_msgs/share/nero_msgs/cmake/export_nero_msgs__rosidl_generator_pyExport.cmake
[0.429s] -- Up-to-date: /home/dx/ws_/PikaAnyArm/install/nero_msgs/share/nero_msgs/cmake/export_nero_msgs__rosidl_generator_pyExport-noconfig.cmake
[0.429s] -- Up-to-date: /home/dx/ws_/PikaAnyArm/install/nero_msgs/share/nero_msgs/cmake/rosidl_cmake-extras.cmake
[0.429s] -- Up-to-date: /home/dx/ws_/PikaAnyArm/install/nero_msgs/share/nero_msgs/cmake/ament_cmake_export_include_directories-extras.cmake
[0.429s] -- Up-to-date: /home/dx/ws_/PikaAnyArm/install/nero_msgs/share/nero_msgs/cmake/ament_cmake_export_libraries-extras.cmake
[0.429s] -- Up-to-date: /home/dx/ws_/PikaAnyArm/install/nero_msgs/share/nero_msgs/cmake/ament_cmake_export_targets-extras.cmake
[0.429s] -- Up-to-date: /home/dx/ws_/PikaAnyArm/install/nero_msgs/share/nero_msgs/cmake/rosidl_cmake_export_typesupport_targets-extras.cmake
[0.429s] -- Up-to-date: /home/dx/ws_/PikaAnyArm/install/nero_msgs/share/nero_msgs/cmake/ament_cmake_export_dependencies-extras.cmake
[0.429s] -- Up-to-date: /home/dx/ws_/PikaAnyArm/install/nero_msgs/share/nero_msgs/cmake/rosidl_cmake_export_typesupport_libraries-extras.cmake
[0.429s] -- Up-to-date: /home/dx/ws_/PikaAnyArm/install/nero_msgs/share/nero_msgs/cmake/nero_msgsConfig.cmake
[0.429s] -- Up-to-date: /home/dx/ws_/PikaAnyArm/install/nero_msgs/share/nero_msgs/cmake/nero_msgsConfig-version.cmake
[0.430s] -- Up-to-date: /home/dx/ws_/PikaAnyArm/install/nero_msgs/share/nero_msgs/package.xml
[0.430s] Invoked command in '/home/dx/ws_/PikaAnyArm/build/nero_msgs' returned '0': CMAKE_PREFIX_PATH=/opt/ros/humble /usr/bin/cmake --install /home/dx/ws_/PikaAnyArm/build/nero_msgs
