[0.062s] DEBUG:colcon:Command line arguments: ['/usr/bin/colcon', 'build', '--packages-select', 'pika_remote_nero']
[0.062s] DEBUG:colcon:Parsed command line arguments: Namespace(log_base=None, log_level=None, verb_name='build', build_base='build', install_base='install', merge_install=False, symlink_install=False, test_result_base=None, continue_on_error=False, executor='parallel', parallel_workers=24, event_handlers=None, ignore_user_meta=False, metas=['./colcon.meta'], base_paths=['.'], packages_ignore=None, packages_ignore_regex=None, paths=None, packages_up_to=None, packages_up_to_regex=None, packages_above=None, packages_above_and_dependencies=None, packages_above_depth=None, packages_select_by_dep=None, packages_skip_by_dep=None, packages_skip_up_to=None, packages_select_build_failed=False, packages_skip_build_finished=False, packages_select_test_failures=False, packages_skip_test_passed=False, packages_select=['pika_remote_nero'], packages_skip=None, packages_select_regex=None, packages_skip_regex=None, packages_start=None, packages_end=None, allow_overriding=[], cmake_args=None, cmake_target=None, cmake_target_skip_unavailable=False, cmake_clean_cache=False, cmake_clean_first=False, cmake_force_configure=False, ament_cmake_args=None, catkin_cmake_args=None, catkin_skip_building_tests=False, verb_parser=<colcon_defaults.argument_parser.defaults.DefaultArgumentsDecorator object at 0x79e03ff6c280>, verb_extension=<colcon_core.verb.build.BuildVerb object at 0x79e03ff33cd0>, main=<bound method BuildVerb.main of <colcon_core.verb.build.BuildVerb object at 0x79e03ff33cd0>>)
[0.153s] Level 1:colcon.colcon_core.package_discovery:discover_packages(colcon_meta) check parameters
[0.153s] Level 1:colcon.colcon_core.package_discovery:discover_packages(recursive) check parameters
[0.153s] Level 1:colcon.colcon_core.package_discovery:discover_packages(ignore) check parameters
[0.153s] Level 1:colcon.colcon_core.package_discovery:discover_packages(path) check parameters
[0.153s] Level 1:colcon.colcon_core.package_discovery:discover_packages(colcon_meta) discover
[0.153s] Level 1:colcon.colcon_core.package_discovery:discover_packages(recursive) discover
[0.153s] INFO:colcon.colcon_core.package_discovery:Crawling recursively for packages in '/home/dx/ws_/PikaAnyArm'
[0.154s] Level 1:colcon.colcon_core.package_identification:_identify(.) by extensions ['ignore', 'ignore_ament_install']
[0.154s] Level 1:colcon.colcon_core.package_identification:_identify(.) by extension 'ignore'
[0.154s] Level 1:colcon.colcon_core.package_identification:_identify(.) by extension 'ignore_ament_install'
[0.154s] Level 1:colcon.colcon_core.package_identification:_identify(.) by extensions ['colcon_pkg']
[0.154s] Level 1:colcon.colcon_core.package_identification:_identify(.) by extension 'colcon_pkg'
[0.154s] Level 1:colcon.colcon_core.package_identification:_identify(.) by extensions ['colcon_meta']
[0.154s] Level 1:colcon.colcon_core.package_identification:_identify(.) by extension 'colcon_meta'
[0.154s] Level 1:colcon.colcon_core.package_identification:_identify(.) by extensions ['ros']
[0.154s] Level 1:colcon.colcon_core.package_identification:_identify(.) by extension 'ros'
[0.161s] Level 1:colcon.colcon_core.package_identification:_identify(.) by extensions ['cmake', 'python']
[0.161s] Level 1:colcon.colcon_core.package_identification:_identify(.) by extension 'cmake'
[0.161s] Level 1:colcon.colcon_core.package_identification:_identify(.) by extension 'python'
[0.161s] Level 1:colcon.colcon_core.package_identification:_identify(.) by extensions ['python_setup_py']
[0.161s] Level 1:colcon.colcon_core.package_identification:_identify(.) by extension 'python_setup_py'
[0.161s] Level 1:colcon.colcon_core.package_identification:_identify(build) by extensions ['ignore', 'ignore_ament_install']
[0.161s] Level 1:colcon.colcon_core.package_identification:_identify(build) by extension 'ignore'
[0.161s] Level 1:colcon.colcon_core.package_identification:_identify(build) ignored
[0.161s] Level 1:colcon.colcon_core.package_identification:_identify(docs_img) by extensions ['ignore', 'ignore_ament_install']
[0.161s] Level 1:colcon.colcon_core.package_identification:_identify(docs_img) by extension 'ignore'
[0.161s] Level 1:colcon.colcon_core.package_identification:_identify(docs_img) by extension 'ignore_ament_install'
[0.161s] Level 1:colcon.colcon_core.package_identification:_identify(docs_img) by extensions ['colcon_pkg']
[0.161s] Level 1:colcon.colcon_core.package_identification:_identify(docs_img) by extension 'colcon_pkg'
[0.161s] Level 1:colcon.colcon_core.package_identification:_identify(docs_img) by extensions ['colcon_meta']
[0.161s] Level 1:colcon.colcon_core.package_identification:_identify(docs_img) by extension 'colcon_meta'
[0.161s] Level 1:colcon.colcon_core.package_identification:_identify(docs_img) by extensions ['ros']
[0.161s] Level 1:colcon.colcon_core.package_identification:_identify(docs_img) by extension 'ros'
[0.162s] Level 1:colcon.colcon_core.package_identification:_identify(docs_img) by extensions ['cmake', 'python']
[0.162s] Level 1:colcon.colcon_core.package_identification:_identify(docs_img) by extension 'cmake'
[0.162s] Level 1:colcon.colcon_core.package_identification:_identify(docs_img) by extension 'python'
[0.162s] Level 1:colcon.colcon_core.package_identification:_identify(docs_img) by extensions ['python_setup_py']
[0.162s] Level 1:colcon.colcon_core.package_identification:_identify(docs_img) by extension 'python_setup_py'
[0.162s] Level 1:colcon.colcon_core.package_identification:_identify(install) by extensions ['ignore', 'ignore_ament_install']
[0.162s] Level 1:colcon.colcon_core.package_identification:_identify(install) by extension 'ignore'
[0.162s] Level 1:colcon.colcon_core.package_identification:_identify(install) ignored
[0.162s] Level 1:colcon.colcon_core.package_identification:_identify(log) by extensions ['ignore', 'ignore_ament_install']
[0.162s] Level 1:colcon.colcon_core.package_identification:_identify(log) by extension 'ignore'
[0.162s] Level 1:colcon.colcon_core.package_identification:_identify(log) ignored
[0.162s] Level 1:colcon.colcon_core.package_identification:_identify(nero) by extensions ['ignore', 'ignore_ament_install']
[0.162s] Level 1:colcon.colcon_core.package_identification:_identify(nero) by extension 'ignore'
[0.162s] Level 1:colcon.colcon_core.package_identification:_identify(nero) by extension 'ignore_ament_install'
[0.162s] Level 1:colcon.colcon_core.package_identification:_identify(nero) by extensions ['colcon_pkg']
[0.162s] Level 1:colcon.colcon_core.package_identification:_identify(nero) by extension 'colcon_pkg'
[0.162s] Level 1:colcon.colcon_core.package_identification:_identify(nero) by extensions ['colcon_meta']
[0.162s] Level 1:colcon.colcon_core.package_identification:_identify(nero) by extension 'colcon_meta'
[0.162s] Level 1:colcon.colcon_core.package_identification:_identify(nero) by extensions ['ros']
[0.162s] Level 1:colcon.colcon_core.package_identification:_identify(nero) by extension 'ros'
[0.162s] Level 1:colcon.colcon_core.package_identification:_identify(nero) by extensions ['cmake', 'python']
[0.162s] Level 1:colcon.colcon_core.package_identification:_identify(nero) by extension 'cmake'
[0.162s] Level 1:colcon.colcon_core.package_identification:_identify(nero) by extension 'python'
[0.162s] Level 1:colcon.colcon_core.package_identification:_identify(nero) by extensions ['python_setup_py']
[0.162s] Level 1:colcon.colcon_core.package_identification:_identify(nero) by extension 'python_setup_py'
[0.162s] Level 1:colcon.colcon_core.package_identification:_identify(nero/nero_ros) by extensions ['ignore', 'ignore_ament_install']
[0.162s] Level 1:colcon.colcon_core.package_identification:_identify(nero/nero_ros) by extension 'ignore'
[0.162s] Level 1:colcon.colcon_core.package_identification:_identify(nero/nero_ros) by extension 'ignore_ament_install'
[0.162s] Level 1:colcon.colcon_core.package_identification:_identify(nero/nero_ros) by extensions ['colcon_pkg']
[0.162s] Level 1:colcon.colcon_core.package_identification:_identify(nero/nero_ros) by extension 'colcon_pkg'
[0.162s] Level 1:colcon.colcon_core.package_identification:_identify(nero/nero_ros) by extensions ['colcon_meta']
[0.162s] Level 1:colcon.colcon_core.package_identification:_identify(nero/nero_ros) by extension 'colcon_meta'
[0.162s] Level 1:colcon.colcon_core.package_identification:_identify(nero/nero_ros) by extensions ['ros']
[0.162s] Level 1:colcon.colcon_core.package_identification:_identify(nero/nero_ros) by extension 'ros'
[0.162s] Level 1:colcon.colcon_core.package_identification:_identify(nero/nero_ros) by extensions ['cmake', 'python']
[0.162s] Level 1:colcon.colcon_core.package_identification:_identify(nero/nero_ros) by extension 'cmake'
[0.162s] Level 1:colcon.colcon_core.package_identification:_identify(nero/nero_ros) by extension 'python'
[0.163s] Level 1:colcon.colcon_core.package_identification:_identify(nero/nero_ros) by extensions ['python_setup_py']
[0.163s] Level 1:colcon.colcon_core.package_identification:_identify(nero/nero_ros) by extension 'python_setup_py'
[0.163s] Level 1:colcon.colcon_core.package_identification:_identify(nero/nero_ros/src) by extensions ['ignore', 'ignore_ament_install']
[0.163s] Level 1:colcon.colcon_core.package_identification:_identify(nero/nero_ros/src) by extension 'ignore'
[0.163s] Level 1:colcon.colcon_core.package_identification:_identify(nero/nero_ros/src) by extension 'ignore_ament_install'
[0.163s] Level 1:colcon.colcon_core.package_identification:_identify(nero/nero_ros/src) by extensions ['colcon_pkg']
[0.163s] Level 1:colcon.colcon_core.package_identification:_identify(nero/nero_ros/src) by extension 'colcon_pkg'
[0.163s] Level 1:colcon.colcon_core.package_identification:_identify(nero/nero_ros/src) by extensions ['colcon_meta']
[0.163s] Level 1:colcon.colcon_core.package_identification:_identify(nero/nero_ros/src) by extension 'colcon_meta'
[0.163s] Level 1:colcon.colcon_core.package_identification:_identify(nero/nero_ros/src) by extensions ['ros']
[0.163s] Level 1:colcon.colcon_core.package_identification:_identify(nero/nero_ros/src) by extension 'ros'
[0.163s] Level 1:colcon.colcon_core.package_identification:_identify(nero/nero_ros/src) by extensions ['cmake', 'python']
[0.163s] Level 1:colcon.colcon_core.package_identification:_identify(nero/nero_ros/src) by extension 'cmake'
[0.163s] Level 1:colcon.colcon_core.package_identification:_identify(nero/nero_ros/src) by extension 'python'
[0.163s] Level 1:colcon.colcon_core.package_identification:_identify(nero/nero_ros/src) by extensions ['python_setup_py']
[0.163s] Level 1:colcon.colcon_core.package_identification:_identify(nero/nero_ros/src) by extension 'python_setup_py'
[0.163s] Level 1:colcon.colcon_core.package_identification:_identify(nero/nero_ros/src/nero) by extensions ['ignore', 'ignore_ament_install']
[0.163s] Level 1:colcon.colcon_core.package_identification:_identify(nero/nero_ros/src/nero) by extension 'ignore'
[0.163s] Level 1:colcon.colcon_core.package_identification:_identify(nero/nero_ros/src/nero) by extension 'ignore_ament_install'
[0.163s] Level 1:colcon.colcon_core.package_identification:_identify(nero/nero_ros/src/nero) by extensions ['colcon_pkg']
[0.163s] Level 1:colcon.colcon_core.package_identification:_identify(nero/nero_ros/src/nero) by extension 'colcon_pkg'
[0.163s] Level 1:colcon.colcon_core.package_identification:_identify(nero/nero_ros/src/nero) by extensions ['colcon_meta']
[0.163s] Level 1:colcon.colcon_core.package_identification:_identify(nero/nero_ros/src/nero) by extension 'colcon_meta'
[0.163s] Level 1:colcon.colcon_core.package_identification:_identify(nero/nero_ros/src/nero) by extensions ['ros']
[0.163s] Level 1:colcon.colcon_core.package_identification:_identify(nero/nero_ros/src/nero) by extension 'ros'
[0.165s] DEBUG:colcon.colcon_core.package_identification:Package 'nero/nero_ros/src/nero' with type 'ros.ament_python' and name 'nero'
[0.165s] Level 1:colcon.colcon_core.package_identification:_identify(nero/nero_ros/src/nero_description) by extensions ['ignore', 'ignore_ament_install']
[0.165s] Level 1:colcon.colcon_core.package_identification:_identify(nero/nero_ros/src/nero_description) by extension 'ignore'
[0.165s] Level 1:colcon.colcon_core.package_identification:_identify(nero/nero_ros/src/nero_description) by extension 'ignore_ament_install'
[0.165s] Level 1:colcon.colcon_core.package_identification:_identify(nero/nero_ros/src/nero_description) by extensions ['colcon_pkg']
[0.165s] Level 1:colcon.colcon_core.package_identification:_identify(nero/nero_ros/src/nero_description) by extension 'colcon_pkg'
[0.165s] Level 1:colcon.colcon_core.package_identification:_identify(nero/nero_ros/src/nero_description) by extensions ['colcon_meta']
[0.165s] Level 1:colcon.colcon_core.package_identification:_identify(nero/nero_ros/src/nero_description) by extension 'colcon_meta'
[0.165s] Level 1:colcon.colcon_core.package_identification:_identify(nero/nero_ros/src/nero_description) by extensions ['ros']
[0.165s] Level 1:colcon.colcon_core.package_identification:_identify(nero/nero_ros/src/nero_description) by extension 'ros'
[0.165s] DEBUG:colcon.colcon_core.package_identification:Package 'nero/nero_ros/src/nero_description' with type 'ros.ament_cmake' and name 'nero_description'
[0.165s] Level 1:colcon.colcon_core.package_identification:_identify(nero/nero_ros/src/nero_msgs) by extensions ['ignore', 'ignore_ament_install']
[0.165s] Level 1:colcon.colcon_core.package_identification:_identify(nero/nero_ros/src/nero_msgs) by extension 'ignore'
[0.165s] Level 1:colcon.colcon_core.package_identification:_identify(nero/nero_ros/src/nero_msgs) by extension 'ignore_ament_install'
[0.166s] Level 1:colcon.colcon_core.package_identification:_identify(nero/nero_ros/src/nero_msgs) by extensions ['colcon_pkg']
[0.166s] Level 1:colcon.colcon_core.package_identification:_identify(nero/nero_ros/src/nero_msgs) by extension 'colcon_pkg'
[0.166s] Level 1:colcon.colcon_core.package_identification:_identify(nero/nero_ros/src/nero_msgs) by extensions ['colcon_meta']
[0.166s] Level 1:colcon.colcon_core.package_identification:_identify(nero/nero_ros/src/nero_msgs) by extension 'colcon_meta'
[0.166s] Level 1:colcon.colcon_core.package_identification:_identify(nero/nero_ros/src/nero_msgs) by extensions ['ros']
[0.166s] Level 1:colcon.colcon_core.package_identification:_identify(nero/nero_ros/src/nero_msgs) by extension 'ros'
[0.166s] DEBUG:colcon.colcon_core.package_identification:Package 'nero/nero_ros/src/nero_msgs' with type 'ros.ament_cmake' and name 'nero_msgs'
[0.166s] Level 1:colcon.colcon_core.package_identification:_identify(nero/pika_remote_nero) by extensions ['ignore', 'ignore_ament_install']
[0.166s] Level 1:colcon.colcon_core.package_identification:_identify(nero/pika_remote_nero) by extension 'ignore'
[0.166s] Level 1:colcon.colcon_core.package_identification:_identify(nero/pika_remote_nero) by extension 'ignore_ament_install'
[0.166s] Level 1:colcon.colcon_core.package_identification:_identify(nero/pika_remote_nero) by extensions ['colcon_pkg']
[0.166s] Level 1:colcon.colcon_core.package_identification:_identify(nero/pika_remote_nero) by extension 'colcon_pkg'
[0.166s] Level 1:colcon.colcon_core.package_identification:_identify(nero/pika_remote_nero) by extensions ['colcon_meta']
[0.166s] Level 1:colcon.colcon_core.package_identification:_identify(nero/pika_remote_nero) by extension 'colcon_meta'
[0.166s] Level 1:colcon.colcon_core.package_identification:_identify(nero/pika_remote_nero) by extensions ['ros']
[0.166s] Level 1:colcon.colcon_core.package_identification:_identify(nero/pika_remote_nero) by extension 'ros'
[0.167s] DEBUG:colcon.colcon_core.package_identification:Package 'nero/pika_remote_nero' with type 'ros.ament_cmake' and name 'pika_remote_nero'
[0.167s] Level 1:colcon.colcon_core.package_identification:_identify(nero_sdk) by extensions ['ignore', 'ignore_ament_install']
[0.167s] Level 1:colcon.colcon_core.package_identification:_identify(nero_sdk) by extension 'ignore'
[0.167s] Level 1:colcon.colcon_core.package_identification:_identify(nero_sdk) by extension 'ignore_ament_install'
[0.167s] Level 1:colcon.colcon_core.package_identification:_identify(nero_sdk) by extensions ['colcon_pkg']
[0.167s] Level 1:colcon.colcon_core.package_identification:_identify(nero_sdk) by extension 'colcon_pkg'
[0.167s] Level 1:colcon.colcon_core.package_identification:_identify(nero_sdk) by extensions ['colcon_meta']
[0.167s] Level 1:colcon.colcon_core.package_identification:_identify(nero_sdk) by extension 'colcon_meta'
[0.167s] Level 1:colcon.colcon_core.package_identification:_identify(nero_sdk) by extensions ['ros']
[0.167s] Level 1:colcon.colcon_core.package_identification:_identify(nero_sdk) by extension 'ros'
[0.167s] Level 1:colcon.colcon_core.package_identification:_identify(nero_sdk) by extensions ['cmake', 'python']
[0.167s] Level 1:colcon.colcon_core.package_identification:_identify(nero_sdk) by extension 'cmake'
[0.167s] Level 1:colcon.colcon_core.package_identification:_identify(nero_sdk) by extension 'python'
[0.167s] Level 1:colcon.colcon_core.package_identification:_identify(nero_sdk) by extensions ['python_setup_py']
[0.167s] Level 1:colcon.colcon_core.package_identification:_identify(nero_sdk) by extension 'python_setup_py'
[0.308s] DEBUG:colcon.colcon_core.package_identification:Package 'nero_sdk' with type 'python' and name 'nero_sdk'
[0.308s] Level 1:colcon.colcon_core.package_identification:_identify(piper) by extensions ['ignore', 'ignore_ament_install']
[0.308s] Level 1:colcon.colcon_core.package_identification:_identify(piper) by extension 'ignore'
[0.308s] Level 1:colcon.colcon_core.package_identification:_identify(piper) by extension 'ignore_ament_install'
[0.308s] Level 1:colcon.colcon_core.package_identification:_identify(piper) by extensions ['colcon_pkg']
[0.308s] Level 1:colcon.colcon_core.package_identification:_identify(piper) by extension 'colcon_pkg'
[0.308s] Level 1:colcon.colcon_core.package_identification:_identify(piper) by extensions ['colcon_meta']
[0.308s] Level 1:colcon.colcon_core.package_identification:_identify(piper) by extension 'colcon_meta'
[0.308s] Level 1:colcon.colcon_core.package_identification:_identify(piper) by extensions ['ros']
[0.308s] Level 1:colcon.colcon_core.package_identification:_identify(piper) by extension 'ros'
[0.308s] Level 1:colcon.colcon_core.package_identification:_identify(piper) by extensions ['cmake', 'python']
[0.308s] Level 1:colcon.colcon_core.package_identification:_identify(piper) by extension 'cmake'
[0.308s] Level 1:colcon.colcon_core.package_identification:_identify(piper) by extension 'python'
[0.308s] Level 1:colcon.colcon_core.package_identification:_identify(piper) by extensions ['python_setup_py']
[0.308s] Level 1:colcon.colcon_core.package_identification:_identify(piper) by extension 'python_setup_py'
[0.308s] Level 1:colcon.colcon_core.package_identification:_identify(piper/pika_remote_piper) by extensions ['ignore', 'ignore_ament_install']
[0.308s] Level 1:colcon.colcon_core.package_identification:_identify(piper/pika_remote_piper) by extension 'ignore'
[0.309s] Level 1:colcon.colcon_core.package_identification:_identify(piper/pika_remote_piper) by extension 'ignore_ament_install'
[0.309s] Level 1:colcon.colcon_core.package_identification:_identify(piper/pika_remote_piper) by extensions ['colcon_pkg']
[0.309s] Level 1:colcon.colcon_core.package_identification:_identify(piper/pika_remote_piper) by extension 'colcon_pkg'
[0.309s] Level 1:colcon.colcon_core.package_identification:_identify(piper/pika_remote_piper) by extensions ['colcon_meta']
[0.309s] Level 1:colcon.colcon_core.package_identification:_identify(piper/pika_remote_piper) by extension 'colcon_meta'
[0.309s] Level 1:colcon.colcon_core.package_identification:_identify(piper/pika_remote_piper) by extensions ['ros']
[0.309s] Level 1:colcon.colcon_core.package_identification:_identify(piper/pika_remote_piper) by extension 'ros'
[0.309s] DEBUG:colcon.colcon_core.package_identification:Package 'piper/pika_remote_piper' with type 'ros.ament_cmake' and name 'pika_remote_piper'
[0.309s] Level 1:colcon.colcon_core.package_identification:_identify(piper/piper_ros) by extensions ['ignore', 'ignore_ament_install']
[0.309s] Level 1:colcon.colcon_core.package_identification:_identify(piper/piper_ros) by extension 'ignore'
[0.309s] Level 1:colcon.colcon_core.package_identification:_identify(piper/piper_ros) by extension 'ignore_ament_install'
[0.309s] Level 1:colcon.colcon_core.package_identification:_identify(piper/piper_ros) by extensions ['colcon_pkg']
[0.310s] Level 1:colcon.colcon_core.package_identification:_identify(piper/piper_ros) by extension 'colcon_pkg'
[0.310s] Level 1:colcon.colcon_core.package_identification:_identify(piper/piper_ros) by extensions ['colcon_meta']
[0.310s] Level 1:colcon.colcon_core.package_identification:_identify(piper/piper_ros) by extension 'colcon_meta'
[0.310s] Level 1:colcon.colcon_core.package_identification:_identify(piper/piper_ros) by extensions ['ros']
[0.310s] Level 1:colcon.colcon_core.package_identification:_identify(piper/piper_ros) by extension 'ros'
[0.310s] Level 1:colcon.colcon_core.package_identification:_identify(piper/piper_ros) by extensions ['cmake', 'python']
[0.310s] Level 1:colcon.colcon_core.package_identification:_identify(piper/piper_ros) by extension 'cmake'
[0.310s] Level 1:colcon.colcon_core.package_identification:_identify(piper/piper_ros) by extension 'python'
[0.310s] Level 1:colcon.colcon_core.package_identification:_identify(piper/piper_ros) by extensions ['python_setup_py']
[0.310s] Level 1:colcon.colcon_core.package_identification:_identify(piper/piper_ros) by extension 'python_setup_py'
[0.310s] Level 1:colcon.colcon_core.package_identification:_identify(piper/piper_ros/asserts) by extensions ['ignore', 'ignore_ament_install']
[0.310s] Level 1:colcon.colcon_core.package_identification:_identify(piper/piper_ros/asserts) by extension 'ignore'
[0.310s] Level 1:colcon.colcon_core.package_identification:_identify(piper/piper_ros/asserts) by extension 'ignore_ament_install'
[0.310s] Level 1:colcon.colcon_core.package_identification:_identify(piper/piper_ros/asserts) by extensions ['colcon_pkg']
[0.310s] Level 1:colcon.colcon_core.package_identification:_identify(piper/piper_ros/asserts) by extension 'colcon_pkg'
[0.310s] Level 1:colcon.colcon_core.package_identification:_identify(piper/piper_ros/asserts) by extensions ['colcon_meta']
[0.310s] Level 1:colcon.colcon_core.package_identification:_identify(piper/piper_ros/asserts) by extension 'colcon_meta'
[0.310s] Level 1:colcon.colcon_core.package_identification:_identify(piper/piper_ros/asserts) by extensions ['ros']
[0.310s] Level 1:colcon.colcon_core.package_identification:_identify(piper/piper_ros/asserts) by extension 'ros'
[0.310s] Level 1:colcon.colcon_core.package_identification:_identify(piper/piper_ros/asserts) by extensions ['cmake', 'python']
[0.310s] Level 1:colcon.colcon_core.package_identification:_identify(piper/piper_ros/asserts) by extension 'cmake'
[0.310s] Level 1:colcon.colcon_core.package_identification:_identify(piper/piper_ros/asserts) by extension 'python'
[0.310s] Level 1:colcon.colcon_core.package_identification:_identify(piper/piper_ros/asserts) by extensions ['python_setup_py']
[0.310s] Level 1:colcon.colcon_core.package_identification:_identify(piper/piper_ros/asserts) by extension 'python_setup_py'
[0.310s] Level 1:colcon.colcon_core.package_identification:_identify(piper/piper_ros/asserts/pictures) by extensions ['ignore', 'ignore_ament_install']
[0.310s] Level 1:colcon.colcon_core.package_identification:_identify(piper/piper_ros/asserts/pictures) by extension 'ignore'
[0.310s] Level 1:colcon.colcon_core.package_identification:_identify(piper/piper_ros/asserts/pictures) by extension 'ignore_ament_install'
[0.310s] Level 1:colcon.colcon_core.package_identification:_identify(piper/piper_ros/asserts/pictures) by extensions ['colcon_pkg']
[0.310s] Level 1:colcon.colcon_core.package_identification:_identify(piper/piper_ros/asserts/pictures) by extension 'colcon_pkg'
[0.310s] Level 1:colcon.colcon_core.package_identification:_identify(piper/piper_ros/asserts/pictures) by extensions ['colcon_meta']
[0.310s] Level 1:colcon.colcon_core.package_identification:_identify(piper/piper_ros/asserts/pictures) by extension 'colcon_meta'
[0.310s] Level 1:colcon.colcon_core.package_identification:_identify(piper/piper_ros/asserts/pictures) by extensions ['ros']
[0.310s] Level 1:colcon.colcon_core.package_identification:_identify(piper/piper_ros/asserts/pictures) by extension 'ros'
[0.310s] Level 1:colcon.colcon_core.package_identification:_identify(piper/piper_ros/asserts/pictures) by extensions ['cmake', 'python']
[0.310s] Level 1:colcon.colcon_core.package_identification:_identify(piper/piper_ros/asserts/pictures) by extension 'cmake'
[0.310s] Level 1:colcon.colcon_core.package_identification:_identify(piper/piper_ros/asserts/pictures) by extension 'python'
[0.310s] Level 1:colcon.colcon_core.package_identification:_identify(piper/piper_ros/asserts/pictures) by extensions ['python_setup_py']
[0.310s] Level 1:colcon.colcon_core.package_identification:_identify(piper/piper_ros/asserts/pictures) by extension 'python_setup_py'
[0.310s] Level 1:colcon.colcon_core.package_identification:_identify(piper/piper_ros/src) by extensions ['ignore', 'ignore_ament_install']
[0.310s] Level 1:colcon.colcon_core.package_identification:_identify(piper/piper_ros/src) by extension 'ignore'
[0.311s] Level 1:colcon.colcon_core.package_identification:_identify(piper/piper_ros/src) by extension 'ignore_ament_install'
[0.311s] Level 1:colcon.colcon_core.package_identification:_identify(piper/piper_ros/src) by extensions ['colcon_pkg']
[0.311s] Level 1:colcon.colcon_core.package_identification:_identify(piper/piper_ros/src) by extension 'colcon_pkg'
[0.311s] Level 1:colcon.colcon_core.package_identification:_identify(piper/piper_ros/src) by extensions ['colcon_meta']
[0.311s] Level 1:colcon.colcon_core.package_identification:_identify(piper/piper_ros/src) by extension 'colcon_meta'
[0.311s] Level 1:colcon.colcon_core.package_identification:_identify(piper/piper_ros/src) by extensions ['ros']
[0.311s] Level 1:colcon.colcon_core.package_identification:_identify(piper/piper_ros/src) by extension 'ros'
[0.311s] Level 1:colcon.colcon_core.package_identification:_identify(piper/piper_ros/src) by extensions ['cmake', 'python']
[0.311s] Level 1:colcon.colcon_core.package_identification:_identify(piper/piper_ros/src) by extension 'cmake'
[0.311s] Level 1:colcon.colcon_core.package_identification:_identify(piper/piper_ros/src) by extension 'python'
[0.311s] Level 1:colcon.colcon_core.package_identification:_identify(piper/piper_ros/src) by extensions ['python_setup_py']
[0.311s] Level 1:colcon.colcon_core.package_identification:_identify(piper/piper_ros/src) by extension 'python_setup_py'
[0.311s] Level 1:colcon.colcon_core.package_identification:_identify(piper/piper_ros/src/piper) by extensions ['ignore', 'ignore_ament_install']
[0.311s] Level 1:colcon.colcon_core.package_identification:_identify(piper/piper_ros/src/piper) by extension 'ignore'
[0.311s] Level 1:colcon.colcon_core.package_identification:_identify(piper/piper_ros/src/piper) by extension 'ignore_ament_install'
[0.311s] Level 1:colcon.colcon_core.package_identification:_identify(piper/piper_ros/src/piper) by extensions ['colcon_pkg']
[0.311s] Level 1:colcon.colcon_core.package_identification:_identify(piper/piper_ros/src/piper) by extension 'colcon_pkg'
[0.311s] Level 1:colcon.colcon_core.package_identification:_identify(piper/piper_ros/src/piper) by extensions ['colcon_meta']
[0.311s] Level 1:colcon.colcon_core.package_identification:_identify(piper/piper_ros/src/piper) by extension 'colcon_meta'
[0.311s] Level 1:colcon.colcon_core.package_identification:_identify(piper/piper_ros/src/piper) by extensions ['ros']
[0.311s] Level 1:colcon.colcon_core.package_identification:_identify(piper/piper_ros/src/piper) by extension 'ros'
[0.311s] DEBUG:colcon.colcon_core.package_identification:Package 'piper/piper_ros/src/piper' with type 'ros.ament_python' and name 'piper'
[0.312s] Level 1:colcon.colcon_core.package_identification:_identify(piper/piper_ros/src/piper_description) by extensions ['ignore', 'ignore_ament_install']
[0.312s] Level 1:colcon.colcon_core.package_identification:_identify(piper/piper_ros/src/piper_description) by extension 'ignore'
[0.312s] Level 1:colcon.colcon_core.package_identification:_identify(piper/piper_ros/src/piper_description) by extension 'ignore_ament_install'
[0.312s] Level 1:colcon.colcon_core.package_identification:_identify(piper/piper_ros/src/piper_description) by extensions ['colcon_pkg']
[0.312s] Level 1:colcon.colcon_core.package_identification:_identify(piper/piper_ros/src/piper_description) by extension 'colcon_pkg'
[0.312s] Level 1:colcon.colcon_core.package_identification:_identify(piper/piper_ros/src/piper_description) by extensions ['colcon_meta']
[0.312s] Level 1:colcon.colcon_core.package_identification:_identify(piper/piper_ros/src/piper_description) by extension 'colcon_meta'
[0.312s] Level 1:colcon.colcon_core.package_identification:_identify(piper/piper_ros/src/piper_description) by extensions ['ros']
[0.312s] Level 1:colcon.colcon_core.package_identification:_identify(piper/piper_ros/src/piper_description) by extension 'ros'
[0.312s] DEBUG:colcon.colcon_core.package_identification:Package 'piper/piper_ros/src/piper_description' with type 'ros.ament_cmake' and name 'piper_description'
[0.312s] Level 1:colcon.colcon_core.package_identification:_identify(piper/piper_ros/src/piper_msgs) by extensions ['ignore', 'ignore_ament_install']
[0.312s] Level 1:colcon.colcon_core.package_identification:_identify(piper/piper_ros/src/piper_msgs) by extension 'ignore'
[0.312s] Level 1:colcon.colcon_core.package_identification:_identify(piper/piper_ros/src/piper_msgs) by extension 'ignore_ament_install'
[0.312s] Level 1:colcon.colcon_core.package_identification:_identify(piper/piper_ros/src/piper_msgs) by extensions ['colcon_pkg']
[0.312s] Level 1:colcon.colcon_core.package_identification:_identify(piper/piper_ros/src/piper_msgs) by extension 'colcon_pkg'
[0.312s] Level 1:colcon.colcon_core.package_identification:_identify(piper/piper_ros/src/piper_msgs) by extensions ['colcon_meta']
[0.312s] Level 1:colcon.colcon_core.package_identification:_identify(piper/piper_ros/src/piper_msgs) by extension 'colcon_meta'
[0.312s] Level 1:colcon.colcon_core.package_identification:_identify(piper/piper_ros/src/piper_msgs) by extensions ['ros']
[0.312s] Level 1:colcon.colcon_core.package_identification:_identify(piper/piper_ros/src/piper_msgs) by extension 'ros'
[0.313s] DEBUG:colcon.colcon_core.package_identification:Package 'piper/piper_ros/src/piper_msgs' with type 'ros.ament_cmake' and name 'piper_msgs'
[0.313s] Level 1:colcon.colcon_core.package_discovery:discover_packages(recursive) using defaults
[0.313s] Level 1:colcon.colcon_core.package_discovery:discover_packages(ignore) discover
[0.313s] Level 1:colcon.colcon_core.package_discovery:discover_packages(ignore) using defaults
[0.313s] Level 1:colcon.colcon_core.package_discovery:discover_packages(path) discover
[0.313s] Level 1:colcon.colcon_core.package_discovery:discover_packages(path) using defaults
[0.332s] INFO:colcon.colcon_core.package_selection:Skipping not selected package 'nero' in 'nero/nero_ros/src/nero'
[0.332s] INFO:colcon.colcon_core.package_selection:Skipping not selected package 'nero_description' in 'nero/nero_ros/src/nero_description'
[0.332s] INFO:colcon.colcon_core.package_selection:Skipping not selected package 'nero_msgs' in 'nero/nero_ros/src/nero_msgs'
[0.332s] INFO:colcon.colcon_core.package_selection:Skipping not selected package 'nero_sdk' in 'nero_sdk'
[0.332s] INFO:colcon.colcon_core.package_selection:Skipping not selected package 'pika_remote_piper' in 'piper/pika_remote_piper'
[0.332s] INFO:colcon.colcon_core.package_selection:Skipping not selected package 'piper' in 'piper/piper_ros/src/piper'
[0.332s] INFO:colcon.colcon_core.package_selection:Skipping not selected package 'piper_description' in 'piper/piper_ros/src/piper_description'
[0.332s] INFO:colcon.colcon_core.package_selection:Skipping not selected package 'piper_msgs' in 'piper/piper_ros/src/piper_msgs'
[0.332s] Level 1:colcon.colcon_core.package_discovery:discover_packages(prefix_path) check parameters
[0.332s] Level 1:colcon.colcon_core.package_discovery:discover_packages(prefix_path) discover
[0.333s] DEBUG:colcon.colcon_installed_package_information.package_discovery:Found 276 installed packages in /opt/ros/humble
[0.334s] Level 1:colcon.colcon_core.package_discovery:discover_packages(prefix_path) using defaults
[0.355s] Level 5:colcon.colcon_core.verb:set package 'pika_remote_nero' build argument 'cmake_args' from command line to 'None'
[0.355s] Level 5:colcon.colcon_core.verb:set package 'pika_remote_nero' build argument 'cmake_target' from command line to 'None'
[0.355s] Level 5:colcon.colcon_core.verb:set package 'pika_remote_nero' build argument 'cmake_target_skip_unavailable' from command line to 'False'
[0.355s] Level 5:colcon.colcon_core.verb:set package 'pika_remote_nero' build argument 'cmake_clean_cache' from command line to 'False'
[0.355s] Level 5:colcon.colcon_core.verb:set package 'pika_remote_nero' build argument 'cmake_clean_first' from command line to 'False'
[0.355s] Level 5:colcon.colcon_core.verb:set package 'pika_remote_nero' build argument 'cmake_force_configure' from command line to 'False'
[0.355s] Level 5:colcon.colcon_core.verb:set package 'pika_remote_nero' build argument 'ament_cmake_args' from command line to 'None'
[0.355s] Level 5:colcon.colcon_core.verb:set package 'pika_remote_nero' build argument 'catkin_cmake_args' from command line to 'None'
[0.355s] Level 5:colcon.colcon_core.verb:set package 'pika_remote_nero' build argument 'catkin_skip_building_tests' from command line to 'False'
[0.355s] DEBUG:colcon.colcon_core.verb:Building package 'pika_remote_nero' with the following arguments: {'ament_cmake_args': None, 'build_base': '/home/dx/ws_/PikaAnyArm/build/pika_remote_nero', 'catkin_cmake_args': None, 'catkin_skip_building_tests': False, 'cmake_args': None, 'cmake_clean_cache': False, 'cmake_clean_first': False, 'cmake_force_configure': False, 'cmake_target': None, 'cmake_target_skip_unavailable': False, 'install_base': '/home/dx/ws_/PikaAnyArm/install/pika_remote_nero', 'merge_install': False, 'path': '/home/dx/ws_/PikaAnyArm/nero/pika_remote_nero', 'symlink_install': False, 'test_result_base': None}
[0.356s] INFO:colcon.colcon_core.executor:Executing jobs using 'parallel' executor
[0.356s] DEBUG:colcon.colcon_parallel_executor.executor.parallel:run_until_complete
[0.357s] INFO:colcon.colcon_ros.task.ament_cmake.build:Building ROS package in '/home/dx/ws_/PikaAnyArm/nero/pika_remote_nero' with build type 'ament_cmake'
[0.357s] INFO:colcon.colcon_cmake.task.cmake.build:Building CMake package in '/home/dx/ws_/PikaAnyArm/nero/pika_remote_nero'
[0.358s] INFO:colcon.colcon_core.plugin_system:Skipping extension 'colcon_core.shell.bat': Not used on non-Windows systems
[0.358s] INFO:colcon.colcon_core.shell:Skip shell extension 'powershell' for command environment: Not usable outside of PowerShell
[0.358s] DEBUG:colcon.colcon_core.shell:Skip shell extension 'dsv' for command environment
[0.365s] DEBUG:colcon.colcon_core.event_handler.log_command:Invoking command in '/home/dx/ws_/PikaAnyArm/build/pika_remote_nero': AMENT_PREFIX_PATH=/home/dx/ws_/PikaAnyArm/install/nero_description:${AMENT_PREFIX_PATH} CMAKE_PREFIX_PATH=/home/dx/ws_/PikaAnyArm/install/nero_description:/opt/ros/humble /usr/bin/cmake --build /home/dx/ws_/PikaAnyArm/build/pika_remote_nero -- -j24 -l24
[0.400s] DEBUG:colcon.colcon_core.event_handler.log_command:Invoked command in '/home/dx/ws_/PikaAnyArm/build/pika_remote_nero' returned '0': AMENT_PREFIX_PATH=/home/dx/ws_/PikaAnyArm/install/nero_description:${AMENT_PREFIX_PATH} CMAKE_PREFIX_PATH=/home/dx/ws_/PikaAnyArm/install/nero_description:/opt/ros/humble /usr/bin/cmake --build /home/dx/ws_/PikaAnyArm/build/pika_remote_nero -- -j24 -l24
[0.414s] DEBUG:colcon.colcon_core.event_handler.log_command:Invoking command in '/home/dx/ws_/PikaAnyArm/build/pika_remote_nero': AMENT_PREFIX_PATH=/home/dx/ws_/PikaAnyArm/install/nero_description:${AMENT_PREFIX_PATH} CMAKE_PREFIX_PATH=/home/dx/ws_/PikaAnyArm/install/nero_description:/opt/ros/humble /usr/bin/cmake --install /home/dx/ws_/PikaAnyArm/build/pika_remote_nero
[0.427s] Level 1:colcon.colcon_core.environment:create_environment_scripts_only(pika_remote_nero)
[0.430s] DEBUG:colcon.colcon_core.event_handler.log_command:Invoked command in '/home/dx/ws_/PikaAnyArm/build/pika_remote_nero' returned '0': AMENT_PREFIX_PATH=/home/dx/ws_/PikaAnyArm/install/nero_description:${AMENT_PREFIX_PATH} CMAKE_PREFIX_PATH=/home/dx/ws_/PikaAnyArm/install/nero_description:/opt/ros/humble /usr/bin/cmake --install /home/dx/ws_/PikaAnyArm/build/pika_remote_nero
[0.432s] Level 1:colcon.colcon_core.environment:checking '/home/dx/ws_/PikaAnyArm/install/pika_remote_nero' for CMake module files
[0.432s] Level 1:colcon.colcon_core.environment:checking '/home/dx/ws_/PikaAnyArm/install/pika_remote_nero' for CMake config files
[0.432s] Level 1:colcon.colcon_core.shell:create_environment_hook('pika_remote_nero', 'cmake_prefix_path')
[0.433s] INFO:colcon.colcon_core.shell:Creating environment hook '/home/dx/ws_/PikaAnyArm/install/pika_remote_nero/share/pika_remote_nero/hook/cmake_prefix_path.ps1'
[0.434s] INFO:colcon.colcon_core.shell:Creating environment descriptor '/home/dx/ws_/PikaAnyArm/install/pika_remote_nero/share/pika_remote_nero/hook/cmake_prefix_path.dsv'
[0.434s] INFO:colcon.colcon_core.shell:Creating environment hook '/home/dx/ws_/PikaAnyArm/install/pika_remote_nero/share/pika_remote_nero/hook/cmake_prefix_path.sh'
[0.435s] Level 1:colcon.colcon_core.environment:checking '/home/dx/ws_/PikaAnyArm/install/pika_remote_nero/lib'
[0.436s] Level 1:colcon.colcon_core.environment:checking '/home/dx/ws_/PikaAnyArm/install/pika_remote_nero/bin'
[0.436s] Level 1:colcon.colcon_core.environment:checking '/home/dx/ws_/PikaAnyArm/install/pika_remote_nero/lib/pkgconfig/pika_remote_nero.pc'
[0.436s] Level 1:colcon.colcon_core.environment:checking '/home/dx/ws_/PikaAnyArm/install/pika_remote_nero/lib/python3.10/site-packages'
[0.437s] Level 1:colcon.colcon_core.environment:checking '/home/dx/ws_/PikaAnyArm/install/pika_remote_nero/bin'
[0.437s] INFO:colcon.colcon_core.shell:Creating package script '/home/dx/ws_/PikaAnyArm/install/pika_remote_nero/share/pika_remote_nero/package.ps1'
[0.439s] INFO:colcon.colcon_core.shell:Creating package descriptor '/home/dx/ws_/PikaAnyArm/install/pika_remote_nero/share/pika_remote_nero/package.dsv'
[0.440s] INFO:colcon.colcon_core.shell:Creating package script '/home/dx/ws_/PikaAnyArm/install/pika_remote_nero/share/pika_remote_nero/package.sh'
[0.441s] INFO:colcon.colcon_core.shell:Creating package script '/home/dx/ws_/PikaAnyArm/install/pika_remote_nero/share/pika_remote_nero/package.bash'
[0.441s] INFO:colcon.colcon_core.shell:Creating package script '/home/dx/ws_/PikaAnyArm/install/pika_remote_nero/share/pika_remote_nero/package.zsh'
[0.442s] Level 1:colcon.colcon_core.environment:create_file_with_runtime_dependencies(/home/dx/ws_/PikaAnyArm/install/pika_remote_nero/share/colcon-core/packages/pika_remote_nero)
[0.443s] Level 1:colcon.colcon_core.environment:create_environment_scripts_only(pika_remote_nero)
[0.443s] Level 1:colcon.colcon_core.environment:checking '/home/dx/ws_/PikaAnyArm/install/pika_remote_nero' for CMake module files
[0.443s] Level 1:colcon.colcon_core.environment:checking '/home/dx/ws_/PikaAnyArm/install/pika_remote_nero' for CMake config files
[0.443s] Level 1:colcon.colcon_core.shell:create_environment_hook('pika_remote_nero', 'cmake_prefix_path')
[0.444s] INFO:colcon.colcon_core.shell:Creating environment hook '/home/dx/ws_/PikaAnyArm/install/pika_remote_nero/share/pika_remote_nero/hook/cmake_prefix_path.ps1'
[0.444s] INFO:colcon.colcon_core.shell:Creating environment descriptor '/home/dx/ws_/PikaAnyArm/install/pika_remote_nero/share/pika_remote_nero/hook/cmake_prefix_path.dsv'
[0.444s] INFO:colcon.colcon_core.shell:Creating environment hook '/home/dx/ws_/PikaAnyArm/install/pika_remote_nero/share/pika_remote_nero/hook/cmake_prefix_path.sh'
[0.445s] Level 1:colcon.colcon_core.environment:checking '/home/dx/ws_/PikaAnyArm/install/pika_remote_nero/lib'
[0.445s] Level 1:colcon.colcon_core.environment:checking '/home/dx/ws_/PikaAnyArm/install/pika_remote_nero/bin'
[0.445s] Level 1:colcon.colcon_core.environment:checking '/home/dx/ws_/PikaAnyArm/install/pika_remote_nero/lib/pkgconfig/pika_remote_nero.pc'
[0.445s] Level 1:colcon.colcon_core.environment:checking '/home/dx/ws_/PikaAnyArm/install/pika_remote_nero/lib/python3.10/site-packages'
[0.445s] Level 1:colcon.colcon_core.environment:checking '/home/dx/ws_/PikaAnyArm/install/pika_remote_nero/bin'
[0.446s] INFO:colcon.colcon_core.shell:Creating package script '/home/dx/ws_/PikaAnyArm/install/pika_remote_nero/share/pika_remote_nero/package.ps1'
[0.446s] INFO:colcon.colcon_core.shell:Creating package descriptor '/home/dx/ws_/PikaAnyArm/install/pika_remote_nero/share/pika_remote_nero/package.dsv'
[0.446s] INFO:colcon.colcon_core.shell:Creating package script '/home/dx/ws_/PikaAnyArm/install/pika_remote_nero/share/pika_remote_nero/package.sh'
[0.447s] INFO:colcon.colcon_core.shell:Creating package script '/home/dx/ws_/PikaAnyArm/install/pika_remote_nero/share/pika_remote_nero/package.bash'
[0.447s] INFO:colcon.colcon_core.shell:Creating package script '/home/dx/ws_/PikaAnyArm/install/pika_remote_nero/share/pika_remote_nero/package.zsh'
[0.447s] Level 1:colcon.colcon_core.environment:create_file_with_runtime_dependencies(/home/dx/ws_/PikaAnyArm/install/pika_remote_nero/share/colcon-core/packages/pika_remote_nero)
[0.447s] DEBUG:colcon.colcon_parallel_executor.executor.parallel:closing loop
[0.447s] DEBUG:colcon.colcon_parallel_executor.executor.parallel:loop closed
[0.447s] DEBUG:colcon.colcon_parallel_executor.executor.parallel:run_until_complete finished with '0'
[0.447s] DEBUG:colcon.colcon_core.event_reactor:joining thread
[0.450s] INFO:colcon.colcon_core.plugin_system:Skipping extension 'colcon_notification.desktop_notification.terminal_notifier': Not used on non-Darwin systems
[0.451s] INFO:colcon.colcon_core.plugin_system:Skipping extension 'colcon_notification.desktop_notification.win32': Not used on non-Windows systems
[0.451s] INFO:colcon.colcon_notification.desktop_notification:Sending desktop notification using 'notify2'
[0.451s] DEBUG:colcon.colcon_notification.desktop_notification.notify2:Failed to initialize notify2: org.freedesktop.DBus.Error.FileNotFound: Failed to connect to socket /run/user/1000/bus: No such file or directory
[0.451s] DEBUG:colcon.colcon_core.event_reactor:joined thread
[0.451s] INFO:colcon.colcon_core.shell:Creating prefix script '/home/dx/ws_/PikaAnyArm/install/local_setup.ps1'
[0.452s] INFO:colcon.colcon_core.shell:Creating prefix util module '/home/dx/ws_/PikaAnyArm/install/_local_setup_util_ps1.py'
[0.452s] INFO:colcon.colcon_core.shell:Creating prefix chain script '/home/dx/ws_/PikaAnyArm/install/setup.ps1'
[0.453s] INFO:colcon.colcon_core.shell:Creating prefix script '/home/dx/ws_/PikaAnyArm/install/local_setup.sh'
[0.453s] INFO:colcon.colcon_core.shell:Creating prefix util module '/home/dx/ws_/PikaAnyArm/install/_local_setup_util_sh.py'
[0.453s] INFO:colcon.colcon_core.shell:Creating prefix chain script '/home/dx/ws_/PikaAnyArm/install/setup.sh'
[0.454s] INFO:colcon.colcon_core.shell:Creating prefix script '/home/dx/ws_/PikaAnyArm/install/local_setup.bash'
[0.454s] INFO:colcon.colcon_core.shell:Creating prefix chain script '/home/dx/ws_/PikaAnyArm/install/setup.bash'
[0.455s] INFO:colcon.colcon_core.shell:Creating prefix script '/home/dx/ws_/PikaAnyArm/install/local_setup.zsh'
[0.455s] INFO:colcon.colcon_core.shell:Creating prefix chain script '/home/dx/ws_/PikaAnyArm/install/setup.zsh'
